[ 2017-12-25T18:03:12+08:00 ] 127.0.0.1 /Home/Login/login.html
ERR: 无法加载控制器:Login

[ 2017-12-25T18:14:00+08:00 ] 127.0.0.1 /Home/User/regist.html
INFO: [ app_begin ] --START--
INFO: Run Behavior\ReadHtmlCacheBehavior [ RunTime:0.001311s ]
INFO: [ app_begin ] --END-- [ RunTime:0.002045s ]
SQL: SELECT * FROM `jx_category`  [ RunTime:0.0002s ]

[ 2017-12-25T18:14:02+08:00 ] 127.0.0.1 /Home/User/regist.html
INFO: [ app_begin ] --START--
INFO: Run Behavior\ReadHtmlCacheBehavior [ RunTime:0.000525s ]
INFO: [ app_begin ] --END-- [ RunTime:0.000828s ]
SQL: SELECT * FROM `jx_category`  [ RunTime:0.0002s ]

[ 2017-12-25T18:14:02+08:00 ] 127.0.0.1 /Home/User/regist.html
INFO: [ app_begin ] --START--
INFO: Run Behavior\ReadHtmlCacheBehavior [ RunTime:0.000535s ]
INFO: [ app_begin ] --END-- [ RunTime:0.000925s ]
SQL: SELECT * FROM `jx_category`  [ RunTime:0.0002s ]

[ 2017-12-25T18:14:02+08:00 ] 127.0.0.1 /Home/User/regist.html
INFO: [ app_begin ] --START--
INFO: Run Behavior\ReadHtmlCacheBehavior [ RunTime:0.000501s ]
INFO: [ app_begin ] --END-- [ RunTime:0.000837s ]
SQL: SELECT * FROM `jx_category`  [ RunTime:0.0002s ]

[ 2017-12-25T18:14:03+08:00 ] 127.0.0.1 /Home/User/regist.html
INFO: [ app_begin ] --START--
INFO: Run Behavior\ReadHtmlCacheBehavior [ RunTime:0.000491s ]
INFO: [ app_begin ] --END-- [ RunTime:0.000774s ]
SQL: SELECT * FROM `jx_category`  [ RunTime:0.0002s ]

[ 2017-12-25T18:14:03+08:00 ] 127.0.0.1 /Home/User/regist.html
INFO: [ app_begin ] --START--
INFO: Run Behavior\ReadHtmlCacheBehavior [ RunTime:0.000491s ]
INFO: [ app_begin ] --END-- [ RunTime:0.000889s ]
SQL: SELECT * FROM `jx_category`  [ RunTime:0.0002s ]

[ 2017-12-25T18:14:03+08:00 ] 127.0.0.1 /Home/User/regist.html
INFO: [ app_begin ] --START--
INFO: Run Behavior\ReadHtmlCacheBehavior [ RunTime:0.000608s ]
INFO: [ app_begin ] --END-- [ RunTime:0.000998s ]
SQL: SELECT * FROM `jx_category`  [ RunTime:0.0002s ]

[ 2017-12-25T18:14:03+08:00 ] 127.0.0.1 /Home/User/regist.html
INFO: [ app_begin ] --START--
INFO: Run Behavior\ReadHtmlCacheBehavior [ RunTime:0.000505s ]
INFO: [ app_begin ] --END-- [ RunTime:0.000846s ]
SQL: SELECT * FROM `jx_category`  [ RunTime:0.0002s ]

[ 2017-12-25T18:14:05+08:00 ] 127.0.0.1 /Home/User/regist.html
INFO: [ app_begin ] --START--
INFO: Run Behavior\ReadHtmlCacheBehavior [ RunTime:0.000453s ]
INFO: [ app_begin ] --END-- [ RunTime:0.000809s ]
SQL: SELECT * FROM `jx_category`  [ RunTime:0.0002s ]

[ 2017-12-25T18:14:05+08:00 ] 127.0.0.1 /Home/User/regist.html
INFO: [ app_begin ] --START--
INFO: Run Behavior\ReadHtmlCacheBehavior [ RunTime:0.000467s ]
INFO: [ app_begin ] --END-- [ RunTime:0.000793s ]
SQL: SELECT * FROM `jx_category`  [ RunTime:0.0002s ]

[ 2017-12-25T18:14:05+08:00 ] 127.0.0.1 /Home/User/regist.html
INFO: [ app_begin ] --START--
INFO: Run Behavior\ReadHtmlCacheBehavior [ RunTime:0.000488s ]
INFO: [ app_begin ] --END-- [ RunTime:0.000771s ]
SQL: SELECT * FROM `jx_category`  [ RunTime:0.0002s ]

[ 2017-12-25T18:14:05+08:00 ] 127.0.0.1 /Home/User/regist.html
INFO: [ app_begin ] --START--
INFO: Run Behavior\ReadHtmlCacheBehavior [ RunTime:0.000528s ]
INFO: [ app_begin ] --END-- [ RunTime:0.000870s ]
SQL: SELECT * FROM `jx_category`  [ RunTime:0.0002s ]

[ 2017-12-25T18:14:06+08:00 ] 127.0.0.1 /Home/User/regist.html
INFO: [ app_begin ] --START--
INFO: Run Behavior\ReadHtmlCacheBehavior [ RunTime:0.000538s ]
INFO: [ app_begin ] --END-- [ RunTime:0.000863s ]
SQL: SELECT * FROM `jx_category`  [ RunTime:0.0002s ]

[ 2017-12-25T18:14:06+08:00 ] 127.0.0.1 /Home/User/regist.html
INFO: [ app_begin ] --START--
INFO: Run Behavior\ReadHtmlCacheBehavior [ RunTime:0.000475s ]
INFO: [ app_begin ] --END-- [ RunTime:0.000814s ]
SQL: SELECT * FROM `jx_category`  [ RunTime:0.0002s ]

[ 2017-12-25T18:14:06+08:00 ] 127.0.0.1 /Home/User/regist.html
INFO: [ app_begin ] --START--
INFO: Run Behavior\ReadHtmlCacheBehavior [ RunTime:0.000789s ]
INFO: [ app_begin ] --END-- [ RunTime:0.001295s ]
SQL: SELECT * FROM `jx_category`  [ RunTime:0.0002s ]

[ 2017-12-25T18:14:07+08:00 ] 127.0.0.1 /Home/User/regist.html
INFO: [ app_begin ] --START--
INFO: Run Behavior\ReadHtmlCacheBehavior [ RunTime:0.000519s ]
INFO: [ app_begin ] --END-- [ RunTime:0.000845s ]
SQL: SELECT * FROM `jx_category`  [ RunTime:0.0002s ]

[ 2017-12-25T18:14:08+08:00 ] 127.0.0.1 /Home/User/regist.html
INFO: [ app_begin ] --START--
INFO: Run Behavior\ReadHtmlCacheBehavior [ RunTime:0.000687s ]
INFO: [ app_begin ] --END-- [ RunTime:0.000988s ]
SQL: SELECT * FROM `jx_category`  [ RunTime:0.0002s ]

[ 2017-12-25T18:14:09+08:00 ] 127.0.0.1 /Home/User/regist.html
INFO: [ app_begin ] --START--
INFO: Run Behavior\ReadHtmlCacheBehavior [ RunTime:0.000564s ]
INFO: [ app_begin ] --END-- [ RunTime:0.000916s ]
SQL: SELECT * FROM `jx_category`  [ RunTime:0.0002s ]

[ 2017-12-25T18:14:09+08:00 ] 127.0.0.1 /Home/User/regist.html
INFO: [ app_begin ] --START--
INFO: Run Behavior\ReadHtmlCacheBehavior [ RunTime:0.000814s ]
INFO: [ app_begin ] --END-- [ RunTime:0.001363s ]
SQL: SELECT * FROM `jx_category`  [ RunTime:0.0002s ]

[ 2017-12-25T18:14:09+08:00 ] 127.0.0.1 /Home/User/regist.html
INFO: [ app_begin ] --START--
INFO: Run Behavior\ReadHtmlCacheBehavior [ RunTime:0.000754s ]
INFO: [ app_begin ] --END-- [ RunTime:0.001200s ]
SQL: SELECT * FROM `jx_category`  [ RunTime:0.0003s ]

[ 2017-12-25T18:14:52+08:00 ] 127.0.0.1 /Home/User/regist.html
INFO: [ app_begin ] --START--
INFO: Run Behavior\ReadHtmlCacheBehavior [ RunTime:0.000807s ]
INFO: [ app_begin ] --END-- [ RunTime:0.001162s ]
SQL: SELECT * FROM `jx_category`  [ RunTime:0.0002s ]

[ 2017-12-25T18:14:52+08:00 ] 127.0.0.1 /Home/User/regist.html
INFO: [ app_begin ] --START--
INFO: Run Behavior\ReadHtmlCacheBehavior [ RunTime:0.000492s ]
INFO: [ app_begin ] --END-- [ RunTime:0.000798s ]
SQL: SELECT * FROM `jx_category`  [ RunTime:0.0002s ]

[ 2017-12-25T18:14:52+08:00 ] 127.0.0.1 /Home/User/regist.html
INFO: [ app_begin ] --START--
INFO: Run Behavior\ReadHtmlCacheBehavior [ RunTime:0.000503s ]
INFO: [ app_begin ] --END-- [ RunTime:0.000810s ]
SQL: SELECT * FROM `jx_category`  [ RunTime:0.0002s ]

[ 2017-12-25T18:14:52+08:00 ] 127.0.0.1 /Home/User/regist.html
INFO: [ app_begin ] --START--
INFO: Run Behavior\ReadHtmlCacheBehavior [ RunTime:0.000564s ]
INFO: [ app_begin ] --END-- [ RunTime:0.000852s ]
SQL: SELECT * FROM `jx_category`  [ RunTime:0.0002s ]

[ 2017-12-25T18:14:53+08:00 ] 127.0.0.1 /Home/User/regist.html
INFO: [ app_begin ] --START--
INFO: Run Behavior\ReadHtmlCacheBehavior [ RunTime:0.000622s ]
INFO: [ app_begin ] --END-- [ RunTime:0.001063s ]
SQL: SELECT * FROM `jx_category`  [ RunTime:0.0002s ]

[ 2017-12-25T18:14:53+08:00 ] 127.0.0.1 /Home/User/regist.html
INFO: [ app_begin ] --START--
INFO: Run Behavior\ReadHtmlCacheBehavior [ RunTime:0.000467s ]
INFO: [ app_begin ] --END-- [ RunTime:0.000876s ]
SQL: SELECT * FROM `jx_category`  [ RunTime:0.0002s ]

[ 2017-12-25T18:14:53+08:00 ] 127.0.0.1 /Home/User/regist.html
INFO: [ app_begin ] --START--
INFO: Run Behavior\ReadHtmlCacheBehavior [ RunTime:0.000606s ]
INFO: [ app_begin ] --END-- [ RunTime:0.000969s ]
SQL: SELECT * FROM `jx_category`  [ RunTime:0.0003s ]

[ 2017-12-25T18:14:53+08:00 ] 127.0.0.1 /Home/User/regist.html
INFO: [ app_begin ] --START--
INFO: Run Behavior\ReadHtmlCacheBehavior [ RunTime:0.000489s ]
INFO: [ app_begin ] --END-- [ RunTime:0.000860s ]
SQL: SELECT * FROM `jx_category`  [ RunTime:0.0002s ]

[ 2017-12-25T18:14:53+08:00 ] 127.0.0.1 /Home/User/regist.html
INFO: [ app_begin ] --START--
INFO: Run Behavior\ReadHtmlCacheBehavior [ RunTime:0.000592s ]
INFO: [ app_begin ] --END-- [ RunTime:0.001041s ]
SQL: SELECT * FROM `jx_category`  [ RunTime:0.0002s ]

[ 2017-12-25T18:14:53+08:00 ] 127.0.0.1 /Home/User/regist.html
INFO: [ app_begin ] --START--
INFO: Run Behavior\ReadHtmlCacheBehavior [ RunTime:0.000617s ]
INFO: [ app_begin ] --END-- [ RunTime:0.001050s ]
SQL: SELECT * FROM `jx_category`  [ RunTime:0.0002s ]

[ 2017-12-25T18:14:54+08:00 ] 127.0.0.1 /Home/User/regist.html
INFO: [ app_begin ] --START--
INFO: Run Behavior\ReadHtmlCacheBehavior [ RunTime:0.000564s ]
INFO: [ app_begin ] --END-- [ RunTime:0.000921s ]
SQL: SELECT * FROM `jx_category`  [ RunTime:0.0002s ]

[ 2017-12-25T18:15:23+08:00 ] 127.0.0.1 /Home/User/regist.html
INFO: [ app_begin ] --START--
INFO: Run Behavior\ReadHtmlCacheBehavior [ RunTime:0.000873s ]
INFO: [ app_begin ] --END-- [ RunTime:0.001365s ]
SQL: SELECT * FROM `jx_category`  [ RunTime:0.0001s ]

[ 2017-12-25T18:15:24+08:00 ] 127.0.0.1 /Home/User/regist.html
INFO: [ app_begin ] --START--
INFO: Run Behavior\ReadHtmlCacheBehavior [ RunTime:0.000687s ]
INFO: [ app_begin ] --END-- [ RunTime:0.001085s ]
SQL: SELECT * FROM `jx_category`  [ RunTime:0.0002s ]

[ 2017-12-25T18:15:24+08:00 ] 127.0.0.1 /Home/User/regist.html
INFO: [ app_begin ] --START--
INFO: Run Behavior\ReadHtmlCacheBehavior [ RunTime:0.000765s ]
INFO: [ app_begin ] --END-- [ RunTime:0.001146s ]
SQL: SELECT * FROM `jx_category`  [ RunTime:0.0002s ]

[ 2017-12-25T18:15:25+08:00 ] 127.0.0.1 /Home/User/regist.html
INFO: [ app_begin ] --START--
INFO: Run Behavior\ReadHtmlCacheBehavior [ RunTime:0.000461s ]
INFO: [ app_begin ] --END-- [ RunTime:0.000771s ]
SQL: SELECT * FROM `jx_category`  [ RunTime:0.0002s ]

[ 2017-12-25T18:15:25+08:00 ] 127.0.0.1 /Home/User/regist.html
INFO: [ app_begin ] --START--
INFO: Run Behavior\ReadHtmlCacheBehavior [ RunTime:0.000446s ]
INFO: [ app_begin ] --END-- [ RunTime:0.000735s ]
SQL: SELECT * FROM `jx_category`  [ RunTime:0.0001s ]

[ 2017-12-25T18:15:25+08:00 ] 127.0.0.1 /Home/User/regist.html
INFO: [ app_begin ] --START--
INFO: Run Behavior\ReadHtmlCacheBehavior [ RunTime:0.000647s ]
INFO: [ app_begin ] --END-- [ RunTime:0.001057s ]
SQL: SELECT * FROM `jx_category`  [ RunTime:0.0002s ]

[ 2017-12-25T18:18:00+08:00 ] 127.0.0.1 /Home/User/regist.html
INFO: [ app_begin ] --START--
INFO: Run Behavior\ReadHtmlCacheBehavior [ RunTime:0.000881s ]
INFO: [ app_begin ] --END-- [ RunTime:0.001209s ]
SQL: SELECT * FROM `jx_category`  [ RunTime:0.0002s ]

[ 2017-12-25T18:23:08+08:00 ] 127.0.0.1 /Home/User/regist.html
INFO: [ app_begin ] --START--
INFO: Run Behavior\ReadHtmlCacheBehavior [ RunTime:0.000466s ]
INFO: [ app_begin ] --END-- [ RunTime:0.000782s ]
SQL: SELECT * FROM `jx_category`  [ RunTime:0.0002s ]

[ 2017-12-25T18:24:54+08:00 ] 127.0.0.1 /Home/User/regist.html
INFO: [ app_begin ] --START--
INFO: Run Behavior\ReadHtmlCacheBehavior [ RunTime:0.000812s ]
INFO: [ app_begin ] --END-- [ RunTime:0.001283s ]
SQL: SELECT * FROM `jx_category`  [ RunTime:0.0002s ]

[ 2017-12-25T18:24:55+08:00 ] 127.0.0.1 /Home/User/regist.html
INFO: [ app_begin ] --START--
INFO: Run Behavior\ReadHtmlCacheBehavior [ RunTime:0.000716s ]
INFO: [ app_begin ] --END-- [ RunTime:0.001137s ]
SQL: SELECT * FROM `jx_category`  [ RunTime:0.0001s ]

[ 2017-12-25T18:26:38+08:00 ] 127.0.0.1 /Home/User/regist.html
INFO: [ app_begin ] --START--
INFO: Run Behavior\ReadHtmlCacheBehavior [ RunTime:0.000827s ]
INFO: [ app_begin ] --END-- [ RunTime:0.001324s ]
SQL: SELECT * FROM `jx_category`  [ RunTime:0.0001s ]

[ 2017-12-25T18:26:39+08:00 ] 127.0.0.1 /Home/User/regist.html
INFO: [ app_begin ] --START--
INFO: Run Behavior\ReadHtmlCacheBehavior [ RunTime:0.000796s ]
INFO: [ app_begin ] --END-- [ RunTime:0.001276s ]
SQL: SELECT * FROM `jx_category`  [ RunTime:0.0001s ]

[ 2017-12-25T18:26:39+08:00 ] 127.0.0.1 /Home/User/regist.html
INFO: [ app_begin ] --START--
INFO: Run Behavior\ReadHtmlCacheBehavior [ RunTime:0.000732s ]
INFO: [ app_begin ] --END-- [ RunTime:0.001136s ]
SQL: SELECT * FROM `jx_category`  [ RunTime:0.0001s ]

[ 2017-12-25T18:26:40+08:00 ] 127.0.0.1 /Home/User/regist.html
INFO: [ app_begin ] --START--
INFO: Run Behavior\ReadHtmlCacheBehavior [ RunTime:0.002131s ]
INFO: [ app_begin ] --END-- [ RunTime:0.002799s ]
SQL: SELECT * FROM `jx_category`  [ RunTime:0.0001s ]

[ 2017-12-25T18:26:40+08:00 ] 127.0.0.1 /Home/User/regist.html
INFO: [ app_begin ] --START--
INFO: Run Behavior\ReadHtmlCacheBehavior [ RunTime:0.000454s ]
INFO: [ app_begin ] --END-- [ RunTime:0.000761s ]
SQL: SELECT * FROM `jx_category`  [ RunTime:0.0001s ]

[ 2017-12-25T18:26:40+08:00 ] 127.0.0.1 /Home/User/regist.html
INFO: [ app_begin ] --START--
INFO: Run Behavior\ReadHtmlCacheBehavior [ RunTime:0.000452s ]
INFO: [ app_begin ] --END-- [ RunTime:0.000741s ]
SQL: SELECT * FROM `jx_category`  [ RunTime:0.0002s ]

[ 2017-12-25T18:26:40+08:00 ] 127.0.0.1 /Home/User/regist.html
INFO: [ app_begin ] --START--
INFO: Run Behavior\ReadHtmlCacheBehavior [ RunTime:0.000470s ]
INFO: [ app_begin ] --END-- [ RunTime:0.000767s ]
SQL: SELECT * FROM `jx_category`  [ RunTime:0.0002s ]

[ 2017-12-25T18:26:40+08:00 ] 127.0.0.1 /Home/User/regist.html
INFO: [ app_begin ] --START--
INFO: Run Behavior\ReadHtmlCacheBehavior [ RunTime:0.000632s ]
INFO: [ app_begin ] --END-- [ RunTime:0.001201s ]
SQL: SELECT * FROM `jx_category`  [ RunTime:0.0001s ]

[ 2017-12-25T18:26:40+08:00 ] 127.0.0.1 /Home/User/regist.html
INFO: [ app_begin ] --START--
INFO: Run Behavior\ReadHtmlCacheBehavior [ RunTime:0.000485s ]
INFO: [ app_begin ] --END-- [ RunTime:0.000784s ]
SQL: SELECT * FROM `jx_category`  [ RunTime:0.0002s ]

[ 2017-12-25T18:26:41+08:00 ] 127.0.0.1 /Home/User/regist.html
INFO: [ app_begin ] --START--
INFO: Run Behavior\ReadHtmlCacheBehavior [ RunTime:0.000462s ]
INFO: [ app_begin ] --END-- [ RunTime:0.000773s ]
SQL: SELECT * FROM `jx_category`  [ RunTime:0.0002s ]

[ 2017-12-25T18:27:18+08:00 ] 127.0.0.1 /Home/User/regist.html?username=admin&password=111&password=111&checkcode=wuxuz
INFO: [ app_begin ] --START--
INFO: Run Behavior\ReadHtmlCacheBehavior [ RunTime:0.000724s ]
INFO: [ app_begin ] --END-- [ RunTime:0.001137s ]
SQL: SELECT * FROM `jx_category`  [ RunTime:0.0001s ]
INFO: [ view_parse ] --START--
INFO: [ template_filter ] --START--
INFO: Run Behavior\ContentReplaceBehavior [ RunTime:0.000099s ]
INFO: [ template_filter ] --END-- [ RunTime:0.000156s ]
INFO: Run Behavior\ParseTemplateBehavior [ RunTime:0.010841s ]
INFO: [ view_parse ] --END-- [ RunTime:0.010922s ]
INFO: [ view_filter ] --START--
INFO: Run Behavior\WriteHtmlCacheBehavior [ RunTime:0.000519s ]
INFO: [ view_filter ] --END-- [ RunTime:0.000566s ]
INFO: [ app_end ] --START--
INFO: Run Behavior\ShowPageTraceBehavior [ RunTime:0.000510s ]
INFO: [ app_end ] --END-- [ RunTime:0.000551s ]

[ 2017-12-25T18:29:57+08:00 ] 127.0.0.1 /Home/User/regist.html?username=admin&password=111&password=111&checkcode=wuxuz
INFO: [ app_begin ] --START--
INFO: Run Behavior\ReadHtmlCacheBehavior [ RunTime:0.000880s ]
INFO: [ app_begin ] --END-- [ RunTime:0.001385s ]
SQL: SELECT * FROM `jx_category`  [ RunTime:0.0002s ]
INFO: [ view_parse ] --START--
INFO: [ template_filter ] --START--
INFO: Run Behavior\ContentReplaceBehavior [ RunTime:0.000097s ]
INFO: [ template_filter ] --END-- [ RunTime:0.000155s ]
INFO: Run Behavior\ParseTemplateBehavior [ RunTime:0.030454s ]
INFO: [ view_parse ] --END-- [ RunTime:0.030520s ]
INFO: [ view_filter ] --START--
INFO: Run Behavior\WriteHtmlCacheBehavior [ RunTime:0.000519s ]
INFO: [ view_filter ] --END-- [ RunTime:0.000562s ]
INFO: [ app_end ] --START--
INFO: Run Behavior\ShowPageTraceBehavior [ RunTime:0.000783s ]
INFO: [ app_end ] --END-- [ RunTime:0.000834s ]

[ 2017-12-25T18:29:58+08:00 ] 127.0.0.1 /Home/User/regist.html?username=admin&password=111&password=111&checkcode=wuxuz
INFO: [ app_begin ] --START--
INFO: Run Behavior\ReadHtmlCacheBehavior [ RunTime:0.000470s ]
INFO: [ app_begin ] --END-- [ RunTime:0.000792s ]
SQL: SELECT * FROM `jx_category`  [ RunTime:0.0002s ]
INFO: [ view_parse ] --START--
INFO: [ template_filter ] --START--
INFO: Run Behavior\ContentReplaceBehavior [ RunTime:0.000066s ]
INFO: [ template_filter ] --END-- [ RunTime:0.000103s ]
INFO: Run Behavior\ParseTemplateBehavior [ RunTime:0.007424s ]
INFO: [ view_parse ] --END-- [ RunTime:0.007479s ]
INFO: [ view_filter ] --START--
INFO: Run Behavior\WriteHtmlCacheBehavior [ RunTime:0.000441s ]
INFO: [ view_filter ] --END-- [ RunTime:0.000475s ]
INFO: [ app_end ] --START--
INFO: Run Behavior\ShowPageTraceBehavior [ RunTime:0.000688s ]
INFO: [ app_end ] --END-- [ RunTime:0.000727s ]

[ 2017-12-25T18:29:58+08:00 ] 127.0.0.1 /Home/User/regist.html?username=admin&password=111&password=111&checkcode=wuxuz
INFO: [ app_begin ] --START--
INFO: Run Behavior\ReadHtmlCacheBehavior [ RunTime:0.000447s ]
INFO: [ app_begin ] --END-- [ RunTime:0.000729s ]
SQL: SELECT * FROM `jx_category`  [ RunTime:0.0002s ]
INFO: [ view_parse ] --START--
INFO: [ template_filter ] --START--
INFO: Run Behavior\ContentReplaceBehavior [ RunTime:0.000071s ]
INFO: [ template_filter ] --END-- [ RunTime:0.000112s ]
INFO: Run Behavior\ParseTemplateBehavior [ RunTime:0.007388s ]
INFO: [ view_parse ] --END-- [ RunTime:0.007429s ]
INFO: [ view_filter ] --START--
INFO: Run Behavior\WriteHtmlCacheBehavior [ RunTime:0.000321s ]
INFO: [ view_filter ] --END-- [ RunTime:0.000348s ]
INFO: [ app_end ] --START--
INFO: Run Behavior\ShowPageTraceBehavior [ RunTime:0.000455s ]
INFO: [ app_end ] --END-- [ RunTime:0.000513s ]

[ 2017-12-25T18:29:58+08:00 ] 127.0.0.1 /Home/User/regist.html?username=admin&password=111&password=111&checkcode=wuxuz
INFO: [ app_begin ] --START--
INFO: Run Behavior\ReadHtmlCacheBehavior [ RunTime:0.000508s ]
INFO: [ app_begin ] --END-- [ RunTime:0.000814s ]
SQL: SELECT * FROM `jx_category`  [ RunTime:0.0002s ]
INFO: [ view_parse ] --START--
INFO: [ template_filter ] --START--
INFO: Run Behavior\ContentReplaceBehavior [ RunTime:0.000067s ]
INFO: [ template_filter ] --END-- [ RunTime:0.000107s ]
INFO: Run Behavior\ParseTemplateBehavior [ RunTime:0.007094s ]
INFO: [ view_parse ] --END-- [ RunTime:0.007137s ]
INFO: [ view_filter ] --START--
INFO: Run Behavior\WriteHtmlCacheBehavior [ RunTime:0.000313s ]
INFO: [ view_filter ] --END-- [ RunTime:0.000339s ]
INFO: [ app_end ] --START--
INFO: Run Behavior\ShowPageTraceBehavior [ RunTime:0.000446s ]
INFO: [ app_end ] --END-- [ RunTime:0.000474s ]

[ 2017-12-25T18:29:58+08:00 ] 127.0.0.1 /Home/User/regist.html?username=admin&password=111&password=111&checkcode=wuxuz
INFO: [ app_begin ] --START--
INFO: Run Behavior\ReadHtmlCacheBehavior [ RunTime:0.000465s ]
INFO: [ app_begin ] --END-- [ RunTime:0.000752s ]
SQL: SELECT * FROM `jx_category`  [ RunTime:0.0002s ]
INFO: [ view_parse ] --START--
INFO: [ template_filter ] --START--
INFO: Run Behavior\ContentReplaceBehavior [ RunTime:0.000066s ]
INFO: [ template_filter ] --END-- [ RunTime:0.000105s ]
INFO: Run Behavior\ParseTemplateBehavior [ RunTime:0.009499s ]
INFO: [ view_parse ] --END-- [ RunTime:0.009546s ]
INFO: [ view_filter ] --START--
INFO: Run Behavior\WriteHtmlCacheBehavior [ RunTime:0.000314s ]
INFO: [ view_filter ] --END-- [ RunTime:0.000340s ]
INFO: [ app_end ] --START--
INFO: Run Behavior\ShowPageTraceBehavior [ RunTime:0.000449s ]
INFO: [ app_end ] --END-- [ RunTime:0.000478s ]

[ 2017-12-25T18:29:58+08:00 ] 127.0.0.1 /Home/User/regist.html?username=admin&password=111&password=111&checkcode=wuxuz
INFO: [ app_begin ] --START--
INFO: Run Behavior\ReadHtmlCacheBehavior [ RunTime:0.000452s ]
INFO: [ app_begin ] --END-- [ RunTime:0.000742s ]
SQL: SELECT * FROM `jx_category`  [ RunTime:0.0001s ]
INFO: [ view_parse ] --START--
INFO: [ template_filter ] --START--
INFO: Run Behavior\ContentReplaceBehavior [ RunTime:0.000066s ]
INFO: [ template_filter ] --END-- [ RunTime:0.000102s ]
INFO: Run Behavior\ParseTemplateBehavior [ RunTime:0.006844s ]
INFO: [ view_parse ] --END-- [ RunTime:0.006886s ]
INFO: [ view_filter ] --START--
INFO: Run Behavior\WriteHtmlCacheBehavior [ RunTime:0.000317s ]
INFO: [ view_filter ] --END-- [ RunTime:0.000343s ]
INFO: [ app_end ] --START--
INFO: Run Behavior\ShowPageTraceBehavior [ RunTime:0.000445s ]
INFO: [ app_end ] --END-- [ RunTime:0.000475s ]

[ 2017-12-25T18:29:58+08:00 ] 127.0.0.1 /Home/User/regist.html?username=admin&password=111&password=111&checkcode=wuxuz
INFO: [ app_begin ] --START--
INFO: Run Behavior\ReadHtmlCacheBehavior [ RunTime:0.000464s ]
INFO: [ app_begin ] --END-- [ RunTime:0.000750s ]
SQL: SELECT * FROM `jx_category`  [ RunTime:0.0002s ]
INFO: [ view_parse ] --START--
INFO: [ template_filter ] --START--
INFO: Run Behavior\ContentReplaceBehavior [ RunTime:0.000077s ]
INFO: [ template_filter ] --END-- [ RunTime:0.000117s ]
INFO: Run Behavior\ParseTemplateBehavior [ RunTime:0.007342s ]
INFO: [ view_parse ] --END-- [ RunTime:0.007381s ]
INFO: [ view_filter ] --START--
INFO: Run Behavior\WriteHtmlCacheBehavior [ RunTime:0.000334s ]
INFO: [ view_filter ] --END-- [ RunTime:0.000361s ]
INFO: [ app_end ] --START--
INFO: Run Behavior\ShowPageTraceBehavior [ RunTime:0.000450s ]
INFO: [ app_end ] --END-- [ RunTime:0.000479s ]

[ 2017-12-25T18:29:59+08:00 ] 127.0.0.1 /Home/User/regist.html?username=admin&password=111&password=111&checkcode=wuxuz
INFO: [ app_begin ] --START--
INFO: Run Behavior\ReadHtmlCacheBehavior [ RunTime:0.000450s ]
INFO: [ app_begin ] --END-- [ RunTime:0.000739s ]
SQL: SELECT * FROM `jx_category`  [ RunTime:0.0002s ]
INFO: [ view_parse ] --START--
INFO: [ template_filter ] --START--
INFO: Run Behavior\ContentReplaceBehavior [ RunTime:0.000066s ]
INFO: [ template_filter ] --END-- [ RunTime:0.000106s ]
INFO: Run Behavior\ParseTemplateBehavior [ RunTime:0.008324s ]
INFO: [ view_parse ] --END-- [ RunTime:0.008384s ]
INFO: [ view_filter ] --START--
INFO: Run Behavior\WriteHtmlCacheBehavior [ RunTime:0.000453s ]
INFO: [ view_filter ] --END-- [ RunTime:0.000490s ]
INFO: [ app_end ] --START--
INFO: Run Behavior\ShowPageTraceBehavior [ RunTime:0.000644s ]
INFO: [ app_end ] --END-- [ RunTime:0.000683s ]

[ 2017-12-25T18:29:59+08:00 ] 127.0.0.1 /Home/User/regist.html?username=admin&password=111&password=111&checkcode=wuxuz
INFO: [ app_begin ] --START--
INFO: Run Behavior\ReadHtmlCacheBehavior [ RunTime:0.000643s ]
INFO: [ app_begin ] --END-- [ RunTime:0.001041s ]
SQL: SELECT * FROM `jx_category`  [ RunTime:0.0002s ]
INFO: [ view_parse ] --START--
INFO: [ template_filter ] --START--
INFO: Run Behavior\ContentReplaceBehavior [ RunTime:0.000093s ]
INFO: [ template_filter ] --END-- [ RunTime:0.000148s ]
INFO: Run Behavior\ParseTemplateBehavior [ RunTime:0.009704s ]
INFO: [ view_parse ] --END-- [ RunTime:0.009763s ]
INFO: [ view_filter ] --START--
INFO: Run Behavior\WriteHtmlCacheBehavior [ RunTime:0.000473s ]
INFO: [ view_filter ] --END-- [ RunTime:0.000517s ]
INFO: [ app_end ] --START--
INFO: Run Behavior\ShowPageTraceBehavior [ RunTime:0.000685s ]
INFO: [ app_end ] --END-- [ RunTime:0.000731s ]

[ 2017-12-25T18:29:59+08:00 ] 127.0.0.1 /Home/User/regist.html?username=admin&password=111&password=111&checkcode=wuxuz
INFO: [ app_begin ] --START--
INFO: Run Behavior\ReadHtmlCacheBehavior [ RunTime:0.000458s ]
INFO: [ app_begin ] --END-- [ RunTime:0.000765s ]
SQL: SELECT * FROM `jx_category`  [ RunTime:0.0002s ]
INFO: [ view_parse ] --START--
INFO: [ template_filter ] --START--
INFO: Run Behavior\ContentReplaceBehavior [ RunTime:0.000121s ]
INFO: [ template_filter ] --END-- [ RunTime:0.000190s ]
INFO: Run Behavior\ParseTemplateBehavior [ RunTime:0.007614s ]
INFO: [ view_parse ] --END-- [ RunTime:0.007666s ]
INFO: [ view_filter ] --START--
INFO: Run Behavior\WriteHtmlCacheBehavior [ RunTime:0.000318s ]
INFO: [ view_filter ] --END-- [ RunTime:0.000345s ]
INFO: [ app_end ] --START--
INFO: Run Behavior\ShowPageTraceBehavior [ RunTime:0.000456s ]
INFO: [ app_end ] --END-- [ RunTime:0.000487s ]

[ 2017-12-25T18:29:59+08:00 ] 127.0.0.1 /Home/User/regist.html?username=admin&password=111&password=111&checkcode=wuxuz
INFO: [ app_begin ] --START--
INFO: Run Behavior\ReadHtmlCacheBehavior [ RunTime:0.000533s ]
INFO: [ app_begin ] --END-- [ RunTime:0.000935s ]
SQL: SELECT * FROM `jx_category`  [ RunTime:0.0002s ]
INFO: [ view_parse ] --START--
INFO: [ template_filter ] --START--
INFO: Run Behavior\ContentReplaceBehavior [ RunTime:0.000129s ]
INFO: [ template_filter ] --END-- [ RunTime:0.000179s ]
INFO: Run Behavior\ParseTemplateBehavior [ RunTime:0.009845s ]
INFO: [ view_parse ] --END-- [ RunTime:0.009900s ]
INFO: [ view_filter ] --START--
INFO: Run Behavior\WriteHtmlCacheBehavior [ RunTime:0.000460s ]
INFO: [ view_filter ] --END-- [ RunTime:0.000498s ]
INFO: [ app_end ] --START--
INFO: Run Behavior\ShowPageTraceBehavior [ RunTime:0.000698s ]
INFO: [ app_end ] --END-- [ RunTime:0.000741s ]

[ 2017-12-25T18:29:59+08:00 ] 127.0.0.1 /Home/User/regist.html?username=admin&password=111&password=111&checkcode=wuxuz
INFO: [ app_begin ] --START--
INFO: Run Behavior\ReadHtmlCacheBehavior [ RunTime:0.000664s ]
INFO: [ app_begin ] --END-- [ RunTime:0.001123s ]
SQL: SELECT * FROM `jx_category`  [ RunTime:0.0001s ]
INFO: [ view_parse ] --START--
INFO: [ template_filter ] --START--
INFO: Run Behavior\ContentReplaceBehavior [ RunTime:0.000066s ]
INFO: [ template_filter ] --END-- [ RunTime:0.000103s ]
INFO: Run Behavior\ParseTemplateBehavior [ RunTime:0.006901s ]
INFO: [ view_parse ] --END-- [ RunTime:0.006946s ]
INFO: [ view_filter ] --START--
INFO: Run Behavior\WriteHtmlCacheBehavior [ RunTime:0.000308s ]
INFO: [ view_filter ] --END-- [ RunTime:0.000335s ]
INFO: [ app_end ] --START--
INFO: Run Behavior\ShowPageTraceBehavior [ RunTime:0.000472s ]
INFO: [ app_end ] --END-- [ RunTime:0.000501s ]

[ 2017-12-25T18:30:00+08:00 ] 127.0.0.1 /Home/User/regist.html?username=admin&password=111&password=111&checkcode=wuxuz
INFO: [ app_begin ] --START--
INFO: Run Behavior\ReadHtmlCacheBehavior [ RunTime:0.000645s ]
INFO: [ app_begin ] --END-- [ RunTime:0.001060s ]
SQL: SELECT * FROM `jx_category`  [ RunTime:0.0002s ]
INFO: [ view_parse ] --START--
INFO: [ template_filter ] --START--
INFO: Run Behavior\ContentReplaceBehavior [ RunTime:0.000068s ]
INFO: [ template_filter ] --END-- [ RunTime:0.000108s ]
INFO: Run Behavior\ParseTemplateBehavior [ RunTime:0.007102s ]
INFO: [ view_parse ] --END-- [ RunTime:0.007191s ]
INFO: [ view_filter ] --START--
INFO: Run Behavior\WriteHtmlCacheBehavior [ RunTime:0.000853s ]
INFO: [ view_filter ] --END-- [ RunTime:0.000893s ]
INFO: [ app_end ] --START--
INFO: Run Behavior\ShowPageTraceBehavior [ RunTime:0.000488s ]
INFO: [ app_end ] --END-- [ RunTime:0.000519s ]

[ 2017-12-25T18:30:00+08:00 ] 127.0.0.1 /Home/User/regist.html?username=admin&password=111&password=111&checkcode=wuxuz
INFO: [ app_begin ] --START--
INFO: Run Behavior\ReadHtmlCacheBehavior [ RunTime:0.000676s ]
INFO: [ app_begin ] --END-- [ RunTime:0.001131s ]
SQL: SELECT * FROM `jx_category`  [ RunTime:0.0002s ]
INFO: [ view_parse ] --START--
INFO: [ template_filter ] --START--
INFO: Run Behavior\ContentReplaceBehavior [ RunTime:0.000097s ]
INFO: [ template_filter ] --END-- [ RunTime:0.000150s ]
INFO: Run Behavior\ParseTemplateBehavior [ RunTime:0.008615s ]
INFO: [ view_parse ] --END-- [ RunTime:0.008665s ]
INFO: [ view_filter ] --START--
INFO: Run Behavior\WriteHtmlCacheBehavior [ RunTime:0.000352s ]
INFO: [ view_filter ] --END-- [ RunTime:0.000380s ]
INFO: [ app_end ] --START--
INFO: Run Behavior\ShowPageTraceBehavior [ RunTime:0.000489s ]
INFO: [ app_end ] --END-- [ RunTime:0.000525s ]

[ 2017-12-25T18:30:00+08:00 ] 127.0.0.1 /Home/User/regist.html?username=admin&password=111&password=111&checkcode=wuxuz
INFO: [ app_begin ] --START--
INFO: Run Behavior\ReadHtmlCacheBehavior [ RunTime:0.000656s ]
INFO: [ app_begin ] --END-- [ RunTime:0.001060s ]
SQL: SELECT * FROM `jx_category`  [ RunTime:0.0002s ]
INFO: [ view_parse ] --START--
INFO: [ template_filter ] --START--
INFO: Run Behavior\ContentReplaceBehavior [ RunTime:0.000066s ]
INFO: [ template_filter ] --END-- [ RunTime:0.000104s ]
INFO: Run Behavior\ParseTemplateBehavior [ RunTime:0.007168s ]
INFO: [ view_parse ] --END-- [ RunTime:0.007243s ]
INFO: [ view_filter ] --START--
INFO: Run Behavior\WriteHtmlCacheBehavior [ RunTime:0.000510s ]
INFO: [ view_filter ] --END-- [ RunTime:0.000556s ]
INFO: [ app_end ] --START--
INFO: Run Behavior\ShowPageTraceBehavior [ RunTime:0.000709s ]
INFO: [ app_end ] --END-- [ RunTime:0.000754s ]

[ 2017-12-25T18:30:08+08:00 ] 127.0.0.1 /Home/User/regist.html?username=admin&password=111&password=111&checkcode=wuxuz
INFO: [ app_begin ] --START--
INFO: Run Behavior\ReadHtmlCacheBehavior [ RunTime:0.001288s ]
INFO: [ app_begin ] --END-- [ RunTime:0.001604s ]
SQL: SELECT * FROM `jx_category`  [ RunTime:0.0002s ]
INFO: [ view_parse ] --START--
INFO: [ template_filter ] --START--
INFO: Run Behavior\ContentReplaceBehavior [ RunTime:0.000071s ]
INFO: [ template_filter ] --END-- [ RunTime:0.000114s ]
INFO: Run Behavior\ParseTemplateBehavior [ RunTime:0.010416s ]
INFO: [ view_parse ] --END-- [ RunTime:0.010499s ]
INFO: [ view_filter ] --START--
INFO: Run Behavior\WriteHtmlCacheBehavior [ RunTime:0.000711s ]
INFO: [ view_filter ] --END-- [ RunTime:0.000766s ]
INFO: [ app_end ] --START--
INFO: Run Behavior\ShowPageTraceBehavior [ RunTime:0.000799s ]
INFO: [ app_end ] --END-- [ RunTime:0.000860s ]

[ 2017-12-25T18:32:35+08:00 ] 127.0.0.1 /Home/User/regist.html
INFO: [ app_begin ] --START--
INFO: Run Behavior\ReadHtmlCacheBehavior [ RunTime:0.000633s ]
INFO: [ app_begin ] --END-- [ RunTime:0.001065s ]
SQL: SELECT * FROM `jx_category`  [ RunTime:0.0002s ]

[ 2017-12-25T18:33:58+08:00 ] 127.0.0.1 /Home/User/regist.html
INFO: [ app_begin ] --START--
INFO: Run Behavior\ReadHtmlCacheBehavior [ RunTime:0.000553s ]
INFO: [ app_begin ] --END-- [ RunTime:0.000846s ]
SQL: SELECT * FROM `jx_category`  [ RunTime:0.0001s ]

[ 2017-12-25T18:35:19+08:00 ] 127.0.0.1 /Home/User/regist.html
INFO: [ app_begin ] --START--
INFO: Run Behavior\ReadHtmlCacheBehavior [ RunTime:0.000701s ]
INFO: [ app_begin ] --END-- [ RunTime:0.001356s ]
SQL: SELECT * FROM `jx_category`  [ RunTime:0.0002s ]

[ 2017-12-25T18:36:01+08:00 ] 127.0.0.1 /Home/User/regist.html
INFO: [ app_begin ] --START--
INFO: Run Behavior\ReadHtmlCacheBehavior [ RunTime:0.001041s ]
INFO: [ app_begin ] --END-- [ RunTime:0.001802s ]
SQL: SELECT * FROM `jx_category`  [ RunTime:0.0002s ]
SQL: SELECT * FROM `jx_user` WHERE ( username = 'haive' ) LIMIT 1   [ RunTime:0.0013s ]
SQL: INSERT INTO `jx_user` (`username`,`password`,`salt`) VALUES ('haive','fd7fb16f63c4133c26a3ebdf269cb914','152404') [ RunTime:0.0111s ]

[ 2017-12-25T18:37:22+08:00 ] 127.0.0.1 /Home/User/regist.html
INFO: [ app_begin ] --START--
INFO: Run Behavior\ReadHtmlCacheBehavior [ RunTime:0.000493s ]
INFO: [ app_begin ] --END-- [ RunTime:0.000812s ]
SQL: SELECT * FROM `jx_category`  [ RunTime:0.0002s ]
SQL: SELECT * FROM `jx_user` WHERE ( username = '老铁' ) LIMIT 1   [ RunTime:0.0003s ]
SQL: INSERT INTO `jx_user` (`username`,`password`,`salt`) VALUES ('老铁','74c8e74bbc14876e9f301626ef6e885c','669860') [ RunTime:0.0037s ]

[ 2017-12-25T18:37:55+08:00 ] 127.0.0.1 /Home/User/login.html
INFO: [ app_begin ] --START--
INFO: Run Behavior\ReadHtmlCacheBehavior [ RunTime:0.000427s ]
INFO: [ app_begin ] --END-- [ RunTime:0.000738s ]
SQL: SELECT * FROM `jx_category`  [ RunTime:0.0002s ]
SQL: SELECT * FROM `jx_user` WHERE ( username='老铁' ) LIMIT 1   [ RunTime:0.0005s ]
SQL: SHOW COLUMNS FROM `jx_cart` [ RunTime:0.0189s ]
ERR: Think\Model:cookie2db方法不存在！

[ 2017-12-25T18:37:59+08:00 ] 127.0.0.1 /Home/User/login.html
INFO: [ app_begin ] --START--
INFO: Run Behavior\ReadHtmlCacheBehavior [ RunTime:0.000486s ]
INFO: [ app_begin ] --END-- [ RunTime:0.000820s ]
SQL: SELECT * FROM `jx_category`  [ RunTime:0.0002s ]

[ 2017-12-25T18:38:25+08:00 ] 127.0.0.1 /Home/User/login.html
INFO: [ app_begin ] --START--
INFO: Run Behavior\ReadHtmlCacheBehavior [ RunTime:0.000468s ]
INFO: [ app_begin ] --END-- [ RunTime:0.000736s ]
SQL: SELECT * FROM `jx_category`  [ RunTime:0.0002s ]
SQL: SELECT * FROM `jx_user` WHERE ( username='老铁' ) LIMIT 1   [ RunTime:0.0002s ]
SQL: SHOW COLUMNS FROM `jx_cart` [ RunTime:0.0200s ]
ERR: Think\Model:cookie2db方法不存在！

[ 2017-12-25T18:38:28+08:00 ] 127.0.0.1 /Home/User/login.html
INFO: [ app_begin ] --START--
INFO: Run Behavior\ReadHtmlCacheBehavior [ RunTime:0.000506s ]
INFO: [ app_begin ] --END-- [ RunTime:0.000823s ]
SQL: SELECT * FROM `jx_category`  [ RunTime:0.0002s ]

[ 2017-12-25T18:49:19+08:00 ] 127.0.0.1 /Home/User/login.html
INFO: [ app_begin ] --START--
INFO: Run Behavior\ReadHtmlCacheBehavior [ RunTime:0.000585s ]
INFO: [ app_begin ] --END-- [ RunTime:0.000938s ]
SQL: SELECT * FROM `jx_category`  [ RunTime:0.0002s ]

[ 2017-12-25T18:49:37+08:00 ] 127.0.0.1 /Home/User/login.html
INFO: [ app_begin ] --START--
INFO: Run Behavior\ReadHtmlCacheBehavior [ RunTime:0.000470s ]
INFO: [ app_begin ] --END-- [ RunTime:0.000799s ]
SQL: SELECT * FROM `jx_category`  [ RunTime:0.0002s ]
SQL: SELECT * FROM `jx_user` WHERE ( username='老铁' ) LIMIT 1   [ RunTime:0.0002s ]
SQL: SHOW COLUMNS FROM `jx_cart` [ RunTime:0.0186s ]
ERR: Think\Model:cookie2db方法不存在！

[ 2017-12-25T18:49:39+08:00 ] 127.0.0.1 /Home/User/login.html
INFO: [ app_begin ] --START--
INFO: Run Behavior\ReadHtmlCacheBehavior [ RunTime:0.000481s ]
INFO: [ app_begin ] --END-- [ RunTime:0.000808s ]
SQL: SELECT * FROM `jx_category`  [ RunTime:0.0002s ]

[ 2017-12-25T18:49:39+08:00 ] 127.0.0.1 /Home/User/login.html
INFO: [ app_begin ] --START--
INFO: Run Behavior\ReadHtmlCacheBehavior [ RunTime:0.000436s ]
INFO: [ app_begin ] --END-- [ RunTime:0.000722s ]
SQL: SELECT * FROM `jx_category`  [ RunTime:0.0002s ]

[ 2017-12-25T18:49:39+08:00 ] 127.0.0.1 /Home/User/login.html
INFO: [ app_begin ] --START--
INFO: Run Behavior\ReadHtmlCacheBehavior [ RunTime:0.000484s ]
INFO: [ app_begin ] --END-- [ RunTime:0.000753s ]
SQL: SELECT * FROM `jx_category`  [ RunTime:0.0003s ]

[ 2017-12-25T18:49:40+08:00 ] 127.0.0.1 /Home/User/login.html
INFO: [ app_begin ] --START--
INFO: Run Behavior\ReadHtmlCacheBehavior [ RunTime:0.000483s ]
INFO: [ app_begin ] --END-- [ RunTime:0.000759s ]
SQL: SELECT * FROM `jx_category`  [ RunTime:0.0002s ]

[ 2017-12-25T18:49:40+08:00 ] 127.0.0.1 /Home/User/login.html
INFO: [ app_begin ] --START--
INFO: Run Behavior\ReadHtmlCacheBehavior [ RunTime:0.000687s ]
INFO: [ app_begin ] --END-- [ RunTime:0.001620s ]
SQL: SELECT * FROM `jx_category`  [ RunTime:0.0002s ]

[ 2017-12-25T18:49:40+08:00 ] 127.0.0.1 /Home/User/login.html
INFO: [ app_begin ] --START--
INFO: Run Behavior\ReadHtmlCacheBehavior [ RunTime:0.000608s ]
INFO: [ app_begin ] --END-- [ RunTime:0.001004s ]
SQL: SELECT * FROM `jx_category`  [ RunTime:0.0002s ]

[ 2017-12-25T18:49:40+08:00 ] 127.0.0.1 /Home/User/login.html
INFO: [ app_begin ] --START--
INFO: Run Behavior\ReadHtmlCacheBehavior [ RunTime:0.000464s ]
INFO: [ app_begin ] --END-- [ RunTime:0.000787s ]
SQL: SELECT * FROM `jx_category`  [ RunTime:0.0003s ]

[ 2017-12-25T18:49:40+08:00 ] 127.0.0.1 /Home/User/login.html
INFO: [ app_begin ] --START--
INFO: Run Behavior\ReadHtmlCacheBehavior [ RunTime:0.000473s ]
INFO: [ app_begin ] --END-- [ RunTime:0.000839s ]
SQL: SELECT * FROM `jx_category`  [ RunTime:0.0003s ]

[ 2017-12-25T18:49:40+08:00 ] 127.0.0.1 /Home/User/login.html
INFO: [ app_begin ] --START--
INFO: Run Behavior\ReadHtmlCacheBehavior [ RunTime:0.000427s ]
INFO: [ app_begin ] --END-- [ RunTime:0.000724s ]
SQL: SELECT * FROM `jx_category`  [ RunTime:0.0002s ]

[ 2017-12-25T18:49:41+08:00 ] 127.0.0.1 /Home/User/login.html
INFO: [ app_begin ] --START--
INFO: Run Behavior\ReadHtmlCacheBehavior [ RunTime:0.000467s ]
INFO: [ app_begin ] --END-- [ RunTime:0.000779s ]
SQL: SELECT * FROM `jx_category`  [ RunTime:0.0002s ]

[ 2017-12-25T18:49:41+08:00 ] 127.0.0.1 /Home/User/login.html
INFO: [ app_begin ] --START--
INFO: Run Behavior\ReadHtmlCacheBehavior [ RunTime:0.000479s ]
INFO: [ app_begin ] --END-- [ RunTime:0.000825s ]
SQL: SELECT * FROM `jx_category`  [ RunTime:0.0002s ]

[ 2017-12-25T18:49:41+08:00 ] 127.0.0.1 /Home/User/login.html
INFO: [ app_begin ] --START--
INFO: Run Behavior\ReadHtmlCacheBehavior [ RunTime:0.000485s ]
INFO: [ app_begin ] --END-- [ RunTime:0.000795s ]
SQL: SELECT * FROM `jx_category`  [ RunTime:0.0002s ]

[ 2017-12-25T18:49:41+08:00 ] 127.0.0.1 /Home/User/login.html
INFO: [ app_begin ] --START--
INFO: Run Behavior\ReadHtmlCacheBehavior [ RunTime:0.000463s ]
INFO: [ app_begin ] --END-- [ RunTime:0.000786s ]
SQL: SELECT * FROM `jx_category`  [ RunTime:0.0002s ]

[ 2017-12-25T18:49:41+08:00 ] 127.0.0.1 /Home/User/login.html
INFO: [ app_begin ] --START--
INFO: Run Behavior\ReadHtmlCacheBehavior [ RunTime:0.000464s ]
INFO: [ app_begin ] --END-- [ RunTime:0.000789s ]
SQL: SELECT * FROM `jx_category`  [ RunTime:0.0002s ]

[ 2017-12-25T18:49:42+08:00 ] 127.0.0.1 /Home/User/login.html
INFO: [ app_begin ] --START--
INFO: Run Behavior\ReadHtmlCacheBehavior [ RunTime:0.000428s ]
INFO: [ app_begin ] --END-- [ RunTime:0.000701s ]
SQL: SELECT * FROM `jx_category`  [ RunTime:0.0002s ]

[ 2017-12-25T18:49:42+08:00 ] 127.0.0.1 /Home/User/login.html
INFO: [ app_begin ] --START--
INFO: Run Behavior\ReadHtmlCacheBehavior [ RunTime:0.000563s ]
INFO: [ app_begin ] --END-- [ RunTime:0.001048s ]
SQL: SELECT * FROM `jx_category`  [ RunTime:0.0002s ]

[ 2017-12-25T18:49:42+08:00 ] 127.0.0.1 /Home/User/login.html
INFO: [ app_begin ] --START--
INFO: Run Behavior\ReadHtmlCacheBehavior [ RunTime:0.000490s ]
INFO: [ app_begin ] --END-- [ RunTime:0.000924s ]
SQL: SELECT * FROM `jx_category`  [ RunTime:0.0002s ]

[ 2017-12-25T18:49:42+08:00 ] 127.0.0.1 /Home/User/login.html
INFO: [ app_begin ] --START--
INFO: Run Behavior\ReadHtmlCacheBehavior [ RunTime:0.000465s ]
INFO: [ app_begin ] --END-- [ RunTime:0.000824s ]
SQL: SELECT * FROM `jx_category`  [ RunTime:0.0002s ]

[ 2017-12-25T18:51:53+08:00 ] 127.0.0.1 /Home/User/login.html
INFO: [ app_begin ] --START--
INFO: Run Behavior\ReadHtmlCacheBehavior [ RunTime:0.000740s ]
INFO: [ app_begin ] --END-- [ RunTime:0.001239s ]
SQL: SELECT * FROM `jx_category`  [ RunTime:0.0001s ]

[ 2017-12-25T18:51:55+08:00 ] 127.0.0.1 /Home/User/login.html
INFO: [ app_begin ] --START--
INFO: Run Behavior\ReadHtmlCacheBehavior [ RunTime:0.000479s ]
INFO: [ app_begin ] --END-- [ RunTime:0.000755s ]
SQL: SELECT * FROM `jx_category`  [ RunTime:0.0002s ]

[ 2017-12-25T18:56:02+08:00 ] 127.0.0.1 /Home/User/login.html
INFO: [ app_begin ] --START--
INFO: Run Behavior\ReadHtmlCacheBehavior [ RunTime:0.000501s ]
INFO: [ app_begin ] --END-- [ RunTime:0.000920s ]
SQL: SELECT * FROM `jx_category`  [ RunTime:0.0002s ]

[ 2017-12-25T19:00:24+08:00 ] 127.0.0.1 /Home/User/login.html
INFO: [ app_begin ] --START--
INFO: Run Behavior\ReadHtmlCacheBehavior [ RunTime:0.000601s ]
INFO: [ app_begin ] --END-- [ RunTime:0.000901s ]
SQL: SELECT * FROM `jx_category`  [ RunTime:0.0002s ]

[ 2017-12-25T19:00:25+08:00 ] 127.0.0.1 /Home/User/login.html
INFO: [ app_begin ] --START--
INFO: Run Behavior\ReadHtmlCacheBehavior [ RunTime:0.000477s ]
INFO: [ app_begin ] --END-- [ RunTime:0.000782s ]
SQL: SELECT * FROM `jx_category`  [ RunTime:0.0002s ]

[ 2017-12-25T19:00:25+08:00 ] 127.0.0.1 /Home/User/login.html
INFO: [ app_begin ] --START--
INFO: Run Behavior\ReadHtmlCacheBehavior [ RunTime:0.000427s ]
INFO: [ app_begin ] --END-- [ RunTime:0.000734s ]
SQL: SELECT * FROM `jx_category`  [ RunTime:0.0003s ]

[ 2017-12-25T19:00:26+08:00 ] 127.0.0.1 /Home/User/login.html
INFO: [ app_begin ] --START--
INFO: Run Behavior\ReadHtmlCacheBehavior [ RunTime:0.000809s ]
INFO: [ app_begin ] --END-- [ RunTime:0.001267s ]
SQL: SELECT * FROM `jx_category`  [ RunTime:0.0002s ]

[ 2017-12-25T19:00:26+08:00 ] 127.0.0.1 /Home/User/login.html
INFO: [ app_begin ] --START--
INFO: Run Behavior\ReadHtmlCacheBehavior [ RunTime:0.000593s ]
INFO: [ app_begin ] --END-- [ RunTime:0.001038s ]
SQL: SELECT * FROM `jx_category`  [ RunTime:0.0002s ]

[ 2017-12-25T19:03:55+08:00 ] 127.0.0.1 /Home/User/login.html
INFO: [ app_begin ] --START--
INFO: Run Behavior\ReadHtmlCacheBehavior [ RunTime:0.000552s ]
INFO: [ app_begin ] --END-- [ RunTime:0.000871s ]
SQL: SELECT * FROM `jx_category`  [ RunTime:0.0003s ]

[ 2017-12-25T19:03:57+08:00 ] 127.0.0.1 /Home/User/login.html
INFO: [ app_begin ] --START--
INFO: Run Behavior\ReadHtmlCacheBehavior [ RunTime:0.000472s ]
INFO: [ app_begin ] --END-- [ RunTime:0.000835s ]
SQL: SELECT * FROM `jx_category`  [ RunTime:0.0002s ]

[ 2017-12-25T19:03:58+08:00 ] 127.0.0.1 /Home/User/login.html
INFO: [ app_begin ] --START--
INFO: Run Behavior\ReadHtmlCacheBehavior [ RunTime:0.000486s ]
INFO: [ app_begin ] --END-- [ RunTime:0.000766s ]
SQL: SELECT * FROM `jx_category`  [ RunTime:0.0002s ]

[ 2017-12-25T19:03:58+08:00 ] 127.0.0.1 /Home/User/login.html
INFO: [ app_begin ] --START--
INFO: Run Behavior\ReadHtmlCacheBehavior [ RunTime:0.000467s ]
INFO: [ app_begin ] --END-- [ RunTime:0.000778s ]
SQL: SELECT * FROM `jx_category`  [ RunTime:0.0002s ]

[ 2017-12-25T19:03:58+08:00 ] 127.0.0.1 /Home/User/login.html
INFO: [ app_begin ] --START--
INFO: Run Behavior\ReadHtmlCacheBehavior [ RunTime:0.000460s ]
INFO: [ app_begin ] --END-- [ RunTime:0.000777s ]
SQL: SELECT * FROM `jx_category`  [ RunTime:0.0002s ]

[ 2017-12-25T19:03:58+08:00 ] 127.0.0.1 /Home/User/login.html
INFO: [ app_begin ] --START--
INFO: Run Behavior\ReadHtmlCacheBehavior [ RunTime:0.000468s ]
INFO: [ app_begin ] --END-- [ RunTime:0.000798s ]
SQL: SELECT * FROM `jx_category`  [ RunTime:0.0002s ]

[ 2017-12-25T19:03:58+08:00 ] 127.0.0.1 /Home/User/login.html
INFO: [ app_begin ] --START--
INFO: Run Behavior\ReadHtmlCacheBehavior [ RunTime:0.000468s ]
INFO: [ app_begin ] --END-- [ RunTime:0.000755s ]
SQL: SELECT * FROM `jx_category`  [ RunTime:0.0002s ]

[ 2017-12-25T19:03:59+08:00 ] 127.0.0.1 /Home/User/login.html
INFO: [ app_begin ] --START--
INFO: Run Behavior\ReadHtmlCacheBehavior [ RunTime:0.000618s ]
INFO: [ app_begin ] --END-- [ RunTime:0.000988s ]
SQL: SELECT * FROM `jx_category`  [ RunTime:0.0001s ]

[ 2017-12-25T19:03:59+08:00 ] 127.0.0.1 /Home/User/login.html
INFO: [ app_begin ] --START--
INFO: Run Behavior\ReadHtmlCacheBehavior [ RunTime:0.000427s ]
INFO: [ app_begin ] --END-- [ RunTime:0.000733s ]
SQL: SELECT * FROM `jx_category`  [ RunTime:0.0002s ]

[ 2017-12-25T19:03:59+08:00 ] 127.0.0.1 /Home/User/login.html
INFO: [ app_begin ] --START--
INFO: Run Behavior\ReadHtmlCacheBehavior [ RunTime:0.000430s ]
INFO: [ app_begin ] --END-- [ RunTime:0.000732s ]
SQL: SELECT * FROM `jx_category`  [ RunTime:0.0002s ]

[ 2017-12-25T19:03:59+08:00 ] 127.0.0.1 /Home/User/login.html
INFO: [ app_begin ] --START--
INFO: Run Behavior\ReadHtmlCacheBehavior [ RunTime:0.000506s ]
INFO: [ app_begin ] --END-- [ RunTime:0.000786s ]
SQL: SELECT * FROM `jx_category`  [ RunTime:0.0002s ]

[ 2017-12-25T19:03:59+08:00 ] 127.0.0.1 /Home/User/login.html
INFO: [ app_begin ] --START--
INFO: Run Behavior\ReadHtmlCacheBehavior [ RunTime:0.000429s ]
INFO: [ app_begin ] --END-- [ RunTime:0.000706s ]
SQL: SELECT * FROM `jx_category`  [ RunTime:0.0002s ]

[ 2017-12-25T19:03:59+08:00 ] 127.0.0.1 /Home/User/login.html
INFO: [ app_begin ] --START--
INFO: Run Behavior\ReadHtmlCacheBehavior [ RunTime:0.000477s ]
INFO: [ app_begin ] --END-- [ RunTime:0.000747s ]
SQL: SELECT * FROM `jx_category`  [ RunTime:0.0002s ]

[ 2017-12-25T19:04:18+08:00 ] 127.0.0.1 /Home/User/login.html
INFO: [ app_begin ] --START--
INFO: Run Behavior\ReadHtmlCacheBehavior [ RunTime:0.000907s ]
INFO: [ app_begin ] --END-- [ RunTime:0.001426s ]
SQL: SELECT * FROM `jx_category`  [ RunTime:0.0002s ]

[ 2017-12-25T19:05:01+08:00 ] 127.0.0.1 /Home/User/login.html172.16.64.1/WebAuth_auth.asp?ip=192.168.12.51&4892e
ERR: 非法操作:login.html172.16.64.1

[ 2017-12-25T19:05:25+08:00 ] 127.0.0.1 /Home/User/login.html
INFO: [ app_begin ] --START--
INFO: Run Behavior\ReadHtmlCacheBehavior [ RunTime:0.000873s ]
INFO: [ app_begin ] --END-- [ RunTime:0.001398s ]
SQL: SELECT * FROM `jx_category`  [ RunTime:0.0002s ]

[ 2017-12-25T19:07:24+08:00 ] 127.0.0.1 /Home/User/login.html
INFO: [ app_begin ] --START--
INFO: Run Behavior\ReadHtmlCacheBehavior [ RunTime:0.000606s ]
INFO: [ app_begin ] --END-- [ RunTime:0.000979s ]
SQL: SELECT * FROM `jx_category`  [ RunTime:0.0002s ]

[ 2017-12-25T19:07:49+08:00 ] 127.0.0.1 /Home/User/login.html172.16.64.1/WebAuth_auth.asp?ip=192.168.12.51&4892e
ERR: 非法操作:login.html172.16.64.1

[ 2017-12-25T19:07:51+08:00 ] 127.0.0.1 /Home/User/login.html172.16.64.1/WebAuth_auth.asp?ip=192.168.12.51&4892e
ERR: 非法操作:login.html172.16.64.1

[ 2017-12-25T19:08:10+08:00 ] 127.0.0.1 /Home/User/login.html
INFO: [ app_begin ] --START--
INFO: Run Behavior\ReadHtmlCacheBehavior [ RunTime:0.001537s ]
INFO: [ app_begin ] --END-- [ RunTime:0.002121s ]
SQL: SELECT * FROM `jx_category`  [ RunTime:0.0002s ]
SQL: SELECT * FROM `jx_user` WHERE ( username='···' ) LIMIT 1   [ RunTime:0.0007s ]

[ 2017-12-25T19:08:33+08:00 ] 127.0.0.1 /Home/User/login.html
INFO: [ app_begin ] --START--
INFO: Run Behavior\ReadHtmlCacheBehavior [ RunTime:0.000478s ]
INFO: [ app_begin ] --END-- [ RunTime:0.000804s ]
SQL: SELECT * FROM `jx_category`  [ RunTime:0.0002s ]

[ 2017-12-25T19:09:11+08:00 ] 127.0.0.1 /Home/User/login.html
INFO: [ app_begin ] --START--
INFO: Run Behavior\ReadHtmlCacheBehavior [ RunTime:0.000496s ]
INFO: [ app_begin ] --END-- [ RunTime:0.000968s ]
SQL: SELECT * FROM `jx_category`  [ RunTime:0.0002s ]
SQL: SELECT * FROM `jx_user` WHERE ( username='老铁' ) LIMIT 1   [ RunTime:0.0004s ]
SQL: SHOW COLUMNS FROM `jx_cart` [ RunTime:0.0254s ]
ERR: Think\Model:cookie2db方法不存在！

[ 2017-12-25T19:09:26+08:00 ] 127.0.0.1 /Home/User/login.html
INFO: [ app_begin ] --START--
INFO: Run Behavior\ReadHtmlCacheBehavior [ RunTime:0.000495s ]
INFO: [ app_begin ] --END-- [ RunTime:0.000862s ]
SQL: SELECT * FROM `jx_category`  [ RunTime:0.0002s ]

[ 2017-12-25T19:11:03+08:00 ] 127.0.0.1 /Home/User/login.html
INFO: [ app_begin ] --START--
INFO: Run Behavior\ReadHtmlCacheBehavior [ RunTime:0.000627s ]
INFO: [ app_begin ] --END-- [ RunTime:0.000979s ]
SQL: SELECT * FROM `jx_category`  [ RunTime:0.0002s ]

[ 2017-12-25T19:11:24+08:00 ] 127.0.0.1 /Home/User/login.html
INFO: [ app_begin ] --START--
INFO: Run Behavior\ReadHtmlCacheBehavior [ RunTime:0.000478s ]
INFO: [ app_begin ] --END-- [ RunTime:0.000825s ]
SQL: SELECT * FROM `jx_category`  [ RunTime:0.0002s ]
SQL: SELECT * FROM `jx_user` WHERE ( username='老铁' ) LIMIT 1   [ RunTime:0.0002s ]
SQL: SHOW COLUMNS FROM `jx_cart` [ RunTime:0.0247s ]
ERR: Think\Model:cookie2db方法不存在！

[ 2017-12-25T19:12:08+08:00 ] 127.0.0.1 /Home/User/login.html
INFO: [ app_begin ] --START--
INFO: Run Behavior\ReadHtmlCacheBehavior [ RunTime:0.000565s ]
INFO: [ app_begin ] --END-- [ RunTime:0.000896s ]
SQL: SELECT * FROM `jx_category`  [ RunTime:0.0002s ]

[ 2017-12-25T19:12:26+08:00 ] 127.0.0.1 /Home/User/login.html
INFO: [ app_begin ] --START--
INFO: Run Behavior\ReadHtmlCacheBehavior [ RunTime:0.000471s ]
INFO: [ app_begin ] --END-- [ RunTime:0.000778s ]
SQL: SELECT * FROM `jx_category`  [ RunTime:0.0001s ]
SQL: SELECT * FROM `jx_user` WHERE ( username='老铁' ) LIMIT 1   [ RunTime:0.0002s ]
SQL: SHOW COLUMNS FROM `jx_cart` [ RunTime:0.0198s ]
ERR: Think\Model:cookie2db方法不存在！

[ 2017-12-25T19:12:50+08:00 ] 127.0.0.1 /Home/User/login.html
INFO: [ app_begin ] --START--
INFO: Run Behavior\ReadHtmlCacheBehavior [ RunTime:0.002022s ]
INFO: [ app_begin ] --END-- [ RunTime:0.002468s ]
SQL: SELECT * FROM `jx_category`  [ RunTime:0.0002s ]
SQL: SELECT * FROM `jx_user` WHERE ( username='老铁' ) LIMIT 1   [ RunTime:0.0002s ]
SQL: SHOW COLUMNS FROM `jx_cart` [ RunTime:0.0237s ]
ERR: Think\Model:cookie2db方法不存在！

[ 2017-12-25T19:13:08+08:00 ] 127.0.0.1 /Home/User/login.html
INFO: [ app_begin ] --START--
INFO: Run Behavior\ReadHtmlCacheBehavior [ RunTime:0.000780s ]
INFO: [ app_begin ] --END-- [ RunTime:0.001186s ]
SQL: SELECT * FROM `jx_category`  [ RunTime:0.0002s ]

[ 2017-12-25T19:14:14+08:00 ] 127.0.0.1 /Home/User/login.html
INFO: [ app_begin ] --START--
INFO: Run Behavior\ReadHtmlCacheBehavior [ RunTime:0.000874s ]
INFO: [ app_begin ] --END-- [ RunTime:0.001531s ]
SQL: SELECT * FROM `jx_category`  [ RunTime:0.0003s ]

[ 2017-12-25T19:14:49+08:00 ] 127.0.0.1 /Home/User/login.html
INFO: [ app_begin ] --START--
INFO: Run Behavior\ReadHtmlCacheBehavior [ RunTime:0.000637s ]
INFO: [ app_begin ] --END-- [ RunTime:0.001119s ]
SQL: SELECT * FROM `jx_category`  [ RunTime:0.0002s ]
SQL: SELECT * FROM `jx_user` WHERE ( username='老铁' ) LIMIT 1   [ RunTime:0.0002s ]
SQL: SHOW COLUMNS FROM `jx_cart` [ RunTime:0.0197s ]
ERR: Think\Model:cookie2db方法不存在！
NOTIC: [2] Cannot modify header information - headers already sent by (output started at E:\xunizhuji\think\Application\Home\Controller\UserController.class.php:51) E:\xunizhuji\think\ThinkPHP\Library\Think\Think.class.php 第 229 行.
NOTIC: [2] Cannot modify header information - headers already sent by (output started at E:\xunizhuji\think\Application\Home\Controller\UserController.class.php:51) E:\xunizhuji\think\ThinkPHP\Library\Think\Think.class.php 第 230 行.

[ 2017-12-25T19:15:16+08:00 ] 127.0.0.1 /Home/User/login.html
INFO: [ app_begin ] --START--
INFO: Run Behavior\ReadHtmlCacheBehavior [ RunTime:0.001208s ]
INFO: [ app_begin ] --END-- [ RunTime:0.001825s ]
SQL: SELECT * FROM `jx_category`  [ RunTime:0.0002s ]
SQL: SELECT * FROM `jx_user` WHERE ( username='老铁' ) LIMIT 1   [ RunTime:0.0002s ]
SQL: SHOW COLUMNS FROM `jx_cart` [ RunTime:0.0232s ]
ERR: Think\Model:cookie2db方法不存在！

[ 2017-12-25T19:16:13+08:00 ] 127.0.0.1 /Home/User/login.html
INFO: [ app_begin ] --START--
INFO: Run Behavior\ReadHtmlCacheBehavior [ RunTime:0.000536s ]
INFO: [ app_begin ] --END-- [ RunTime:0.000874s ]
SQL: SELECT * FROM `jx_category`  [ RunTime:0.0002s ]
SQL: SELECT * FROM `jx_user` WHERE ( username='老铁' ) LIMIT 1   [ RunTime:0.0003s ]
SQL: SHOW COLUMNS FROM `jx_cart` [ RunTime:0.0223s ]
ERR: Think\Model:cookie2db方法不存在！

[ 2017-12-25T19:16:55+08:00 ] 127.0.0.1 /Home/User/login.html
INFO: [ app_begin ] --START--
INFO: Run Behavior\ReadHtmlCacheBehavior [ RunTime:0.000726s ]
INFO: [ app_begin ] --END-- [ RunTime:0.004000s ]
SQL: SELECT * FROM `jx_category`  [ RunTime:0.0002s ]
SQL: SELECT * FROM `jx_user` WHERE ( username='老铁' ) LIMIT 1   [ RunTime:0.0008s ]

[ 2017-12-25T19:17:05+08:00 ] 127.0.0.1 /Home/User/login.html
INFO: [ app_begin ] --START--
INFO: Run Behavior\ReadHtmlCacheBehavior [ RunTime:0.000474s ]
INFO: [ app_begin ] --END-- [ RunTime:0.000810s ]
SQL: SELECT * FROM `jx_category`  [ RunTime:0.0002s ]
SQL: SELECT * FROM `jx_user` WHERE ( username='老铁' ) LIMIT 1   [ RunTime:0.0002s ]

