[ 2018-01-07T17:33:25+08:00 ] 127.0.0.1 /User/regist_sms.html
INFO: [ app_begin ] --START--
INFO: Run Behavior\ReadHtmlCacheBehavior [ RunTime:0.000367s ]
INFO: [ app_begin ] --END-- [ RunTime:0.000756s ]
SQL: SELECT * FROM `jx_category`  [ RunTime:0.0013s ]
ERR: 非法操作:regist_sms

[ 2018-01-07T17:33:27+08:00 ] 127.0.0.1 /User/regist_sms.html
INFO: [ app_begin ] --START--
INFO: Run Behavior\ReadHtmlCacheBehavior [ RunTime:0.000362s ]
INFO: [ app_begin ] --END-- [ RunTime:0.000703s ]
SQL: SELECT * FROM `jx_category`  [ RunTime:0.0014s ]
ERR: 非法操作:regist_sms

[ 2018-01-07T17:33:28+08:00 ] 127.0.0.1 /User/regist_sms.html
INFO: [ app_begin ] --START--
INFO: Run Behavior\ReadHtmlCacheBehavior [ RunTime:0.000436s ]
INFO: [ app_begin ] --END-- [ RunTime:0.000897s ]
SQL: SELECT * FROM `jx_category`  [ RunTime:0.0012s ]
ERR: 非法操作:regist_sms

[ 2018-01-07T17:33:28+08:00 ] 127.0.0.1 /User/regist_sms.html
INFO: [ app_begin ] --START--
INFO: Run Behavior\ReadHtmlCacheBehavior [ RunTime:0.000421s ]
INFO: [ app_begin ] --END-- [ RunTime:0.000764s ]
SQL: SELECT * FROM `jx_category`  [ RunTime:0.0012s ]
ERR: 非法操作:regist_sms

[ 2018-01-07T17:33:30+08:00 ] 127.0.0.1 /User/regist_sms.html
INFO: [ app_begin ] --START--
INFO: Run Behavior\ReadHtmlCacheBehavior [ RunTime:0.000440s ]
INFO: [ app_begin ] --END-- [ RunTime:0.000882s ]
SQL: SELECT * FROM `jx_category`  [ RunTime:0.0014s ]
ERR: 非法操作:regist_sms

[ 2018-01-07T17:33:31+08:00 ] 127.0.0.1 /User/regist_sms.html
INFO: [ app_begin ] --START--
INFO: Run Behavior\ReadHtmlCacheBehavior [ RunTime:0.000422s ]
INFO: [ app_begin ] --END-- [ RunTime:0.000764s ]
SQL: SELECT * FROM `jx_category`  [ RunTime:0.0014s ]
ERR: 非法操作:regist_sms

[ 2018-01-07T17:33:31+08:00 ] 127.0.0.1 /User/regist_sms.html
INFO: [ app_begin ] --START--
INFO: Run Behavior\ReadHtmlCacheBehavior [ RunTime:0.000396s ]
INFO: [ app_begin ] --END-- [ RunTime:0.000739s ]
SQL: SELECT * FROM `jx_category`  [ RunTime:0.0013s ]
ERR: 非法操作:regist_sms

[ 2018-01-07T17:33:31+08:00 ] 127.0.0.1 /User/regist_sms.html
INFO: [ app_begin ] --START--
INFO: Run Behavior\ReadHtmlCacheBehavior [ RunTime:0.000424s ]
INFO: [ app_begin ] --END-- [ RunTime:0.000792s ]
SQL: SELECT * FROM `jx_category`  [ RunTime:0.0012s ]
ERR: 非法操作:regist_sms

[ 2018-01-07T17:33:46+08:00 ] 127.0.0.1 /User/regist_sms.html
INFO: [ app_begin ] --START--
INFO: Run Behavior\ReadHtmlCacheBehavior [ RunTime:0.000600s ]
INFO: [ app_begin ] --END-- [ RunTime:0.001168s ]
SQL: SELECT * FROM `jx_category`  [ RunTime:0.0015s ]
ERR: 非法操作:regist_sms

[ 2018-01-07T17:33:47+08:00 ] 127.0.0.1 /User/regist_sms.html
INFO: [ app_begin ] --START--
INFO: Run Behavior\ReadHtmlCacheBehavior [ RunTime:0.000364s ]
INFO: [ app_begin ] --END-- [ RunTime:0.000716s ]
SQL: SELECT * FROM `jx_category`  [ RunTime:0.0013s ]
ERR: 非法操作:regist_sms

