[ 2017-12-22T00:02:34+08:00 ] 127.0.0.1 /Admin/Goods/showAttr.html
INFO: [ app_begin ] --START--
INFO: Run Behavior\ReadHtmlCacheBehavior [ RunTime:0.000939s ]
INFO: [ app_begin ] --END-- [ RunTime:0.001299s ]
SQL: SHOW COLUMNS FROM `jx_admin_role` [ RunTime:0.0191s ]
SQL: SELECT * FROM `jx_admin_role` WHERE ( admin_id=7 ) LIMIT 1   [ RunTime:0.0002s ]
SQL: SELECT * FROM `jx_rule`  [ RunTime:0.0003s ]
NOTIC: [8] Undefined index: model_name C:\xunizhuji\think\Application\Admin\Controller\CommonController.class.php 第 48 行.
NOTIC: [8] Undefined index: model_name C:\xunizhuji\think\Application\Admin\Controller\CommonController.class.php 第 48 行.
NOTIC: [8] Undefined index: model_name C:\xunizhuji\think\Application\Admin\Controller\CommonController.class.php 第 48 行.
NOTIC: [8] Undefined index: model_name C:\xunizhuji\think\Application\Admin\Controller\CommonController.class.php 第 48 行.
NOTIC: [8] Undefined index: model_name C:\xunizhuji\think\Application\Admin\Controller\CommonController.class.php 第 48 行.
NOTIC: [8] Undefined index: model_name C:\xunizhuji\think\Application\Admin\Controller\CommonController.class.php 第 48 行.
NOTIC: [8] Undefined index: model_name C:\xunizhuji\think\Application\Admin\Controller\CommonController.class.php 第 48 行.
NOTIC: [8] Undefined index: model_name C:\xunizhuji\think\Application\Admin\Controller\CommonController.class.php 第 48 行.
NOTIC: [8] Undefined index: model_name C:\xunizhuji\think\Application\Admin\Controller\CommonController.class.php 第 48 行.
NOTIC: [8] Undefined index: model_name C:\xunizhuji\think\Application\Admin\Controller\CommonController.class.php 第 48 行.
NOTIC: [8] Undefined index: model_name C:\xunizhuji\think\Application\Admin\Controller\CommonController.class.php 第 48 行.
NOTIC: [8] Undefined index: model_name C:\xunizhuji\think\Application\Admin\Controller\CommonController.class.php 第 48 行.
NOTIC: [8] Undefined index: model_name C:\xunizhuji\think\Application\Admin\Controller\CommonController.class.php 第 48 行.
NOTIC: [8] Undefined index: model_name C:\xunizhuji\think\Application\Admin\Controller\CommonController.class.php 第 48 行.
NOTIC: [8] Undefined index: model_name C:\xunizhuji\think\Application\Admin\Controller\CommonController.class.php 第 48 行.
NOTIC: [8] Undefined index: model_name C:\xunizhuji\think\Application\Admin\Controller\CommonController.class.php 第 48 行.
NOTIC: [8] Undefined index: model_name C:\xunizhuji\think\Application\Admin\Controller\CommonController.class.php 第 48 行.
NOTIC: [8] Undefined index: model_name C:\xunizhuji\think\Application\Admin\Controller\CommonController.class.php 第 48 行.
NOTIC: [8] Undefined index: model_name C:\xunizhuji\think\Application\Admin\Controller\CommonController.class.php 第 48 行.
NOTIC: [8] Undefined index: model_name C:\xunizhuji\think\Application\Admin\Controller\CommonController.class.php 第 48 行.
NOTIC: [8] Undefined index: model_name C:\xunizhuji\think\Application\Admin\Controller\CommonController.class.php 第 48 行.
NOTIC: [8] Undefined index: model_name C:\xunizhuji\think\Application\Admin\Controller\CommonController.class.php 第 48 行.
NOTIC: [8] Undefined index: model_name C:\xunizhuji\think\Application\Admin\Controller\CommonController.class.php 第 48 行.
NOTIC: [8] Undefined index: model_name C:\xunizhuji\think\Application\Admin\Controller\CommonController.class.php 第 48 行.
SQL: SELECT * FROM `jx_attribute` WHERE ( type_id=7 )  [ RunTime:0.0003s ]
INFO: [ view_parse ] --START--
INFO: [ template_filter ] --START--
INFO: Run Behavior\ContentReplaceBehavior [ RunTime:0.000038s ]
INFO: [ template_filter ] --END-- [ RunTime:0.000074s ]
INFO: Run Behavior\ParseTemplateBehavior [ RunTime:0.008773s ]
INFO: [ view_parse ] --END-- [ RunTime:0.008825s ]
INFO: [ view_filter ] --START--
INFO: Run Behavior\WriteHtmlCacheBehavior [ RunTime:0.000608s ]
INFO: [ view_filter ] --END-- [ RunTime:0.000660s ]
INFO: [ app_end ] --START--
INFO: Run Behavior\ShowPageTraceBehavior [ RunTime:0.001253s ]
INFO: [ app_end ] --END-- [ RunTime:0.001300s ]

[ 2017-12-22T09:50:23+08:00 ] 127.0.0.1 /Admin/Goods/showAttr.html
INFO: [ app_begin ] --START--
INFO: Run Behavior\ReadHtmlCacheBehavior [ RunTime:0.000512s ]
INFO: [ app_begin ] --END-- [ RunTime:0.000800s ]
SQL: SHOW COLUMNS FROM `jx_admin_role` [ RunTime:0.0189s ]
SQL: SELECT * FROM `jx_admin_role` WHERE ( admin_id=7 ) LIMIT 1   [ RunTime:0.0002s ]
SQL: SELECT * FROM `jx_rule`  [ RunTime:0.0003s ]
NOTIC: [8] Undefined index: model_name C:\xunizhuji\think\Application\Admin\Controller\CommonController.class.php 第 48 行.
NOTIC: [8] Undefined index: model_name C:\xunizhuji\think\Application\Admin\Controller\CommonController.class.php 第 48 行.
NOTIC: [8] Undefined index: model_name C:\xunizhuji\think\Application\Admin\Controller\CommonController.class.php 第 48 行.
NOTIC: [8] Undefined index: model_name C:\xunizhuji\think\Application\Admin\Controller\CommonController.class.php 第 48 行.
NOTIC: [8] Undefined index: model_name C:\xunizhuji\think\Application\Admin\Controller\CommonController.class.php 第 48 行.
NOTIC: [8] Undefined index: model_name C:\xunizhuji\think\Application\Admin\Controller\CommonController.class.php 第 48 行.
NOTIC: [8] Undefined index: model_name C:\xunizhuji\think\Application\Admin\Controller\CommonController.class.php 第 48 行.
NOTIC: [8] Undefined index: model_name C:\xunizhuji\think\Application\Admin\Controller\CommonController.class.php 第 48 行.
NOTIC: [8] Undefined index: model_name C:\xunizhuji\think\Application\Admin\Controller\CommonController.class.php 第 48 行.
NOTIC: [8] Undefined index: model_name C:\xunizhuji\think\Application\Admin\Controller\CommonController.class.php 第 48 行.
NOTIC: [8] Undefined index: model_name C:\xunizhuji\think\Application\Admin\Controller\CommonController.class.php 第 48 行.
NOTIC: [8] Undefined index: model_name C:\xunizhuji\think\Application\Admin\Controller\CommonController.class.php 第 48 行.
NOTIC: [8] Undefined index: model_name C:\xunizhuji\think\Application\Admin\Controller\CommonController.class.php 第 48 行.
NOTIC: [8] Undefined index: model_name C:\xunizhuji\think\Application\Admin\Controller\CommonController.class.php 第 48 行.
NOTIC: [8] Undefined index: model_name C:\xunizhuji\think\Application\Admin\Controller\CommonController.class.php 第 48 行.
NOTIC: [8] Undefined index: model_name C:\xunizhuji\think\Application\Admin\Controller\CommonController.class.php 第 48 行.
NOTIC: [8] Undefined index: model_name C:\xunizhuji\think\Application\Admin\Controller\CommonController.class.php 第 48 行.
NOTIC: [8] Undefined index: model_name C:\xunizhuji\think\Application\Admin\Controller\CommonController.class.php 第 48 行.
NOTIC: [8] Undefined index: model_name C:\xunizhuji\think\Application\Admin\Controller\CommonController.class.php 第 48 行.
NOTIC: [8] Undefined index: model_name C:\xunizhuji\think\Application\Admin\Controller\CommonController.class.php 第 48 行.
NOTIC: [8] Undefined index: model_name C:\xunizhuji\think\Application\Admin\Controller\CommonController.class.php 第 48 行.
NOTIC: [8] Undefined index: model_name C:\xunizhuji\think\Application\Admin\Controller\CommonController.class.php 第 48 行.
NOTIC: [8] Undefined index: model_name C:\xunizhuji\think\Application\Admin\Controller\CommonController.class.php 第 48 行.
NOTIC: [8] Undefined index: model_name C:\xunizhuji\think\Application\Admin\Controller\CommonController.class.php 第 48 行.
SQL: SELECT * FROM `jx_attribute` WHERE ( type_id=2 )  [ RunTime:0.0004s ]
INFO: [ view_parse ] --START--
INFO: [ template_filter ] --START--
INFO: Run Behavior\ContentReplaceBehavior [ RunTime:0.000038s ]
INFO: [ template_filter ] --END-- [ RunTime:0.000074s ]
INFO: Run Behavior\ParseTemplateBehavior [ RunTime:0.026791s ]
INFO: [ view_parse ] --END-- [ RunTime:0.026868s ]
INFO: [ view_filter ] --START--
INFO: Run Behavior\WriteHtmlCacheBehavior [ RunTime:0.000344s ]
INFO: [ view_filter ] --END-- [ RunTime:0.000387s ]
INFO: [ app_end ] --START--
INFO: Run Behavior\ShowPageTraceBehavior [ RunTime:0.000584s ]
INFO: [ app_end ] --END-- [ RunTime:0.000629s ]

[ 2017-12-22T09:50:24+08:00 ] 127.0.0.1 /Admin/Goods/showAttr.html
INFO: [ app_begin ] --START--
INFO: Run Behavior\ReadHtmlCacheBehavior [ RunTime:0.000585s ]
INFO: [ app_begin ] --END-- [ RunTime:0.000933s ]
SQL: SHOW COLUMNS FROM `jx_admin_role` [ RunTime:0.0188s ]
SQL: SELECT * FROM `jx_admin_role` WHERE ( admin_id=7 ) LIMIT 1   [ RunTime:0.0002s ]
SQL: SELECT * FROM `jx_rule`  [ RunTime:0.0003s ]
NOTIC: [8] Undefined index: model_name C:\xunizhuji\think\Application\Admin\Controller\CommonController.class.php 第 48 行.
NOTIC: [8] Undefined index: model_name C:\xunizhuji\think\Application\Admin\Controller\CommonController.class.php 第 48 行.
NOTIC: [8] Undefined index: model_name C:\xunizhuji\think\Application\Admin\Controller\CommonController.class.php 第 48 行.
NOTIC: [8] Undefined index: model_name C:\xunizhuji\think\Application\Admin\Controller\CommonController.class.php 第 48 行.
NOTIC: [8] Undefined index: model_name C:\xunizhuji\think\Application\Admin\Controller\CommonController.class.php 第 48 行.
NOTIC: [8] Undefined index: model_name C:\xunizhuji\think\Application\Admin\Controller\CommonController.class.php 第 48 行.
NOTIC: [8] Undefined index: model_name C:\xunizhuji\think\Application\Admin\Controller\CommonController.class.php 第 48 行.
NOTIC: [8] Undefined index: model_name C:\xunizhuji\think\Application\Admin\Controller\CommonController.class.php 第 48 行.
NOTIC: [8] Undefined index: model_name C:\xunizhuji\think\Application\Admin\Controller\CommonController.class.php 第 48 行.
NOTIC: [8] Undefined index: model_name C:\xunizhuji\think\Application\Admin\Controller\CommonController.class.php 第 48 行.
NOTIC: [8] Undefined index: model_name C:\xunizhuji\think\Application\Admin\Controller\CommonController.class.php 第 48 行.
NOTIC: [8] Undefined index: model_name C:\xunizhuji\think\Application\Admin\Controller\CommonController.class.php 第 48 行.
NOTIC: [8] Undefined index: model_name C:\xunizhuji\think\Application\Admin\Controller\CommonController.class.php 第 48 行.
NOTIC: [8] Undefined index: model_name C:\xunizhuji\think\Application\Admin\Controller\CommonController.class.php 第 48 行.
NOTIC: [8] Undefined index: model_name C:\xunizhuji\think\Application\Admin\Controller\CommonController.class.php 第 48 行.
NOTIC: [8] Undefined index: model_name C:\xunizhuji\think\Application\Admin\Controller\CommonController.class.php 第 48 行.
NOTIC: [8] Undefined index: model_name C:\xunizhuji\think\Application\Admin\Controller\CommonController.class.php 第 48 行.
NOTIC: [8] Undefined index: model_name C:\xunizhuji\think\Application\Admin\Controller\CommonController.class.php 第 48 行.
NOTIC: [8] Undefined index: model_name C:\xunizhuji\think\Application\Admin\Controller\CommonController.class.php 第 48 行.
NOTIC: [8] Undefined index: model_name C:\xunizhuji\think\Application\Admin\Controller\CommonController.class.php 第 48 行.
NOTIC: [8] Undefined index: model_name C:\xunizhuji\think\Application\Admin\Controller\CommonController.class.php 第 48 行.
NOTIC: [8] Undefined index: model_name C:\xunizhuji\think\Application\Admin\Controller\CommonController.class.php 第 48 行.
NOTIC: [8] Undefined index: model_name C:\xunizhuji\think\Application\Admin\Controller\CommonController.class.php 第 48 行.
NOTIC: [8] Undefined index: model_name C:\xunizhuji\think\Application\Admin\Controller\CommonController.class.php 第 48 行.
SQL: SELECT * FROM `jx_attribute` WHERE ( type_id=1 )  [ RunTime:0.0003s ]
INFO: [ view_parse ] --START--
INFO: [ template_filter ] --START--
INFO: Run Behavior\ContentReplaceBehavior [ RunTime:0.000041s ]
INFO: [ template_filter ] --END-- [ RunTime:0.000078s ]
INFO: Run Behavior\ParseTemplateBehavior [ RunTime:0.008147s ]
INFO: [ view_parse ] --END-- [ RunTime:0.008200s ]
INFO: [ view_filter ] --START--
INFO: Run Behavior\WriteHtmlCacheBehavior [ RunTime:0.000451s ]
INFO: [ view_filter ] --END-- [ RunTime:0.000479s ]
INFO: [ app_end ] --START--
INFO: Run Behavior\ShowPageTraceBehavior [ RunTime:0.000655s ]
INFO: [ app_end ] --END-- [ RunTime:0.000693s ]

[ 2017-12-22T09:50:54+08:00 ] 127.0.0.1 /Admin/Goods/showAttr.html
INFO: [ app_begin ] --START--
INFO: Run Behavior\ReadHtmlCacheBehavior [ RunTime:0.000541s ]
INFO: [ app_begin ] --END-- [ RunTime:0.000835s ]
SQL: SHOW COLUMNS FROM `jx_admin_role` [ RunTime:0.0180s ]
SQL: SELECT * FROM `jx_admin_role` WHERE ( admin_id=7 ) LIMIT 1   [ RunTime:0.0002s ]
SQL: SELECT * FROM `jx_rule`  [ RunTime:0.0003s ]
NOTIC: [8] Undefined index: model_name C:\xunizhuji\think\Application\Admin\Controller\CommonController.class.php 第 48 行.
NOTIC: [8] Undefined index: model_name C:\xunizhuji\think\Application\Admin\Controller\CommonController.class.php 第 48 行.
NOTIC: [8] Undefined index: model_name C:\xunizhuji\think\Application\Admin\Controller\CommonController.class.php 第 48 行.
NOTIC: [8] Undefined index: model_name C:\xunizhuji\think\Application\Admin\Controller\CommonController.class.php 第 48 行.
NOTIC: [8] Undefined index: model_name C:\xunizhuji\think\Application\Admin\Controller\CommonController.class.php 第 48 行.
NOTIC: [8] Undefined index: model_name C:\xunizhuji\think\Application\Admin\Controller\CommonController.class.php 第 48 行.
NOTIC: [8] Undefined index: model_name C:\xunizhuji\think\Application\Admin\Controller\CommonController.class.php 第 48 行.
NOTIC: [8] Undefined index: model_name C:\xunizhuji\think\Application\Admin\Controller\CommonController.class.php 第 48 行.
NOTIC: [8] Undefined index: model_name C:\xunizhuji\think\Application\Admin\Controller\CommonController.class.php 第 48 行.
NOTIC: [8] Undefined index: model_name C:\xunizhuji\think\Application\Admin\Controller\CommonController.class.php 第 48 行.
NOTIC: [8] Undefined index: model_name C:\xunizhuji\think\Application\Admin\Controller\CommonController.class.php 第 48 行.
NOTIC: [8] Undefined index: model_name C:\xunizhuji\think\Application\Admin\Controller\CommonController.class.php 第 48 行.
NOTIC: [8] Undefined index: model_name C:\xunizhuji\think\Application\Admin\Controller\CommonController.class.php 第 48 行.
NOTIC: [8] Undefined index: model_name C:\xunizhuji\think\Application\Admin\Controller\CommonController.class.php 第 48 行.
NOTIC: [8] Undefined index: model_name C:\xunizhuji\think\Application\Admin\Controller\CommonController.class.php 第 48 行.
NOTIC: [8] Undefined index: model_name C:\xunizhuji\think\Application\Admin\Controller\CommonController.class.php 第 48 行.
NOTIC: [8] Undefined index: model_name C:\xunizhuji\think\Application\Admin\Controller\CommonController.class.php 第 48 行.
NOTIC: [8] Undefined index: model_name C:\xunizhuji\think\Application\Admin\Controller\CommonController.class.php 第 48 行.
NOTIC: [8] Undefined index: model_name C:\xunizhuji\think\Application\Admin\Controller\CommonController.class.php 第 48 行.
NOTIC: [8] Undefined index: model_name C:\xunizhuji\think\Application\Admin\Controller\CommonController.class.php 第 48 行.
NOTIC: [8] Undefined index: model_name C:\xunizhuji\think\Application\Admin\Controller\CommonController.class.php 第 48 行.
NOTIC: [8] Undefined index: model_name C:\xunizhuji\think\Application\Admin\Controller\CommonController.class.php 第 48 行.
NOTIC: [8] Undefined index: model_name C:\xunizhuji\think\Application\Admin\Controller\CommonController.class.php 第 48 行.
NOTIC: [8] Undefined index: model_name C:\xunizhuji\think\Application\Admin\Controller\CommonController.class.php 第 48 行.

[ 2017-12-22T09:50:56+08:00 ] 127.0.0.1 /Admin/Goods/showAttr.html
INFO: [ app_begin ] --START--
INFO: Run Behavior\ReadHtmlCacheBehavior [ RunTime:0.000476s ]
INFO: [ app_begin ] --END-- [ RunTime:0.000758s ]
SQL: SHOW COLUMNS FROM `jx_admin_role` [ RunTime:0.0190s ]
SQL: SELECT * FROM `jx_admin_role` WHERE ( admin_id=7 ) LIMIT 1   [ RunTime:0.0001s ]
SQL: SELECT * FROM `jx_rule`  [ RunTime:0.0003s ]
NOTIC: [8] Undefined index: model_name C:\xunizhuji\think\Application\Admin\Controller\CommonController.class.php 第 48 行.
NOTIC: [8] Undefined index: model_name C:\xunizhuji\think\Application\Admin\Controller\CommonController.class.php 第 48 行.
NOTIC: [8] Undefined index: model_name C:\xunizhuji\think\Application\Admin\Controller\CommonController.class.php 第 48 行.
NOTIC: [8] Undefined index: model_name C:\xunizhuji\think\Application\Admin\Controller\CommonController.class.php 第 48 行.
NOTIC: [8] Undefined index: model_name C:\xunizhuji\think\Application\Admin\Controller\CommonController.class.php 第 48 行.
NOTIC: [8] Undefined index: model_name C:\xunizhuji\think\Application\Admin\Controller\CommonController.class.php 第 48 行.
NOTIC: [8] Undefined index: model_name C:\xunizhuji\think\Application\Admin\Controller\CommonController.class.php 第 48 行.
NOTIC: [8] Undefined index: model_name C:\xunizhuji\think\Application\Admin\Controller\CommonController.class.php 第 48 行.
NOTIC: [8] Undefined index: model_name C:\xunizhuji\think\Application\Admin\Controller\CommonController.class.php 第 48 行.
NOTIC: [8] Undefined index: model_name C:\xunizhuji\think\Application\Admin\Controller\CommonController.class.php 第 48 行.
NOTIC: [8] Undefined index: model_name C:\xunizhuji\think\Application\Admin\Controller\CommonController.class.php 第 48 行.
NOTIC: [8] Undefined index: model_name C:\xunizhuji\think\Application\Admin\Controller\CommonController.class.php 第 48 行.
NOTIC: [8] Undefined index: model_name C:\xunizhuji\think\Application\Admin\Controller\CommonController.class.php 第 48 行.
NOTIC: [8] Undefined index: model_name C:\xunizhuji\think\Application\Admin\Controller\CommonController.class.php 第 48 行.
NOTIC: [8] Undefined index: model_name C:\xunizhuji\think\Application\Admin\Controller\CommonController.class.php 第 48 行.
NOTIC: [8] Undefined index: model_name C:\xunizhuji\think\Application\Admin\Controller\CommonController.class.php 第 48 行.
NOTIC: [8] Undefined index: model_name C:\xunizhuji\think\Application\Admin\Controller\CommonController.class.php 第 48 行.
NOTIC: [8] Undefined index: model_name C:\xunizhuji\think\Application\Admin\Controller\CommonController.class.php 第 48 行.
NOTIC: [8] Undefined index: model_name C:\xunizhuji\think\Application\Admin\Controller\CommonController.class.php 第 48 行.
NOTIC: [8] Undefined index: model_name C:\xunizhuji\think\Application\Admin\Controller\CommonController.class.php 第 48 行.
NOTIC: [8] Undefined index: model_name C:\xunizhuji\think\Application\Admin\Controller\CommonController.class.php 第 48 行.
NOTIC: [8] Undefined index: model_name C:\xunizhuji\think\Application\Admin\Controller\CommonController.class.php 第 48 行.
NOTIC: [8] Undefined index: model_name C:\xunizhuji\think\Application\Admin\Controller\CommonController.class.php 第 48 行.
NOTIC: [8] Undefined index: model_name C:\xunizhuji\think\Application\Admin\Controller\CommonController.class.php 第 48 行.
SQL: SELECT * FROM `jx_attribute` WHERE ( type_id=1 )  [ RunTime:0.0002s ]
INFO: [ view_parse ] --START--
INFO: [ template_filter ] --START--
INFO: Run Behavior\ContentReplaceBehavior [ RunTime:0.000057s ]
INFO: [ template_filter ] --END-- [ RunTime:0.000113s ]
INFO: Run Behavior\ParseTemplateBehavior [ RunTime:0.008406s ]
INFO: [ view_parse ] --END-- [ RunTime:0.008463s ]
INFO: [ view_filter ] --START--
INFO: Run Behavior\WriteHtmlCacheBehavior [ RunTime:0.000340s ]
INFO: [ view_filter ] --END-- [ RunTime:0.000366s ]
INFO: [ app_end ] --START--
INFO: Run Behavior\ShowPageTraceBehavior [ RunTime:0.000502s ]
INFO: [ app_end ] --END-- [ RunTime:0.000532s ]

[ 2017-12-22T09:59:13+08:00 ] 127.0.0.1 /Admin/Goods/showAttr.html
INFO: [ app_begin ] --START--
INFO: Run Behavior\ReadHtmlCacheBehavior [ RunTime:0.000527s ]
INFO: [ app_begin ] --END-- [ RunTime:0.000862s ]
SQL: SHOW COLUMNS FROM `jx_admin_role` [ RunTime:0.0196s ]
SQL: SELECT * FROM `jx_admin_role` WHERE ( admin_id=7 ) LIMIT 1   [ RunTime:0.0002s ]
SQL: SELECT * FROM `jx_rule`  [ RunTime:0.0003s ]
NOTIC: [8] Undefined index: model_name C:\xunizhuji\think\Application\Admin\Controller\CommonController.class.php 第 48 行.
NOTIC: [8] Undefined index: model_name C:\xunizhuji\think\Application\Admin\Controller\CommonController.class.php 第 48 行.
NOTIC: [8] Undefined index: model_name C:\xunizhuji\think\Application\Admin\Controller\CommonController.class.php 第 48 行.
NOTIC: [8] Undefined index: model_name C:\xunizhuji\think\Application\Admin\Controller\CommonController.class.php 第 48 行.
NOTIC: [8] Undefined index: model_name C:\xunizhuji\think\Application\Admin\Controller\CommonController.class.php 第 48 行.
NOTIC: [8] Undefined index: model_name C:\xunizhuji\think\Application\Admin\Controller\CommonController.class.php 第 48 行.
NOTIC: [8] Undefined index: model_name C:\xunizhuji\think\Application\Admin\Controller\CommonController.class.php 第 48 行.
NOTIC: [8] Undefined index: model_name C:\xunizhuji\think\Application\Admin\Controller\CommonController.class.php 第 48 行.
NOTIC: [8] Undefined index: model_name C:\xunizhuji\think\Application\Admin\Controller\CommonController.class.php 第 48 行.
NOTIC: [8] Undefined index: model_name C:\xunizhuji\think\Application\Admin\Controller\CommonController.class.php 第 48 行.
NOTIC: [8] Undefined index: model_name C:\xunizhuji\think\Application\Admin\Controller\CommonController.class.php 第 48 行.
NOTIC: [8] Undefined index: model_name C:\xunizhuji\think\Application\Admin\Controller\CommonController.class.php 第 48 行.
NOTIC: [8] Undefined index: model_name C:\xunizhuji\think\Application\Admin\Controller\CommonController.class.php 第 48 行.
NOTIC: [8] Undefined index: model_name C:\xunizhuji\think\Application\Admin\Controller\CommonController.class.php 第 48 行.
NOTIC: [8] Undefined index: model_name C:\xunizhuji\think\Application\Admin\Controller\CommonController.class.php 第 48 行.
NOTIC: [8] Undefined index: model_name C:\xunizhuji\think\Application\Admin\Controller\CommonController.class.php 第 48 行.
NOTIC: [8] Undefined index: model_name C:\xunizhuji\think\Application\Admin\Controller\CommonController.class.php 第 48 行.
NOTIC: [8] Undefined index: model_name C:\xunizhuji\think\Application\Admin\Controller\CommonController.class.php 第 48 行.
NOTIC: [8] Undefined index: model_name C:\xunizhuji\think\Application\Admin\Controller\CommonController.class.php 第 48 行.
NOTIC: [8] Undefined index: model_name C:\xunizhuji\think\Application\Admin\Controller\CommonController.class.php 第 48 行.
NOTIC: [8] Undefined index: model_name C:\xunizhuji\think\Application\Admin\Controller\CommonController.class.php 第 48 行.
NOTIC: [8] Undefined index: model_name C:\xunizhuji\think\Application\Admin\Controller\CommonController.class.php 第 48 行.
NOTIC: [8] Undefined index: model_name C:\xunizhuji\think\Application\Admin\Controller\CommonController.class.php 第 48 行.
NOTIC: [8] Undefined index: model_name C:\xunizhuji\think\Application\Admin\Controller\CommonController.class.php 第 48 行.
SQL: SELECT * FROM `jx_attribute` WHERE ( type_id=3 )  [ RunTime:0.0003s ]
INFO: [ view_parse ] --START--
INFO: [ template_filter ] --START--
INFO: Run Behavior\ContentReplaceBehavior [ RunTime:0.000039s ]
INFO: [ template_filter ] --END-- [ RunTime:0.000075s ]
INFO: Run Behavior\ParseTemplateBehavior [ RunTime:0.008544s ]
INFO: [ view_parse ] --END-- [ RunTime:0.008596s ]
INFO: [ view_filter ] --START--
INFO: Run Behavior\WriteHtmlCacheBehavior [ RunTime:0.000400s ]
INFO: [ view_filter ] --END-- [ RunTime:0.000426s ]
INFO: [ app_end ] --START--
INFO: Run Behavior\ShowPageTraceBehavior [ RunTime:0.000519s ]
INFO: [ app_end ] --END-- [ RunTime:0.000548s ]

[ 2017-12-22T10:00:04+08:00 ] 127.0.0.1 /Admin/Goods/showAttr.html
INFO: [ app_begin ] --START--
INFO: Run Behavior\ReadHtmlCacheBehavior [ RunTime:0.000567s ]
INFO: [ app_begin ] --END-- [ RunTime:0.000903s ]
SQL: SHOW COLUMNS FROM `jx_admin_role` [ RunTime:0.0189s ]
SQL: SELECT * FROM `jx_admin_role` WHERE ( admin_id=7 ) LIMIT 1   [ RunTime:0.0001s ]
SQL: SELECT * FROM `jx_rule`  [ RunTime:0.0004s ]
NOTIC: [8] Undefined index: model_name C:\xunizhuji\think\Application\Admin\Controller\CommonController.class.php 第 48 行.
NOTIC: [8] Undefined index: model_name C:\xunizhuji\think\Application\Admin\Controller\CommonController.class.php 第 48 行.
NOTIC: [8] Undefined index: model_name C:\xunizhuji\think\Application\Admin\Controller\CommonController.class.php 第 48 行.
NOTIC: [8] Undefined index: model_name C:\xunizhuji\think\Application\Admin\Controller\CommonController.class.php 第 48 行.
NOTIC: [8] Undefined index: model_name C:\xunizhuji\think\Application\Admin\Controller\CommonController.class.php 第 48 行.
NOTIC: [8] Undefined index: model_name C:\xunizhuji\think\Application\Admin\Controller\CommonController.class.php 第 48 行.
NOTIC: [8] Undefined index: model_name C:\xunizhuji\think\Application\Admin\Controller\CommonController.class.php 第 48 行.
NOTIC: [8] Undefined index: model_name C:\xunizhuji\think\Application\Admin\Controller\CommonController.class.php 第 48 行.
NOTIC: [8] Undefined index: model_name C:\xunizhuji\think\Application\Admin\Controller\CommonController.class.php 第 48 行.
NOTIC: [8] Undefined index: model_name C:\xunizhuji\think\Application\Admin\Controller\CommonController.class.php 第 48 行.
NOTIC: [8] Undefined index: model_name C:\xunizhuji\think\Application\Admin\Controller\CommonController.class.php 第 48 行.
NOTIC: [8] Undefined index: model_name C:\xunizhuji\think\Application\Admin\Controller\CommonController.class.php 第 48 行.
NOTIC: [8] Undefined index: model_name C:\xunizhuji\think\Application\Admin\Controller\CommonController.class.php 第 48 行.
NOTIC: [8] Undefined index: model_name C:\xunizhuji\think\Application\Admin\Controller\CommonController.class.php 第 48 行.
NOTIC: [8] Undefined index: model_name C:\xunizhuji\think\Application\Admin\Controller\CommonController.class.php 第 48 行.
NOTIC: [8] Undefined index: model_name C:\xunizhuji\think\Application\Admin\Controller\CommonController.class.php 第 48 行.
NOTIC: [8] Undefined index: model_name C:\xunizhuji\think\Application\Admin\Controller\CommonController.class.php 第 48 行.
NOTIC: [8] Undefined index: model_name C:\xunizhuji\think\Application\Admin\Controller\CommonController.class.php 第 48 行.
NOTIC: [8] Undefined index: model_name C:\xunizhuji\think\Application\Admin\Controller\CommonController.class.php 第 48 行.
NOTIC: [8] Undefined index: model_name C:\xunizhuji\think\Application\Admin\Controller\CommonController.class.php 第 48 行.
NOTIC: [8] Undefined index: model_name C:\xunizhuji\think\Application\Admin\Controller\CommonController.class.php 第 48 行.
NOTIC: [8] Undefined index: model_name C:\xunizhuji\think\Application\Admin\Controller\CommonController.class.php 第 48 行.
NOTIC: [8] Undefined index: model_name C:\xunizhuji\think\Application\Admin\Controller\CommonController.class.php 第 48 行.
NOTIC: [8] Undefined index: model_name C:\xunizhuji\think\Application\Admin\Controller\CommonController.class.php 第 48 行.
SQL: SELECT * FROM `jx_attribute` WHERE ( type_id=4 )  [ RunTime:0.0004s ]
INFO: [ view_parse ] --START--
INFO: [ template_filter ] --START--
INFO: Run Behavior\ContentReplaceBehavior [ RunTime:0.000039s ]
INFO: [ template_filter ] --END-- [ RunTime:0.000075s ]
INFO: Run Behavior\ParseTemplateBehavior [ RunTime:0.009186s ]
INFO: [ view_parse ] --END-- [ RunTime:0.009272s ]
INFO: [ view_filter ] --START--
INFO: Run Behavior\WriteHtmlCacheBehavior [ RunTime:0.000424s ]
INFO: [ view_filter ] --END-- [ RunTime:0.000456s ]
INFO: [ app_end ] --START--
INFO: Run Behavior\ShowPageTraceBehavior [ RunTime:0.000588s ]
INFO: [ app_end ] --END-- [ RunTime:0.000621s ]

[ 2017-12-22T10:00:05+08:00 ] 127.0.0.1 /Admin/Goods/showAttr.html
INFO: [ app_begin ] --START--
INFO: Run Behavior\ReadHtmlCacheBehavior [ RunTime:0.000564s ]
INFO: [ app_begin ] --END-- [ RunTime:0.000866s ]
SQL: SHOW COLUMNS FROM `jx_admin_role` [ RunTime:0.0194s ]
SQL: SELECT * FROM `jx_admin_role` WHERE ( admin_id=7 ) LIMIT 1   [ RunTime:0.0002s ]
SQL: SELECT * FROM `jx_rule`  [ RunTime:0.0003s ]
NOTIC: [8] Undefined index: model_name C:\xunizhuji\think\Application\Admin\Controller\CommonController.class.php 第 48 行.
NOTIC: [8] Undefined index: model_name C:\xunizhuji\think\Application\Admin\Controller\CommonController.class.php 第 48 行.
NOTIC: [8] Undefined index: model_name C:\xunizhuji\think\Application\Admin\Controller\CommonController.class.php 第 48 行.
NOTIC: [8] Undefined index: model_name C:\xunizhuji\think\Application\Admin\Controller\CommonController.class.php 第 48 行.
NOTIC: [8] Undefined index: model_name C:\xunizhuji\think\Application\Admin\Controller\CommonController.class.php 第 48 行.
NOTIC: [8] Undefined index: model_name C:\xunizhuji\think\Application\Admin\Controller\CommonController.class.php 第 48 行.
NOTIC: [8] Undefined index: model_name C:\xunizhuji\think\Application\Admin\Controller\CommonController.class.php 第 48 行.
NOTIC: [8] Undefined index: model_name C:\xunizhuji\think\Application\Admin\Controller\CommonController.class.php 第 48 行.
NOTIC: [8] Undefined index: model_name C:\xunizhuji\think\Application\Admin\Controller\CommonController.class.php 第 48 行.
NOTIC: [8] Undefined index: model_name C:\xunizhuji\think\Application\Admin\Controller\CommonController.class.php 第 48 行.
NOTIC: [8] Undefined index: model_name C:\xunizhuji\think\Application\Admin\Controller\CommonController.class.php 第 48 行.
NOTIC: [8] Undefined index: model_name C:\xunizhuji\think\Application\Admin\Controller\CommonController.class.php 第 48 行.
NOTIC: [8] Undefined index: model_name C:\xunizhuji\think\Application\Admin\Controller\CommonController.class.php 第 48 行.
NOTIC: [8] Undefined index: model_name C:\xunizhuji\think\Application\Admin\Controller\CommonController.class.php 第 48 行.
NOTIC: [8] Undefined index: model_name C:\xunizhuji\think\Application\Admin\Controller\CommonController.class.php 第 48 行.
NOTIC: [8] Undefined index: model_name C:\xunizhuji\think\Application\Admin\Controller\CommonController.class.php 第 48 行.
NOTIC: [8] Undefined index: model_name C:\xunizhuji\think\Application\Admin\Controller\CommonController.class.php 第 48 行.
NOTIC: [8] Undefined index: model_name C:\xunizhuji\think\Application\Admin\Controller\CommonController.class.php 第 48 行.
NOTIC: [8] Undefined index: model_name C:\xunizhuji\think\Application\Admin\Controller\CommonController.class.php 第 48 行.
NOTIC: [8] Undefined index: model_name C:\xunizhuji\think\Application\Admin\Controller\CommonController.class.php 第 48 行.
NOTIC: [8] Undefined index: model_name C:\xunizhuji\think\Application\Admin\Controller\CommonController.class.php 第 48 行.
NOTIC: [8] Undefined index: model_name C:\xunizhuji\think\Application\Admin\Controller\CommonController.class.php 第 48 行.
NOTIC: [8] Undefined index: model_name C:\xunizhuji\think\Application\Admin\Controller\CommonController.class.php 第 48 行.
NOTIC: [8] Undefined index: model_name C:\xunizhuji\think\Application\Admin\Controller\CommonController.class.php 第 48 行.
SQL: SELECT * FROM `jx_attribute` WHERE ( type_id=2 )  [ RunTime:0.0004s ]
INFO: [ view_parse ] --START--
INFO: [ template_filter ] --START--
INFO: Run Behavior\ContentReplaceBehavior [ RunTime:0.000039s ]
INFO: [ template_filter ] --END-- [ RunTime:0.000074s ]
INFO: Run Behavior\ParseTemplateBehavior [ RunTime:0.009148s ]
INFO: [ view_parse ] --END-- [ RunTime:0.009202s ]
INFO: [ view_filter ] --START--
INFO: Run Behavior\WriteHtmlCacheBehavior [ RunTime:0.000395s ]
INFO: [ view_filter ] --END-- [ RunTime:0.000421s ]
INFO: [ app_end ] --START--
INFO: Run Behavior\ShowPageTraceBehavior [ RunTime:0.000527s ]
INFO: [ app_end ] --END-- [ RunTime:0.000555s ]

[ 2017-12-22T10:00:07+08:00 ] 127.0.0.1 /Admin/Goods/showAttr.html
INFO: [ app_begin ] --START--
INFO: Run Behavior\ReadHtmlCacheBehavior [ RunTime:0.000541s ]
INFO: [ app_begin ] --END-- [ RunTime:0.000900s ]
SQL: SHOW COLUMNS FROM `jx_admin_role` [ RunTime:0.0186s ]
SQL: SELECT * FROM `jx_admin_role` WHERE ( admin_id=7 ) LIMIT 1   [ RunTime:0.0002s ]
SQL: SELECT * FROM `jx_rule`  [ RunTime:0.0002s ]
NOTIC: [8] Undefined index: model_name C:\xunizhuji\think\Application\Admin\Controller\CommonController.class.php 第 48 行.
NOTIC: [8] Undefined index: model_name C:\xunizhuji\think\Application\Admin\Controller\CommonController.class.php 第 48 行.
NOTIC: [8] Undefined index: model_name C:\xunizhuji\think\Application\Admin\Controller\CommonController.class.php 第 48 行.
NOTIC: [8] Undefined index: model_name C:\xunizhuji\think\Application\Admin\Controller\CommonController.class.php 第 48 行.
NOTIC: [8] Undefined index: model_name C:\xunizhuji\think\Application\Admin\Controller\CommonController.class.php 第 48 行.
NOTIC: [8] Undefined index: model_name C:\xunizhuji\think\Application\Admin\Controller\CommonController.class.php 第 48 行.
NOTIC: [8] Undefined index: model_name C:\xunizhuji\think\Application\Admin\Controller\CommonController.class.php 第 48 行.
NOTIC: [8] Undefined index: model_name C:\xunizhuji\think\Application\Admin\Controller\CommonController.class.php 第 48 行.
NOTIC: [8] Undefined index: model_name C:\xunizhuji\think\Application\Admin\Controller\CommonController.class.php 第 48 行.
NOTIC: [8] Undefined index: model_name C:\xunizhuji\think\Application\Admin\Controller\CommonController.class.php 第 48 行.
NOTIC: [8] Undefined index: model_name C:\xunizhuji\think\Application\Admin\Controller\CommonController.class.php 第 48 行.
NOTIC: [8] Undefined index: model_name C:\xunizhuji\think\Application\Admin\Controller\CommonController.class.php 第 48 行.
NOTIC: [8] Undefined index: model_name C:\xunizhuji\think\Application\Admin\Controller\CommonController.class.php 第 48 行.
NOTIC: [8] Undefined index: model_name C:\xunizhuji\think\Application\Admin\Controller\CommonController.class.php 第 48 行.
NOTIC: [8] Undefined index: model_name C:\xunizhuji\think\Application\Admin\Controller\CommonController.class.php 第 48 行.
NOTIC: [8] Undefined index: model_name C:\xunizhuji\think\Application\Admin\Controller\CommonController.class.php 第 48 行.
NOTIC: [8] Undefined index: model_name C:\xunizhuji\think\Application\Admin\Controller\CommonController.class.php 第 48 行.
NOTIC: [8] Undefined index: model_name C:\xunizhuji\think\Application\Admin\Controller\CommonController.class.php 第 48 行.
NOTIC: [8] Undefined index: model_name C:\xunizhuji\think\Application\Admin\Controller\CommonController.class.php 第 48 行.
NOTIC: [8] Undefined index: model_name C:\xunizhuji\think\Application\Admin\Controller\CommonController.class.php 第 48 行.
NOTIC: [8] Undefined index: model_name C:\xunizhuji\think\Application\Admin\Controller\CommonController.class.php 第 48 行.
NOTIC: [8] Undefined index: model_name C:\xunizhuji\think\Application\Admin\Controller\CommonController.class.php 第 48 行.
NOTIC: [8] Undefined index: model_name C:\xunizhuji\think\Application\Admin\Controller\CommonController.class.php 第 48 行.
NOTIC: [8] Undefined index: model_name C:\xunizhuji\think\Application\Admin\Controller\CommonController.class.php 第 48 行.
SQL: SELECT * FROM `jx_attribute` WHERE ( type_id=3 )  [ RunTime:0.0002s ]
INFO: [ view_parse ] --START--
INFO: [ template_filter ] --START--
INFO: Run Behavior\ContentReplaceBehavior [ RunTime:0.000060s ]
INFO: [ template_filter ] --END-- [ RunTime:0.000117s ]
INFO: Run Behavior\ParseTemplateBehavior [ RunTime:0.009117s ]
INFO: [ view_parse ] --END-- [ RunTime:0.009165s ]
INFO: [ view_filter ] --START--
INFO: Run Behavior\WriteHtmlCacheBehavior [ RunTime:0.000341s ]
INFO: [ view_filter ] --END-- [ RunTime:0.000367s ]
INFO: [ app_end ] --START--
INFO: Run Behavior\ShowPageTraceBehavior [ RunTime:0.000546s ]
INFO: [ app_end ] --END-- [ RunTime:0.000577s ]

[ 2017-12-22T10:01:50+08:00 ] 127.0.0.1 /Admin/Goods/showAttr.html
INFO: [ app_begin ] --START--
INFO: Run Behavior\ReadHtmlCacheBehavior [ RunTime:0.000967s ]
INFO: [ app_begin ] --END-- [ RunTime:0.001438s ]
SQL: SHOW COLUMNS FROM `jx_admin_role` [ RunTime:0.0203s ]
SQL: SELECT * FROM `jx_admin_role` WHERE ( admin_id=7 ) LIMIT 1   [ RunTime:0.0002s ]
SQL: SELECT * FROM `jx_rule`  [ RunTime:0.0003s ]
NOTIC: [8] Undefined index: model_name C:\xunizhuji\think\Application\Admin\Controller\CommonController.class.php 第 48 行.
NOTIC: [8] Undefined index: model_name C:\xunizhuji\think\Application\Admin\Controller\CommonController.class.php 第 48 行.
NOTIC: [8] Undefined index: model_name C:\xunizhuji\think\Application\Admin\Controller\CommonController.class.php 第 48 行.
NOTIC: [8] Undefined index: model_name C:\xunizhuji\think\Application\Admin\Controller\CommonController.class.php 第 48 行.
NOTIC: [8] Undefined index: model_name C:\xunizhuji\think\Application\Admin\Controller\CommonController.class.php 第 48 行.
NOTIC: [8] Undefined index: model_name C:\xunizhuji\think\Application\Admin\Controller\CommonController.class.php 第 48 行.
NOTIC: [8] Undefined index: model_name C:\xunizhuji\think\Application\Admin\Controller\CommonController.class.php 第 48 行.
NOTIC: [8] Undefined index: model_name C:\xunizhuji\think\Application\Admin\Controller\CommonController.class.php 第 48 行.
NOTIC: [8] Undefined index: model_name C:\xunizhuji\think\Application\Admin\Controller\CommonController.class.php 第 48 行.
NOTIC: [8] Undefined index: model_name C:\xunizhuji\think\Application\Admin\Controller\CommonController.class.php 第 48 行.
NOTIC: [8] Undefined index: model_name C:\xunizhuji\think\Application\Admin\Controller\CommonController.class.php 第 48 行.
NOTIC: [8] Undefined index: model_name C:\xunizhuji\think\Application\Admin\Controller\CommonController.class.php 第 48 行.
NOTIC: [8] Undefined index: model_name C:\xunizhuji\think\Application\Admin\Controller\CommonController.class.php 第 48 行.
NOTIC: [8] Undefined index: model_name C:\xunizhuji\think\Application\Admin\Controller\CommonController.class.php 第 48 行.
NOTIC: [8] Undefined index: model_name C:\xunizhuji\think\Application\Admin\Controller\CommonController.class.php 第 48 行.
NOTIC: [8] Undefined index: model_name C:\xunizhuji\think\Application\Admin\Controller\CommonController.class.php 第 48 行.
NOTIC: [8] Undefined index: model_name C:\xunizhuji\think\Application\Admin\Controller\CommonController.class.php 第 48 行.
NOTIC: [8] Undefined index: model_name C:\xunizhuji\think\Application\Admin\Controller\CommonController.class.php 第 48 行.
NOTIC: [8] Undefined index: model_name C:\xunizhuji\think\Application\Admin\Controller\CommonController.class.php 第 48 行.
NOTIC: [8] Undefined index: model_name C:\xunizhuji\think\Application\Admin\Controller\CommonController.class.php 第 48 行.
NOTIC: [8] Undefined index: model_name C:\xunizhuji\think\Application\Admin\Controller\CommonController.class.php 第 48 行.
NOTIC: [8] Undefined index: model_name C:\xunizhuji\think\Application\Admin\Controller\CommonController.class.php 第 48 行.
NOTIC: [8] Undefined index: model_name C:\xunizhuji\think\Application\Admin\Controller\CommonController.class.php 第 48 行.
NOTIC: [8] Undefined index: model_name C:\xunizhuji\think\Application\Admin\Controller\CommonController.class.php 第 48 行.
SQL: SELECT * FROM `jx_attribute` WHERE ( type_id=2 )  [ RunTime:0.0003s ]
INFO: [ view_parse ] --START--
INFO: [ template_filter ] --START--
INFO: Run Behavior\ContentReplaceBehavior [ RunTime:0.000053s ]
INFO: [ template_filter ] --END-- [ RunTime:0.000090s ]
INFO: Run Behavior\ParseTemplateBehavior [ RunTime:0.008290s ]
INFO: [ view_parse ] --END-- [ RunTime:0.008360s ]
INFO: [ view_filter ] --START--
INFO: Run Behavior\WriteHtmlCacheBehavior [ RunTime:0.000366s ]
INFO: [ view_filter ] --END-- [ RunTime:0.000392s ]
INFO: [ app_end ] --START--
INFO: Run Behavior\ShowPageTraceBehavior [ RunTime:0.000480s ]
INFO: [ app_end ] --END-- [ RunTime:0.000508s ]

[ 2017-12-22T10:01:53+08:00 ] 127.0.0.1 /Admin/Goods/showAttr.html
INFO: [ app_begin ] --START--
INFO: Run Behavior\ReadHtmlCacheBehavior [ RunTime:0.000518s ]
INFO: [ app_begin ] --END-- [ RunTime:0.000852s ]
SQL: SHOW COLUMNS FROM `jx_admin_role` [ RunTime:0.0197s ]
SQL: SELECT * FROM `jx_admin_role` WHERE ( admin_id=7 ) LIMIT 1   [ RunTime:0.0003s ]
SQL: SELECT * FROM `jx_rule`  [ RunTime:0.0003s ]
NOTIC: [8] Undefined index: model_name C:\xunizhuji\think\Application\Admin\Controller\CommonController.class.php 第 48 行.
NOTIC: [8] Undefined index: model_name C:\xunizhuji\think\Application\Admin\Controller\CommonController.class.php 第 48 行.
NOTIC: [8] Undefined index: model_name C:\xunizhuji\think\Application\Admin\Controller\CommonController.class.php 第 48 行.
NOTIC: [8] Undefined index: model_name C:\xunizhuji\think\Application\Admin\Controller\CommonController.class.php 第 48 行.
NOTIC: [8] Undefined index: model_name C:\xunizhuji\think\Application\Admin\Controller\CommonController.class.php 第 48 行.
NOTIC: [8] Undefined index: model_name C:\xunizhuji\think\Application\Admin\Controller\CommonController.class.php 第 48 行.
NOTIC: [8] Undefined index: model_name C:\xunizhuji\think\Application\Admin\Controller\CommonController.class.php 第 48 行.
NOTIC: [8] Undefined index: model_name C:\xunizhuji\think\Application\Admin\Controller\CommonController.class.php 第 48 行.
NOTIC: [8] Undefined index: model_name C:\xunizhuji\think\Application\Admin\Controller\CommonController.class.php 第 48 行.
NOTIC: [8] Undefined index: model_name C:\xunizhuji\think\Application\Admin\Controller\CommonController.class.php 第 48 行.
NOTIC: [8] Undefined index: model_name C:\xunizhuji\think\Application\Admin\Controller\CommonController.class.php 第 48 行.
NOTIC: [8] Undefined index: model_name C:\xunizhuji\think\Application\Admin\Controller\CommonController.class.php 第 48 行.
NOTIC: [8] Undefined index: model_name C:\xunizhuji\think\Application\Admin\Controller\CommonController.class.php 第 48 行.
NOTIC: [8] Undefined index: model_name C:\xunizhuji\think\Application\Admin\Controller\CommonController.class.php 第 48 行.
NOTIC: [8] Undefined index: model_name C:\xunizhuji\think\Application\Admin\Controller\CommonController.class.php 第 48 行.
NOTIC: [8] Undefined index: model_name C:\xunizhuji\think\Application\Admin\Controller\CommonController.class.php 第 48 行.
NOTIC: [8] Undefined index: model_name C:\xunizhuji\think\Application\Admin\Controller\CommonController.class.php 第 48 行.
NOTIC: [8] Undefined index: model_name C:\xunizhuji\think\Application\Admin\Controller\CommonController.class.php 第 48 行.
NOTIC: [8] Undefined index: model_name C:\xunizhuji\think\Application\Admin\Controller\CommonController.class.php 第 48 行.
NOTIC: [8] Undefined index: model_name C:\xunizhuji\think\Application\Admin\Controller\CommonController.class.php 第 48 行.
NOTIC: [8] Undefined index: model_name C:\xunizhuji\think\Application\Admin\Controller\CommonController.class.php 第 48 行.
NOTIC: [8] Undefined index: model_name C:\xunizhuji\think\Application\Admin\Controller\CommonController.class.php 第 48 行.
NOTIC: [8] Undefined index: model_name C:\xunizhuji\think\Application\Admin\Controller\CommonController.class.php 第 48 行.
NOTIC: [8] Undefined index: model_name C:\xunizhuji\think\Application\Admin\Controller\CommonController.class.php 第 48 行.
SQL: SELECT * FROM `jx_attribute` WHERE ( type_id=3 )  [ RunTime:0.0002s ]
INFO: [ view_parse ] --START--
INFO: [ template_filter ] --START--
INFO: Run Behavior\ContentReplaceBehavior [ RunTime:0.000043s ]
INFO: [ template_filter ] --END-- [ RunTime:0.000082s ]
INFO: Run Behavior\ParseTemplateBehavior [ RunTime:0.009186s ]
INFO: [ view_parse ] --END-- [ RunTime:0.009231s ]
INFO: [ view_filter ] --START--
INFO: Run Behavior\WriteHtmlCacheBehavior [ RunTime:0.000404s ]
INFO: [ view_filter ] --END-- [ RunTime:0.000429s ]
INFO: [ app_end ] --START--
INFO: Run Behavior\ShowPageTraceBehavior [ RunTime:0.000475s ]
INFO: [ app_end ] --END-- [ RunTime:0.000502s ]

[ 2017-12-22T10:04:15+08:00 ] 127.0.0.1 /Admin/Goods/showAttr.html
INFO: [ app_begin ] --START--
INFO: Run Behavior\ReadHtmlCacheBehavior [ RunTime:0.000479s ]
INFO: [ app_begin ] --END-- [ RunTime:0.000770s ]
SQL: SHOW COLUMNS FROM `jx_admin_role` [ RunTime:0.0193s ]
SQL: SELECT * FROM `jx_admin_role` WHERE ( admin_id=7 ) LIMIT 1   [ RunTime:0.0001s ]
SQL: SELECT * FROM `jx_rule`  [ RunTime:0.0003s ]
NOTIC: [8] Undefined index: model_name C:\xunizhuji\think\Application\Admin\Controller\CommonController.class.php 第 48 行.
NOTIC: [8] Undefined index: model_name C:\xunizhuji\think\Application\Admin\Controller\CommonController.class.php 第 48 行.
NOTIC: [8] Undefined index: model_name C:\xunizhuji\think\Application\Admin\Controller\CommonController.class.php 第 48 行.
NOTIC: [8] Undefined index: model_name C:\xunizhuji\think\Application\Admin\Controller\CommonController.class.php 第 48 行.
NOTIC: [8] Undefined index: model_name C:\xunizhuji\think\Application\Admin\Controller\CommonController.class.php 第 48 行.
NOTIC: [8] Undefined index: model_name C:\xunizhuji\think\Application\Admin\Controller\CommonController.class.php 第 48 行.
NOTIC: [8] Undefined index: model_name C:\xunizhuji\think\Application\Admin\Controller\CommonController.class.php 第 48 行.
NOTIC: [8] Undefined index: model_name C:\xunizhuji\think\Application\Admin\Controller\CommonController.class.php 第 48 行.
NOTIC: [8] Undefined index: model_name C:\xunizhuji\think\Application\Admin\Controller\CommonController.class.php 第 48 行.
NOTIC: [8] Undefined index: model_name C:\xunizhuji\think\Application\Admin\Controller\CommonController.class.php 第 48 行.
NOTIC: [8] Undefined index: model_name C:\xunizhuji\think\Application\Admin\Controller\CommonController.class.php 第 48 行.
NOTIC: [8] Undefined index: model_name C:\xunizhuji\think\Application\Admin\Controller\CommonController.class.php 第 48 行.
NOTIC: [8] Undefined index: model_name C:\xunizhuji\think\Application\Admin\Controller\CommonController.class.php 第 48 行.
NOTIC: [8] Undefined index: model_name C:\xunizhuji\think\Application\Admin\Controller\CommonController.class.php 第 48 行.
NOTIC: [8] Undefined index: model_name C:\xunizhuji\think\Application\Admin\Controller\CommonController.class.php 第 48 行.
NOTIC: [8] Undefined index: model_name C:\xunizhuji\think\Application\Admin\Controller\CommonController.class.php 第 48 行.
NOTIC: [8] Undefined index: model_name C:\xunizhuji\think\Application\Admin\Controller\CommonController.class.php 第 48 行.
NOTIC: [8] Undefined index: model_name C:\xunizhuji\think\Application\Admin\Controller\CommonController.class.php 第 48 行.
NOTIC: [8] Undefined index: model_name C:\xunizhuji\think\Application\Admin\Controller\CommonController.class.php 第 48 行.
NOTIC: [8] Undefined index: model_name C:\xunizhuji\think\Application\Admin\Controller\CommonController.class.php 第 48 行.
NOTIC: [8] Undefined index: model_name C:\xunizhuji\think\Application\Admin\Controller\CommonController.class.php 第 48 行.
NOTIC: [8] Undefined index: model_name C:\xunizhuji\think\Application\Admin\Controller\CommonController.class.php 第 48 行.
NOTIC: [8] Undefined index: model_name C:\xunizhuji\think\Application\Admin\Controller\CommonController.class.php 第 48 行.
NOTIC: [8] Undefined index: model_name C:\xunizhuji\think\Application\Admin\Controller\CommonController.class.php 第 48 行.
SQL: SELECT * FROM `jx_attribute` WHERE ( type_id=2 )  [ RunTime:0.0002s ]
INFO: [ view_parse ] --START--
INFO: [ template_filter ] --START--
INFO: Run Behavior\ContentReplaceBehavior [ RunTime:0.000040s ]
INFO: [ template_filter ] --END-- [ RunTime:0.000073s ]
INFO: Run Behavior\ParseTemplateBehavior [ RunTime:0.008444s ]
INFO: [ view_parse ] --END-- [ RunTime:0.008499s ]
INFO: [ view_filter ] --START--
INFO: Run Behavior\WriteHtmlCacheBehavior [ RunTime:0.000379s ]
INFO: [ view_filter ] --END-- [ RunTime:0.000405s ]
INFO: [ app_end ] --START--
INFO: Run Behavior\ShowPageTraceBehavior [ RunTime:0.000534s ]
INFO: [ app_end ] --END-- [ RunTime:0.000564s ]

[ 2017-12-22T13:55:14+08:00 ] 127.0.0.1 /Admin/Goods/showAttr.html
INFO: [ app_begin ] --START--
INFO: Run Behavior\ReadHtmlCacheBehavior [ RunTime:0.000980s ]
INFO: [ app_begin ] --END-- [ RunTime:0.003165s ]
SQL: SHOW COLUMNS FROM `jx_admin_role` [ RunTime:0.0203s ]
SQL: SELECT * FROM `jx_admin_role` WHERE ( admin_id=7 ) LIMIT 1   [ RunTime:0.0002s ]
SQL: SELECT * FROM `jx_rule`  [ RunTime:0.0003s ]
NOTIC: [8] Undefined index: model_name C:\xunizhuji\think\Application\Admin\Controller\CommonController.class.php 第 48 行.
NOTIC: [8] Undefined index: model_name C:\xunizhuji\think\Application\Admin\Controller\CommonController.class.php 第 48 行.
NOTIC: [8] Undefined index: model_name C:\xunizhuji\think\Application\Admin\Controller\CommonController.class.php 第 48 行.
NOTIC: [8] Undefined index: model_name C:\xunizhuji\think\Application\Admin\Controller\CommonController.class.php 第 48 行.
NOTIC: [8] Undefined index: model_name C:\xunizhuji\think\Application\Admin\Controller\CommonController.class.php 第 48 行.
NOTIC: [8] Undefined index: model_name C:\xunizhuji\think\Application\Admin\Controller\CommonController.class.php 第 48 行.
NOTIC: [8] Undefined index: model_name C:\xunizhuji\think\Application\Admin\Controller\CommonController.class.php 第 48 行.
NOTIC: [8] Undefined index: model_name C:\xunizhuji\think\Application\Admin\Controller\CommonController.class.php 第 48 行.
NOTIC: [8] Undefined index: model_name C:\xunizhuji\think\Application\Admin\Controller\CommonController.class.php 第 48 行.
NOTIC: [8] Undefined index: model_name C:\xunizhuji\think\Application\Admin\Controller\CommonController.class.php 第 48 行.
NOTIC: [8] Undefined index: model_name C:\xunizhuji\think\Application\Admin\Controller\CommonController.class.php 第 48 行.
NOTIC: [8] Undefined index: model_name C:\xunizhuji\think\Application\Admin\Controller\CommonController.class.php 第 48 行.
NOTIC: [8] Undefined index: model_name C:\xunizhuji\think\Application\Admin\Controller\CommonController.class.php 第 48 行.
NOTIC: [8] Undefined index: model_name C:\xunizhuji\think\Application\Admin\Controller\CommonController.class.php 第 48 行.
NOTIC: [8] Undefined index: model_name C:\xunizhuji\think\Application\Admin\Controller\CommonController.class.php 第 48 行.
NOTIC: [8] Undefined index: model_name C:\xunizhuji\think\Application\Admin\Controller\CommonController.class.php 第 48 行.
NOTIC: [8] Undefined index: model_name C:\xunizhuji\think\Application\Admin\Controller\CommonController.class.php 第 48 行.
NOTIC: [8] Undefined index: model_name C:\xunizhuji\think\Application\Admin\Controller\CommonController.class.php 第 48 行.
NOTIC: [8] Undefined index: model_name C:\xunizhuji\think\Application\Admin\Controller\CommonController.class.php 第 48 行.
NOTIC: [8] Undefined index: model_name C:\xunizhuji\think\Application\Admin\Controller\CommonController.class.php 第 48 行.
NOTIC: [8] Undefined index: model_name C:\xunizhuji\think\Application\Admin\Controller\CommonController.class.php 第 48 行.
NOTIC: [8] Undefined index: model_name C:\xunizhuji\think\Application\Admin\Controller\CommonController.class.php 第 48 行.
NOTIC: [8] Undefined index: model_name C:\xunizhuji\think\Application\Admin\Controller\CommonController.class.php 第 48 行.
NOTIC: [8] Undefined index: model_name C:\xunizhuji\think\Application\Admin\Controller\CommonController.class.php 第 48 行.
SQL: SELECT * FROM `jx_attribute` WHERE ( type_id=2 )  [ RunTime:0.0002s ]
INFO: [ view_parse ] --START--
INFO: [ template_filter ] --START--
INFO: Run Behavior\ContentReplaceBehavior [ RunTime:0.000053s ]
INFO: [ template_filter ] --END-- [ RunTime:0.000090s ]
INFO: Run Behavior\ParseTemplateBehavior [ RunTime:0.033193s ]
INFO: [ view_parse ] --END-- [ RunTime:0.033250s ]
INFO: [ view_filter ] --START--
INFO: Run Behavior\WriteHtmlCacheBehavior [ RunTime:0.000370s ]
INFO: [ view_filter ] --END-- [ RunTime:0.000396s ]
INFO: [ app_end ] --START--
INFO: Run Behavior\ShowPageTraceBehavior [ RunTime:0.000626s ]
INFO: [ app_end ] --END-- [ RunTime:0.000653s ]

[ 2017-12-22T18:29:14+08:00 ] 127.0.0.1 /Admin/Goods/showAttr.html
INFO: [ app_begin ] --START--
INFO: Run Behavior\ReadHtmlCacheBehavior [ RunTime:0.000617s ]
INFO: [ app_begin ] --END-- [ RunTime:0.000981s ]
SQL: SHOW COLUMNS FROM `jx_admin_role` [ RunTime:0.0187s ]
SQL: SELECT * FROM `jx_admin_role` WHERE ( admin_id=7 ) LIMIT 1   [ RunTime:0.0004s ]
SQL: SELECT * FROM `jx_rule`  [ RunTime:0.0003s ]
NOTIC: [8] Undefined index: model_name C:\xunizhuji\think\Application\Admin\Controller\CommonController.class.php 第 48 行.
NOTIC: [8] Undefined index: model_name C:\xunizhuji\think\Application\Admin\Controller\CommonController.class.php 第 48 行.
NOTIC: [8] Undefined index: model_name C:\xunizhuji\think\Application\Admin\Controller\CommonController.class.php 第 48 行.
NOTIC: [8] Undefined index: model_name C:\xunizhuji\think\Application\Admin\Controller\CommonController.class.php 第 48 行.
NOTIC: [8] Undefined index: model_name C:\xunizhuji\think\Application\Admin\Controller\CommonController.class.php 第 48 行.
NOTIC: [8] Undefined index: model_name C:\xunizhuji\think\Application\Admin\Controller\CommonController.class.php 第 48 行.
NOTIC: [8] Undefined index: model_name C:\xunizhuji\think\Application\Admin\Controller\CommonController.class.php 第 48 行.
NOTIC: [8] Undefined index: model_name C:\xunizhuji\think\Application\Admin\Controller\CommonController.class.php 第 48 行.
NOTIC: [8] Undefined index: model_name C:\xunizhuji\think\Application\Admin\Controller\CommonController.class.php 第 48 行.
NOTIC: [8] Undefined index: model_name C:\xunizhuji\think\Application\Admin\Controller\CommonController.class.php 第 48 行.
NOTIC: [8] Undefined index: model_name C:\xunizhuji\think\Application\Admin\Controller\CommonController.class.php 第 48 行.
NOTIC: [8] Undefined index: model_name C:\xunizhuji\think\Application\Admin\Controller\CommonController.class.php 第 48 行.
NOTIC: [8] Undefined index: model_name C:\xunizhuji\think\Application\Admin\Controller\CommonController.class.php 第 48 行.
NOTIC: [8] Undefined index: model_name C:\xunizhuji\think\Application\Admin\Controller\CommonController.class.php 第 48 行.
NOTIC: [8] Undefined index: model_name C:\xunizhuji\think\Application\Admin\Controller\CommonController.class.php 第 48 行.
NOTIC: [8] Undefined index: model_name C:\xunizhuji\think\Application\Admin\Controller\CommonController.class.php 第 48 行.
NOTIC: [8] Undefined index: model_name C:\xunizhuji\think\Application\Admin\Controller\CommonController.class.php 第 48 行.
NOTIC: [8] Undefined index: model_name C:\xunizhuji\think\Application\Admin\Controller\CommonController.class.php 第 48 行.
NOTIC: [8] Undefined index: model_name C:\xunizhuji\think\Application\Admin\Controller\CommonController.class.php 第 48 行.
NOTIC: [8] Undefined index: model_name C:\xunizhuji\think\Application\Admin\Controller\CommonController.class.php 第 48 行.
NOTIC: [8] Undefined index: model_name C:\xunizhuji\think\Application\Admin\Controller\CommonController.class.php 第 48 行.
NOTIC: [8] Undefined index: model_name C:\xunizhuji\think\Application\Admin\Controller\CommonController.class.php 第 48 行.
NOTIC: [8] Undefined index: model_name C:\xunizhuji\think\Application\Admin\Controller\CommonController.class.php 第 48 行.
NOTIC: [8] Undefined index: model_name C:\xunizhuji\think\Application\Admin\Controller\CommonController.class.php 第 48 行.
SQL: SELECT * FROM `jx_attribute` WHERE ( type_id=2 )  [ RunTime:0.0009s ]
INFO: [ view_parse ] --START--
INFO: [ template_filter ] --START--
INFO: Run Behavior\ContentReplaceBehavior [ RunTime:0.000040s ]
INFO: [ template_filter ] --END-- [ RunTime:0.000077s ]
INFO: Run Behavior\ParseTemplateBehavior [ RunTime:0.035555s ]
INFO: [ view_parse ] --END-- [ RunTime:0.035665s ]
INFO: [ view_filter ] --START--
INFO: Run Behavior\WriteHtmlCacheBehavior [ RunTime:0.000427s ]
INFO: [ view_filter ] --END-- [ RunTime:0.000453s ]
INFO: [ app_end ] --START--
INFO: Run Behavior\ShowPageTraceBehavior [ RunTime:0.000624s ]
INFO: [ app_end ] --END-- [ RunTime:0.000651s ]

[ 2017-12-22T18:29:40+08:00 ] 127.0.0.1 /Admin/Goods/add
ERR: 不存在的图像文件

[ 2017-12-22T18:30:33+08:00 ] 127.0.0.1 /Admin/Goods/add
ERR: 不存在的图像文件

[ 2017-12-22T18:30:37+08:00 ] 127.0.0.1 /Admin/Goods/add
ERR: 不存在的图像文件

[ 2017-12-22T18:32:02+08:00 ] 127.0.0.1 /Admin/Goods/showAttr.html
INFO: [ app_begin ] --START--
INFO: Run Behavior\ReadHtmlCacheBehavior [ RunTime:0.001543s ]
INFO: [ app_begin ] --END-- [ RunTime:0.002366s ]
SQL: SHOW COLUMNS FROM `jx_admin_role` [ RunTime:0.0199s ]
SQL: SELECT * FROM `jx_admin_role` WHERE ( admin_id=7 ) LIMIT 1   [ RunTime:0.0002s ]
SQL: SELECT * FROM `jx_rule`  [ RunTime:0.0003s ]
NOTIC: [8] Undefined index: model_name C:\xunizhuji\think\Application\Admin\Controller\CommonController.class.php 第 48 行.
NOTIC: [8] Undefined index: model_name C:\xunizhuji\think\Application\Admin\Controller\CommonController.class.php 第 48 行.
NOTIC: [8] Undefined index: model_name C:\xunizhuji\think\Application\Admin\Controller\CommonController.class.php 第 48 行.
NOTIC: [8] Undefined index: model_name C:\xunizhuji\think\Application\Admin\Controller\CommonController.class.php 第 48 行.
NOTIC: [8] Undefined index: model_name C:\xunizhuji\think\Application\Admin\Controller\CommonController.class.php 第 48 行.
NOTIC: [8] Undefined index: model_name C:\xunizhuji\think\Application\Admin\Controller\CommonController.class.php 第 48 行.
NOTIC: [8] Undefined index: model_name C:\xunizhuji\think\Application\Admin\Controller\CommonController.class.php 第 48 行.
NOTIC: [8] Undefined index: model_name C:\xunizhuji\think\Application\Admin\Controller\CommonController.class.php 第 48 行.
NOTIC: [8] Undefined index: model_name C:\xunizhuji\think\Application\Admin\Controller\CommonController.class.php 第 48 行.
NOTIC: [8] Undefined index: model_name C:\xunizhuji\think\Application\Admin\Controller\CommonController.class.php 第 48 行.
NOTIC: [8] Undefined index: model_name C:\xunizhuji\think\Application\Admin\Controller\CommonController.class.php 第 48 行.
NOTIC: [8] Undefined index: model_name C:\xunizhuji\think\Application\Admin\Controller\CommonController.class.php 第 48 行.
NOTIC: [8] Undefined index: model_name C:\xunizhuji\think\Application\Admin\Controller\CommonController.class.php 第 48 行.
NOTIC: [8] Undefined index: model_name C:\xunizhuji\think\Application\Admin\Controller\CommonController.class.php 第 48 行.
NOTIC: [8] Undefined index: model_name C:\xunizhuji\think\Application\Admin\Controller\CommonController.class.php 第 48 行.
NOTIC: [8] Undefined index: model_name C:\xunizhuji\think\Application\Admin\Controller\CommonController.class.php 第 48 行.
NOTIC: [8] Undefined index: model_name C:\xunizhuji\think\Application\Admin\Controller\CommonController.class.php 第 48 行.
NOTIC: [8] Undefined index: model_name C:\xunizhuji\think\Application\Admin\Controller\CommonController.class.php 第 48 行.
NOTIC: [8] Undefined index: model_name C:\xunizhuji\think\Application\Admin\Controller\CommonController.class.php 第 48 行.
NOTIC: [8] Undefined index: model_name C:\xunizhuji\think\Application\Admin\Controller\CommonController.class.php 第 48 行.
NOTIC: [8] Undefined index: model_name C:\xunizhuji\think\Application\Admin\Controller\CommonController.class.php 第 48 行.
NOTIC: [8] Undefined index: model_name C:\xunizhuji\think\Application\Admin\Controller\CommonController.class.php 第 48 行.
NOTIC: [8] Undefined index: model_name C:\xunizhuji\think\Application\Admin\Controller\CommonController.class.php 第 48 行.
NOTIC: [8] Undefined index: model_name C:\xunizhuji\think\Application\Admin\Controller\CommonController.class.php 第 48 行.
SQL: SELECT * FROM `jx_attribute` WHERE ( type_id=3 )  [ RunTime:0.0004s ]
INFO: [ view_parse ] --START--
INFO: [ template_filter ] --START--
INFO: Run Behavior\ContentReplaceBehavior [ RunTime:0.000061s ]
INFO: [ template_filter ] --END-- [ RunTime:0.000099s ]
INFO: Run Behavior\ParseTemplateBehavior [ RunTime:0.010047s ]
INFO: [ view_parse ] --END-- [ RunTime:0.010093s ]
INFO: [ view_filter ] --START--
INFO: Run Behavior\WriteHtmlCacheBehavior [ RunTime:0.000456s ]
INFO: [ view_filter ] --END-- [ RunTime:0.000485s ]
INFO: [ app_end ] --START--
INFO: Run Behavior\ShowPageTraceBehavior [ RunTime:0.001035s ]
INFO: [ app_end ] --END-- [ RunTime:0.001078s ]

[ 2017-12-22T18:32:27+08:00 ] 127.0.0.1 /Admin/Goods/add
ERR: 不存在的图像文件

[ 2017-12-22T18:36:26+08:00 ] 127.0.0.1 /Admin/Goods/add
ERR: 不存在的图像文件

[ 2017-12-22T18:36:51+08:00 ] 127.0.0.1 /Admin/Goods/showAttr.html
INFO: [ app_begin ] --START--
INFO: Run Behavior\ReadHtmlCacheBehavior [ RunTime:0.000714s ]
INFO: [ app_begin ] --END-- [ RunTime:0.001047s ]
SQL: SHOW COLUMNS FROM `jx_admin_role` [ RunTime:0.0220s ]
SQL: SELECT * FROM `jx_admin_role` WHERE ( admin_id=7 ) LIMIT 1   [ RunTime:0.0003s ]
SQL: SELECT * FROM `jx_rule`  [ RunTime:0.0003s ]
NOTIC: [8] Undefined index: model_name C:\xunizhuji\think\Application\Admin\Controller\CommonController.class.php 第 48 行.
NOTIC: [8] Undefined index: model_name C:\xunizhuji\think\Application\Admin\Controller\CommonController.class.php 第 48 行.
NOTIC: [8] Undefined index: model_name C:\xunizhuji\think\Application\Admin\Controller\CommonController.class.php 第 48 行.
NOTIC: [8] Undefined index: model_name C:\xunizhuji\think\Application\Admin\Controller\CommonController.class.php 第 48 行.
NOTIC: [8] Undefined index: model_name C:\xunizhuji\think\Application\Admin\Controller\CommonController.class.php 第 48 行.
NOTIC: [8] Undefined index: model_name C:\xunizhuji\think\Application\Admin\Controller\CommonController.class.php 第 48 行.
NOTIC: [8] Undefined index: model_name C:\xunizhuji\think\Application\Admin\Controller\CommonController.class.php 第 48 行.
NOTIC: [8] Undefined index: model_name C:\xunizhuji\think\Application\Admin\Controller\CommonController.class.php 第 48 行.
NOTIC: [8] Undefined index: model_name C:\xunizhuji\think\Application\Admin\Controller\CommonController.class.php 第 48 行.
NOTIC: [8] Undefined index: model_name C:\xunizhuji\think\Application\Admin\Controller\CommonController.class.php 第 48 行.
NOTIC: [8] Undefined index: model_name C:\xunizhuji\think\Application\Admin\Controller\CommonController.class.php 第 48 行.
NOTIC: [8] Undefined index: model_name C:\xunizhuji\think\Application\Admin\Controller\CommonController.class.php 第 48 行.
NOTIC: [8] Undefined index: model_name C:\xunizhuji\think\Application\Admin\Controller\CommonController.class.php 第 48 行.
NOTIC: [8] Undefined index: model_name C:\xunizhuji\think\Application\Admin\Controller\CommonController.class.php 第 48 行.
NOTIC: [8] Undefined index: model_name C:\xunizhuji\think\Application\Admin\Controller\CommonController.class.php 第 48 行.
NOTIC: [8] Undefined index: model_name C:\xunizhuji\think\Application\Admin\Controller\CommonController.class.php 第 48 行.
NOTIC: [8] Undefined index: model_name C:\xunizhuji\think\Application\Admin\Controller\CommonController.class.php 第 48 行.
NOTIC: [8] Undefined index: model_name C:\xunizhuji\think\Application\Admin\Controller\CommonController.class.php 第 48 行.
NOTIC: [8] Undefined index: model_name C:\xunizhuji\think\Application\Admin\Controller\CommonController.class.php 第 48 行.
NOTIC: [8] Undefined index: model_name C:\xunizhuji\think\Application\Admin\Controller\CommonController.class.php 第 48 行.
NOTIC: [8] Undefined index: model_name C:\xunizhuji\think\Application\Admin\Controller\CommonController.class.php 第 48 行.
NOTIC: [8] Undefined index: model_name C:\xunizhuji\think\Application\Admin\Controller\CommonController.class.php 第 48 行.
NOTIC: [8] Undefined index: model_name C:\xunizhuji\think\Application\Admin\Controller\CommonController.class.php 第 48 行.
NOTIC: [8] Undefined index: model_name C:\xunizhuji\think\Application\Admin\Controller\CommonController.class.php 第 48 行.
SQL: SELECT * FROM `jx_attribute` WHERE ( type_id=3 )  [ RunTime:0.0002s ]
INFO: [ view_parse ] --START--
INFO: [ template_filter ] --START--
INFO: Run Behavior\ContentReplaceBehavior [ RunTime:0.000040s ]
INFO: [ template_filter ] --END-- [ RunTime:0.000079s ]
INFO: Run Behavior\ParseTemplateBehavior [ RunTime:0.029543s ]
INFO: [ view_parse ] --END-- [ RunTime:0.029605s ]
INFO: [ view_filter ] --START--
INFO: Run Behavior\WriteHtmlCacheBehavior [ RunTime:0.000419s ]
INFO: [ view_filter ] --END-- [ RunTime:0.000448s ]
INFO: [ app_end ] --START--
INFO: Run Behavior\ShowPageTraceBehavior [ RunTime:0.000776s ]
INFO: [ app_end ] --END-- [ RunTime:0.000828s ]

[ 2017-12-22T18:37:06+08:00 ] 127.0.0.1 /Admin/Goods/add
ERR: 不存在的图像文件

[ 2017-12-22T18:40:44+08:00 ] 127.0.0.1 /Admin/Goods/add
ERR: 不存在的图像文件

[ 2017-12-22T18:44:21+08:00 ] 127.0.0.1 /Admin/Goods/add
ERR: 不存在的图像文件

[ 2017-12-22T18:44:36+08:00 ] 127.0.0.1 /Admin/Goods/add
ERR: 不存在的图像文件

[ 2017-12-22T18:44:48+08:00 ] 127.0.0.1 /Admin/Goods/add
ERR: 不存在的图像文件

[ 2017-12-22T18:47:25+08:00 ] 127.0.0.1 /Admin/Goods/add
ERR: 不存在的图像文件

[ 2017-12-22T18:47:33+08:00 ] 127.0.0.1 /Admin/Goods/add
ERR: 不存在的图像文件

[ 2017-12-22T18:49:56+08:00 ] 127.0.0.1 /Admin/Goods/add
ERR: 不存在的图像文件

[ 2017-12-22T18:50:37+08:00 ] 127.0.0.1 /Admin/Goods/add
ERR: 不存在的图像文件

[ 2017-12-22T18:54:07+08:00 ] 127.0.0.1 /Admin/Goods/add
ERR: 不存在的图像文件

[ 2017-12-22T18:57:57+08:00 ] 127.0.0.1 /Admin/Goods/add
ERR: 不存在的图像文件

[ 2017-12-22T19:00:07+08:00 ] 127.0.0.1 /Admin/Goods/add
ERR: Think\Model:error方法不存在！

[ 2017-12-22T19:00:18+08:00 ] 127.0.0.1 /Admin/Goods/add
ERR: Think\Model:error方法不存在！

[ 2017-12-22T19:01:53+08:00 ] 127.0.0.1 /Admin/Goods/add
ERR: Think\Model:error方法不存在！

[ 2017-12-22T19:02:02+08:00 ] 127.0.0.1 /Admin/Goods/add
ERR: Think\Model:error方法不存在！

[ 2017-12-22T19:03:39+08:00 ] 127.0.0.1 /Admin/Goods/add
ERR: Think\Model:error方法不存在！

[ 2017-12-22T19:11:00+08:00 ] 127.0.0.1 /Admin/Goods/add
ERR: 不存在的图像文件

[ 2017-12-22T19:14:15+08:00 ] 127.0.0.1 /Admin/Goods/add
ERR: 不存在的图像文件

[ 2017-12-22T19:14:24+08:00 ] 127.0.0.1 /Admin/Goods/add
ERR: 不存在的图像文件

[ 2017-12-22T19:14:48+08:00 ] 127.0.0.1 /Admin/Goods/add
ERR: 不存在的图像文件

[ 2017-12-22T19:14:55+08:00 ] 127.0.0.1 /Admin/Goods/add
ERR: 不存在的图像文件

[ 2017-12-22T19:15:18+08:00 ] 127.0.0.1 /Admin/Goods/add
ERR: 不存在的图像文件

[ 2017-12-22T19:15:24+08:00 ] 127.0.0.1 /Admin/Goods/add
ERR: 不存在的图像文件

[ 2017-12-22T19:19:36+08:00 ] 127.0.0.1 /Admin/Goods/add
ERR: 不存在的图像文件

[ 2017-12-22T19:25:43+08:00 ] 127.0.0.1 /Admin/Goods/showAttr.html
INFO: [ app_begin ] --START--
INFO: Run Behavior\ReadHtmlCacheBehavior [ RunTime:0.000820s ]
INFO: [ app_begin ] --END-- [ RunTime:0.001164s ]
SQL: SHOW COLUMNS FROM `jx_admin_role` [ RunTime:0.0193s ]
SQL: SELECT * FROM `jx_admin_role` WHERE ( admin_id=7 ) LIMIT 1   [ RunTime:0.0002s ]
SQL: SELECT * FROM `jx_rule`  [ RunTime:0.0003s ]
NOTIC: [8] Undefined index: model_name C:\xunizhuji\think\Application\Admin\Controller\CommonController.class.php 第 48 行.
NOTIC: [8] Undefined index: model_name C:\xunizhuji\think\Application\Admin\Controller\CommonController.class.php 第 48 行.
NOTIC: [8] Undefined index: model_name C:\xunizhuji\think\Application\Admin\Controller\CommonController.class.php 第 48 行.
NOTIC: [8] Undefined index: model_name C:\xunizhuji\think\Application\Admin\Controller\CommonController.class.php 第 48 行.
NOTIC: [8] Undefined index: model_name C:\xunizhuji\think\Application\Admin\Controller\CommonController.class.php 第 48 行.
NOTIC: [8] Undefined index: model_name C:\xunizhuji\think\Application\Admin\Controller\CommonController.class.php 第 48 行.
NOTIC: [8] Undefined index: model_name C:\xunizhuji\think\Application\Admin\Controller\CommonController.class.php 第 48 行.
NOTIC: [8] Undefined index: model_name C:\xunizhuji\think\Application\Admin\Controller\CommonController.class.php 第 48 行.
NOTIC: [8] Undefined index: model_name C:\xunizhuji\think\Application\Admin\Controller\CommonController.class.php 第 48 行.
NOTIC: [8] Undefined index: model_name C:\xunizhuji\think\Application\Admin\Controller\CommonController.class.php 第 48 行.
NOTIC: [8] Undefined index: model_name C:\xunizhuji\think\Application\Admin\Controller\CommonController.class.php 第 48 行.
NOTIC: [8] Undefined index: model_name C:\xunizhuji\think\Application\Admin\Controller\CommonController.class.php 第 48 行.
NOTIC: [8] Undefined index: model_name C:\xunizhuji\think\Application\Admin\Controller\CommonController.class.php 第 48 行.
NOTIC: [8] Undefined index: model_name C:\xunizhuji\think\Application\Admin\Controller\CommonController.class.php 第 48 行.
NOTIC: [8] Undefined index: model_name C:\xunizhuji\think\Application\Admin\Controller\CommonController.class.php 第 48 行.
NOTIC: [8] Undefined index: model_name C:\xunizhuji\think\Application\Admin\Controller\CommonController.class.php 第 48 行.
NOTIC: [8] Undefined index: model_name C:\xunizhuji\think\Application\Admin\Controller\CommonController.class.php 第 48 行.
NOTIC: [8] Undefined index: model_name C:\xunizhuji\think\Application\Admin\Controller\CommonController.class.php 第 48 行.
NOTIC: [8] Undefined index: model_name C:\xunizhuji\think\Application\Admin\Controller\CommonController.class.php 第 48 行.
NOTIC: [8] Undefined index: model_name C:\xunizhuji\think\Application\Admin\Controller\CommonController.class.php 第 48 行.
NOTIC: [8] Undefined index: model_name C:\xunizhuji\think\Application\Admin\Controller\CommonController.class.php 第 48 行.
NOTIC: [8] Undefined index: model_name C:\xunizhuji\think\Application\Admin\Controller\CommonController.class.php 第 48 行.
NOTIC: [8] Undefined index: model_name C:\xunizhuji\think\Application\Admin\Controller\CommonController.class.php 第 48 行.
NOTIC: [8] Undefined index: model_name C:\xunizhuji\think\Application\Admin\Controller\CommonController.class.php 第 48 行.
SQL: SELECT * FROM `jx_attribute` WHERE ( type_id=2 )  [ RunTime:0.0002s ]
INFO: [ view_parse ] --START--
INFO: [ template_filter ] --START--
INFO: Run Behavior\ContentReplaceBehavior [ RunTime:0.000041s ]
INFO: [ template_filter ] --END-- [ RunTime:0.000112s ]
INFO: Run Behavior\ParseTemplateBehavior [ RunTime:0.030375s ]
INFO: [ view_parse ] --END-- [ RunTime:0.030480s ]
INFO: [ view_filter ] --START--
INFO: Run Behavior\WriteHtmlCacheBehavior [ RunTime:0.000899s ]
INFO: [ view_filter ] --END-- [ RunTime:0.000937s ]
INFO: [ app_end ] --START--
INFO: Run Behavior\ShowPageTraceBehavior [ RunTime:0.000797s ]
INFO: [ app_end ] --END-- [ RunTime:0.000827s ]

[ 2017-12-22T20:48:36+08:00 ] 127.0.0.1 /Admin/Index/index.html
ERR: 1064:You have an error in your SQL syntax; check the manual that corresponds to your MySQL server version for the right syntax to use near ') )' at line 1
 [ SQL语句 ] : SELECT * FROM `jx_rule` WHERE ( id in () ) 

[ 2017-12-22T20:50:38+08:00 ] 127.0.0.1 /Admin/Index/Js/global.js
ERR: 非法操作:Js

[ 2017-12-22T20:50:38+08:00 ] 127.0.0.1 /Admin/Index/Js/utils.js
ERR: 非法操作:Js

[ 2017-12-22T20:50:38+08:00 ] 127.0.0.1 /Admin/Index/Js/transport.js
ERR: 非法操作:Js

[ 2017-12-22T22:42:17+08:00 ] 127.0.0.1 /Admin/Index/Js/global.js
ERR: 非法操作:Js

[ 2017-12-22T22:42:17+08:00 ] 127.0.0.1 /Admin/Index/Js/transport.js
ERR: 非法操作:Js

[ 2017-12-22T22:42:17+08:00 ] 127.0.0.1 /Admin/Index/Js/utils.js
ERR: 非法操作:Js

[ 2017-12-22T22:42:18+08:00 ] 127.0.0.1 /Admin/Index/Js/transport.js
ERR: 非法操作:Js

