[ 2017-12-23T00:09:20+08:00 ] 127.0.0.1 /Admin/Index/Js/transport.js
ERR: 非法操作:Js

[ 2017-12-23T00:09:20+08:00 ] 127.0.0.1 /Admin/Index/Js/global.js
ERR: 非法操作:Js

[ 2017-12-23T00:09:20+08:00 ] 127.0.0.1 /Admin/Index/Js/utils.js
ERR: 非法操作:Js

[ 2017-12-23T00:09:20+08:00 ] 127.0.0.1 /Admin/Index/Js/transport.js
ERR: 非法操作:Js

[ 2017-12-23T08:45:54+08:00 ] 127.0.0.1 /Admin/Index/Js/global.js
ERR: 非法操作:Js

[ 2017-12-23T08:45:54+08:00 ] 127.0.0.1 /Admin/Index/Js/transport.js
ERR: 非法操作:Js

[ 2017-12-23T08:45:54+08:00 ] 127.0.0.1 /Admin/Index/Js/utils.js
ERR: 非法操作:Js

[ 2017-12-23T08:45:54+08:00 ] 127.0.0.1 /Admin/Index/Js/transport.js
ERR: 非法操作:Js

[ 2017-12-23T09:01:38+08:00 ] 127.0.0.1 /Admin/Goods/showAttr.html
INFO: [ app_begin ] --START--
INFO: Run Behavior\ReadHtmlCacheBehavior [ RunTime:0.000435s ]
INFO: [ app_begin ] --END-- [ RunTime:0.000786s ]
SQL: SHOW COLUMNS FROM `jx_admin_role` [ RunTime:0.0222s ]
SQL: SELECT * FROM `jx_admin_role` WHERE ( admin_id=6 ) LIMIT 1   [ RunTime:0.0002s ]
SQL: SELECT * FROM `jx_rule`  [ RunTime:0.0003s ]
NOTIC: [8] Undefined index: model_name E:\xunizhuji\think\Application\Admin\Controller\CommonController.class.php 第 48 行.
NOTIC: [8] Undefined index: model_name E:\xunizhuji\think\Application\Admin\Controller\CommonController.class.php 第 48 行.
NOTIC: [8] Undefined index: model_name E:\xunizhuji\think\Application\Admin\Controller\CommonController.class.php 第 48 行.
NOTIC: [8] Undefined index: model_name E:\xunizhuji\think\Application\Admin\Controller\CommonController.class.php 第 48 行.
NOTIC: [8] Undefined index: model_name E:\xunizhuji\think\Application\Admin\Controller\CommonController.class.php 第 48 行.
NOTIC: [8] Undefined index: model_name E:\xunizhuji\think\Application\Admin\Controller\CommonController.class.php 第 48 行.
NOTIC: [8] Undefined index: model_name E:\xunizhuji\think\Application\Admin\Controller\CommonController.class.php 第 48 行.
NOTIC: [8] Undefined index: model_name E:\xunizhuji\think\Application\Admin\Controller\CommonController.class.php 第 48 行.
NOTIC: [8] Undefined index: model_name E:\xunizhuji\think\Application\Admin\Controller\CommonController.class.php 第 48 行.
NOTIC: [8] Undefined index: model_name E:\xunizhuji\think\Application\Admin\Controller\CommonController.class.php 第 48 行.
NOTIC: [8] Undefined index: model_name E:\xunizhuji\think\Application\Admin\Controller\CommonController.class.php 第 48 行.
NOTIC: [8] Undefined index: model_name E:\xunizhuji\think\Application\Admin\Controller\CommonController.class.php 第 48 行.
NOTIC: [8] Undefined index: model_name E:\xunizhuji\think\Application\Admin\Controller\CommonController.class.php 第 48 行.
NOTIC: [8] Undefined index: model_name E:\xunizhuji\think\Application\Admin\Controller\CommonController.class.php 第 48 行.
NOTIC: [8] Undefined index: model_name E:\xunizhuji\think\Application\Admin\Controller\CommonController.class.php 第 48 行.
NOTIC: [8] Undefined index: model_name E:\xunizhuji\think\Application\Admin\Controller\CommonController.class.php 第 48 行.
NOTIC: [8] Undefined index: model_name E:\xunizhuji\think\Application\Admin\Controller\CommonController.class.php 第 48 行.
NOTIC: [8] Undefined index: model_name E:\xunizhuji\think\Application\Admin\Controller\CommonController.class.php 第 48 行.
NOTIC: [8] Undefined index: model_name E:\xunizhuji\think\Application\Admin\Controller\CommonController.class.php 第 48 行.
NOTIC: [8] Undefined index: model_name E:\xunizhuji\think\Application\Admin\Controller\CommonController.class.php 第 48 行.
NOTIC: [8] Undefined index: model_name E:\xunizhuji\think\Application\Admin\Controller\CommonController.class.php 第 48 行.
NOTIC: [8] Undefined index: model_name E:\xunizhuji\think\Application\Admin\Controller\CommonController.class.php 第 48 行.
NOTIC: [8] Undefined index: model_name E:\xunizhuji\think\Application\Admin\Controller\CommonController.class.php 第 48 行.
NOTIC: [8] Undefined index: model_name E:\xunizhuji\think\Application\Admin\Controller\CommonController.class.php 第 48 行.
SQL: SELECT * FROM `jx_attribute` WHERE ( type_id=2 )  [ RunTime:0.0004s ]
INFO: [ view_parse ] --START--
INFO: [ template_filter ] --START--
INFO: Run Behavior\ContentReplaceBehavior [ RunTime:0.000039s ]
INFO: [ template_filter ] --END-- [ RunTime:0.000076s ]
INFO: Run Behavior\ParseTemplateBehavior [ RunTime:0.012006s ]
INFO: [ view_parse ] --END-- [ RunTime:0.012060s ]
INFO: [ view_filter ] --START--
INFO: Run Behavior\WriteHtmlCacheBehavior [ RunTime:0.000293s ]
INFO: [ view_filter ] --END-- [ RunTime:0.000318s ]
INFO: [ app_end ] --START--
INFO: Run Behavior\ShowPageTraceBehavior [ RunTime:0.000463s ]
INFO: [ app_end ] --END-- [ RunTime:0.000490s ]

[ 2017-12-23T09:01:40+08:00 ] 127.0.0.1 /Admin/Goods/showAttr.html
INFO: [ app_begin ] --START--
INFO: Run Behavior\ReadHtmlCacheBehavior [ RunTime:0.000472s ]
INFO: [ app_begin ] --END-- [ RunTime:0.000782s ]
SQL: SHOW COLUMNS FROM `jx_admin_role` [ RunTime:0.0184s ]
SQL: SELECT * FROM `jx_admin_role` WHERE ( admin_id=6 ) LIMIT 1   [ RunTime:0.0001s ]
SQL: SELECT * FROM `jx_rule`  [ RunTime:0.0004s ]
NOTIC: [8] Undefined index: model_name E:\xunizhuji\think\Application\Admin\Controller\CommonController.class.php 第 48 行.
NOTIC: [8] Undefined index: model_name E:\xunizhuji\think\Application\Admin\Controller\CommonController.class.php 第 48 行.
NOTIC: [8] Undefined index: model_name E:\xunizhuji\think\Application\Admin\Controller\CommonController.class.php 第 48 行.
NOTIC: [8] Undefined index: model_name E:\xunizhuji\think\Application\Admin\Controller\CommonController.class.php 第 48 行.
NOTIC: [8] Undefined index: model_name E:\xunizhuji\think\Application\Admin\Controller\CommonController.class.php 第 48 行.
NOTIC: [8] Undefined index: model_name E:\xunizhuji\think\Application\Admin\Controller\CommonController.class.php 第 48 行.
NOTIC: [8] Undefined index: model_name E:\xunizhuji\think\Application\Admin\Controller\CommonController.class.php 第 48 行.
NOTIC: [8] Undefined index: model_name E:\xunizhuji\think\Application\Admin\Controller\CommonController.class.php 第 48 行.
NOTIC: [8] Undefined index: model_name E:\xunizhuji\think\Application\Admin\Controller\CommonController.class.php 第 48 行.
NOTIC: [8] Undefined index: model_name E:\xunizhuji\think\Application\Admin\Controller\CommonController.class.php 第 48 行.
NOTIC: [8] Undefined index: model_name E:\xunizhuji\think\Application\Admin\Controller\CommonController.class.php 第 48 行.
NOTIC: [8] Undefined index: model_name E:\xunizhuji\think\Application\Admin\Controller\CommonController.class.php 第 48 行.
NOTIC: [8] Undefined index: model_name E:\xunizhuji\think\Application\Admin\Controller\CommonController.class.php 第 48 行.
NOTIC: [8] Undefined index: model_name E:\xunizhuji\think\Application\Admin\Controller\CommonController.class.php 第 48 行.
NOTIC: [8] Undefined index: model_name E:\xunizhuji\think\Application\Admin\Controller\CommonController.class.php 第 48 行.
NOTIC: [8] Undefined index: model_name E:\xunizhuji\think\Application\Admin\Controller\CommonController.class.php 第 48 行.
NOTIC: [8] Undefined index: model_name E:\xunizhuji\think\Application\Admin\Controller\CommonController.class.php 第 48 行.
NOTIC: [8] Undefined index: model_name E:\xunizhuji\think\Application\Admin\Controller\CommonController.class.php 第 48 行.
NOTIC: [8] Undefined index: model_name E:\xunizhuji\think\Application\Admin\Controller\CommonController.class.php 第 48 行.
NOTIC: [8] Undefined index: model_name E:\xunizhuji\think\Application\Admin\Controller\CommonController.class.php 第 48 行.
NOTIC: [8] Undefined index: model_name E:\xunizhuji\think\Application\Admin\Controller\CommonController.class.php 第 48 行.
NOTIC: [8] Undefined index: model_name E:\xunizhuji\think\Application\Admin\Controller\CommonController.class.php 第 48 行.
NOTIC: [8] Undefined index: model_name E:\xunizhuji\think\Application\Admin\Controller\CommonController.class.php 第 48 行.
NOTIC: [8] Undefined index: model_name E:\xunizhuji\think\Application\Admin\Controller\CommonController.class.php 第 48 行.
SQL: SELECT * FROM `jx_attribute` WHERE ( type_id=3 )  [ RunTime:0.0004s ]
INFO: [ view_parse ] --START--
INFO: [ template_filter ] --START--
INFO: Run Behavior\ContentReplaceBehavior [ RunTime:0.000038s ]
INFO: [ template_filter ] --END-- [ RunTime:0.000076s ]
INFO: Run Behavior\ParseTemplateBehavior [ RunTime:0.007517s ]
INFO: [ view_parse ] --END-- [ RunTime:0.007560s ]
INFO: [ view_filter ] --START--
INFO: Run Behavior\WriteHtmlCacheBehavior [ RunTime:0.000319s ]
INFO: [ view_filter ] --END-- [ RunTime:0.000361s ]
INFO: [ app_end ] --START--
INFO: Run Behavior\ShowPageTraceBehavior [ RunTime:0.000651s ]
INFO: [ app_end ] --END-- [ RunTime:0.000688s ]

[ 2017-12-23T09:25:46+08:00 ] 127.0.0.1 /Admin/Goods/showAttr.html
INFO: [ app_begin ] --START--
INFO: Run Behavior\ReadHtmlCacheBehavior [ RunTime:0.000673s ]
INFO: [ app_begin ] --END-- [ RunTime:0.001164s ]
SQL: SHOW COLUMNS FROM `jx_admin_role` [ RunTime:0.0204s ]
SQL: SELECT * FROM `jx_admin_role` WHERE ( admin_id=6 ) LIMIT 1   [ RunTime:0.0002s ]
SQL: SELECT * FROM `jx_rule`  [ RunTime:0.0003s ]
NOTIC: [8] Undefined index: model_name E:\xunizhuji\think\Application\Admin\Controller\CommonController.class.php 第 48 行.
NOTIC: [8] Undefined index: model_name E:\xunizhuji\think\Application\Admin\Controller\CommonController.class.php 第 48 行.
NOTIC: [8] Undefined index: model_name E:\xunizhuji\think\Application\Admin\Controller\CommonController.class.php 第 48 行.
NOTIC: [8] Undefined index: model_name E:\xunizhuji\think\Application\Admin\Controller\CommonController.class.php 第 48 行.
NOTIC: [8] Undefined index: model_name E:\xunizhuji\think\Application\Admin\Controller\CommonController.class.php 第 48 行.
NOTIC: [8] Undefined index: model_name E:\xunizhuji\think\Application\Admin\Controller\CommonController.class.php 第 48 行.
NOTIC: [8] Undefined index: model_name E:\xunizhuji\think\Application\Admin\Controller\CommonController.class.php 第 48 行.
NOTIC: [8] Undefined index: model_name E:\xunizhuji\think\Application\Admin\Controller\CommonController.class.php 第 48 行.
NOTIC: [8] Undefined index: model_name E:\xunizhuji\think\Application\Admin\Controller\CommonController.class.php 第 48 行.
NOTIC: [8] Undefined index: model_name E:\xunizhuji\think\Application\Admin\Controller\CommonController.class.php 第 48 行.
NOTIC: [8] Undefined index: model_name E:\xunizhuji\think\Application\Admin\Controller\CommonController.class.php 第 48 行.
NOTIC: [8] Undefined index: model_name E:\xunizhuji\think\Application\Admin\Controller\CommonController.class.php 第 48 行.
NOTIC: [8] Undefined index: model_name E:\xunizhuji\think\Application\Admin\Controller\CommonController.class.php 第 48 行.
NOTIC: [8] Undefined index: model_name E:\xunizhuji\think\Application\Admin\Controller\CommonController.class.php 第 48 行.
NOTIC: [8] Undefined index: model_name E:\xunizhuji\think\Application\Admin\Controller\CommonController.class.php 第 48 行.
NOTIC: [8] Undefined index: model_name E:\xunizhuji\think\Application\Admin\Controller\CommonController.class.php 第 48 行.
NOTIC: [8] Undefined index: model_name E:\xunizhuji\think\Application\Admin\Controller\CommonController.class.php 第 48 行.
NOTIC: [8] Undefined index: model_name E:\xunizhuji\think\Application\Admin\Controller\CommonController.class.php 第 48 行.
NOTIC: [8] Undefined index: model_name E:\xunizhuji\think\Application\Admin\Controller\CommonController.class.php 第 48 行.
NOTIC: [8] Undefined index: model_name E:\xunizhuji\think\Application\Admin\Controller\CommonController.class.php 第 48 行.
NOTIC: [8] Undefined index: model_name E:\xunizhuji\think\Application\Admin\Controller\CommonController.class.php 第 48 行.
NOTIC: [8] Undefined index: model_name E:\xunizhuji\think\Application\Admin\Controller\CommonController.class.php 第 48 行.
NOTIC: [8] Undefined index: model_name E:\xunizhuji\think\Application\Admin\Controller\CommonController.class.php 第 48 行.
NOTIC: [8] Undefined index: model_name E:\xunizhuji\think\Application\Admin\Controller\CommonController.class.php 第 48 行.
SQL: SELECT * FROM `jx_attribute` WHERE ( type_id=2 )  [ RunTime:0.0002s ]
INFO: [ view_parse ] --START--
INFO: [ template_filter ] --START--
INFO: Run Behavior\ContentReplaceBehavior [ RunTime:0.000039s ]
INFO: [ template_filter ] --END-- [ RunTime:0.000077s ]
INFO: Run Behavior\ParseTemplateBehavior [ RunTime:0.028083s ]
INFO: [ view_parse ] --END-- [ RunTime:0.028133s ]
INFO: [ view_filter ] --START--
INFO: Run Behavior\WriteHtmlCacheBehavior [ RunTime:0.000337s ]
INFO: [ view_filter ] --END-- [ RunTime:0.000363s ]
INFO: [ app_end ] --START--
INFO: Run Behavior\ShowPageTraceBehavior [ RunTime:0.000497s ]
INFO: [ app_end ] --END-- [ RunTime:0.000524s ]

[ 2017-12-23T09:25:47+08:00 ] 127.0.0.1 /Admin/Goods/showAttr.html
INFO: [ app_begin ] --START--
INFO: Run Behavior\ReadHtmlCacheBehavior [ RunTime:0.000467s ]
INFO: [ app_begin ] --END-- [ RunTime:0.000791s ]
SQL: SHOW COLUMNS FROM `jx_admin_role` [ RunTime:0.0228s ]
SQL: SELECT * FROM `jx_admin_role` WHERE ( admin_id=6 ) LIMIT 1   [ RunTime:0.0002s ]
SQL: SELECT * FROM `jx_rule`  [ RunTime:0.0004s ]
NOTIC: [8] Undefined index: model_name E:\xunizhuji\think\Application\Admin\Controller\CommonController.class.php 第 48 行.
NOTIC: [8] Undefined index: model_name E:\xunizhuji\think\Application\Admin\Controller\CommonController.class.php 第 48 行.
NOTIC: [8] Undefined index: model_name E:\xunizhuji\think\Application\Admin\Controller\CommonController.class.php 第 48 行.
NOTIC: [8] Undefined index: model_name E:\xunizhuji\think\Application\Admin\Controller\CommonController.class.php 第 48 行.
NOTIC: [8] Undefined index: model_name E:\xunizhuji\think\Application\Admin\Controller\CommonController.class.php 第 48 行.
NOTIC: [8] Undefined index: model_name E:\xunizhuji\think\Application\Admin\Controller\CommonController.class.php 第 48 行.
NOTIC: [8] Undefined index: model_name E:\xunizhuji\think\Application\Admin\Controller\CommonController.class.php 第 48 行.
NOTIC: [8] Undefined index: model_name E:\xunizhuji\think\Application\Admin\Controller\CommonController.class.php 第 48 行.
NOTIC: [8] Undefined index: model_name E:\xunizhuji\think\Application\Admin\Controller\CommonController.class.php 第 48 行.
NOTIC: [8] Undefined index: model_name E:\xunizhuji\think\Application\Admin\Controller\CommonController.class.php 第 48 行.
NOTIC: [8] Undefined index: model_name E:\xunizhuji\think\Application\Admin\Controller\CommonController.class.php 第 48 行.
NOTIC: [8] Undefined index: model_name E:\xunizhuji\think\Application\Admin\Controller\CommonController.class.php 第 48 行.
NOTIC: [8] Undefined index: model_name E:\xunizhuji\think\Application\Admin\Controller\CommonController.class.php 第 48 行.
NOTIC: [8] Undefined index: model_name E:\xunizhuji\think\Application\Admin\Controller\CommonController.class.php 第 48 行.
NOTIC: [8] Undefined index: model_name E:\xunizhuji\think\Application\Admin\Controller\CommonController.class.php 第 48 行.
NOTIC: [8] Undefined index: model_name E:\xunizhuji\think\Application\Admin\Controller\CommonController.class.php 第 48 行.
NOTIC: [8] Undefined index: model_name E:\xunizhuji\think\Application\Admin\Controller\CommonController.class.php 第 48 行.
NOTIC: [8] Undefined index: model_name E:\xunizhuji\think\Application\Admin\Controller\CommonController.class.php 第 48 行.
NOTIC: [8] Undefined index: model_name E:\xunizhuji\think\Application\Admin\Controller\CommonController.class.php 第 48 行.
NOTIC: [8] Undefined index: model_name E:\xunizhuji\think\Application\Admin\Controller\CommonController.class.php 第 48 行.
NOTIC: [8] Undefined index: model_name E:\xunizhuji\think\Application\Admin\Controller\CommonController.class.php 第 48 行.
NOTIC: [8] Undefined index: model_name E:\xunizhuji\think\Application\Admin\Controller\CommonController.class.php 第 48 行.
NOTIC: [8] Undefined index: model_name E:\xunizhuji\think\Application\Admin\Controller\CommonController.class.php 第 48 行.
NOTIC: [8] Undefined index: model_name E:\xunizhuji\think\Application\Admin\Controller\CommonController.class.php 第 48 行.
SQL: SELECT * FROM `jx_attribute` WHERE ( type_id=4 )  [ RunTime:0.0004s ]
INFO: [ view_parse ] --START--
INFO: [ template_filter ] --START--
INFO: Run Behavior\ContentReplaceBehavior [ RunTime:0.000041s ]
INFO: [ template_filter ] --END-- [ RunTime:0.000157s ]
INFO: Run Behavior\ParseTemplateBehavior [ RunTime:0.008933s ]
INFO: [ view_parse ] --END-- [ RunTime:0.008993s ]
INFO: [ view_filter ] --START--
INFO: Run Behavior\WriteHtmlCacheBehavior [ RunTime:0.000342s ]
INFO: [ view_filter ] --END-- [ RunTime:0.000367s ]
INFO: [ app_end ] --START--
INFO: Run Behavior\ShowPageTraceBehavior [ RunTime:0.000464s ]
INFO: [ app_end ] --END-- [ RunTime:0.000491s ]

[ 2017-12-23T09:25:48+08:00 ] 127.0.0.1 /Admin/Goods/showAttr.html
INFO: [ app_begin ] --START--
INFO: Run Behavior\ReadHtmlCacheBehavior [ RunTime:0.000469s ]
INFO: [ app_begin ] --END-- [ RunTime:0.000842s ]
SQL: SHOW COLUMNS FROM `jx_admin_role` [ RunTime:0.0206s ]
SQL: SELECT * FROM `jx_admin_role` WHERE ( admin_id=6 ) LIMIT 1   [ RunTime:0.0002s ]
SQL: SELECT * FROM `jx_rule`  [ RunTime:0.0003s ]
NOTIC: [8] Undefined index: model_name E:\xunizhuji\think\Application\Admin\Controller\CommonController.class.php 第 48 行.
NOTIC: [8] Undefined index: model_name E:\xunizhuji\think\Application\Admin\Controller\CommonController.class.php 第 48 行.
NOTIC: [8] Undefined index: model_name E:\xunizhuji\think\Application\Admin\Controller\CommonController.class.php 第 48 行.
NOTIC: [8] Undefined index: model_name E:\xunizhuji\think\Application\Admin\Controller\CommonController.class.php 第 48 行.
NOTIC: [8] Undefined index: model_name E:\xunizhuji\think\Application\Admin\Controller\CommonController.class.php 第 48 行.
NOTIC: [8] Undefined index: model_name E:\xunizhuji\think\Application\Admin\Controller\CommonController.class.php 第 48 行.
NOTIC: [8] Undefined index: model_name E:\xunizhuji\think\Application\Admin\Controller\CommonController.class.php 第 48 行.
NOTIC: [8] Undefined index: model_name E:\xunizhuji\think\Application\Admin\Controller\CommonController.class.php 第 48 行.
NOTIC: [8] Undefined index: model_name E:\xunizhuji\think\Application\Admin\Controller\CommonController.class.php 第 48 行.
NOTIC: [8] Undefined index: model_name E:\xunizhuji\think\Application\Admin\Controller\CommonController.class.php 第 48 行.
NOTIC: [8] Undefined index: model_name E:\xunizhuji\think\Application\Admin\Controller\CommonController.class.php 第 48 行.
NOTIC: [8] Undefined index: model_name E:\xunizhuji\think\Application\Admin\Controller\CommonController.class.php 第 48 行.
NOTIC: [8] Undefined index: model_name E:\xunizhuji\think\Application\Admin\Controller\CommonController.class.php 第 48 行.
NOTIC: [8] Undefined index: model_name E:\xunizhuji\think\Application\Admin\Controller\CommonController.class.php 第 48 行.
NOTIC: [8] Undefined index: model_name E:\xunizhuji\think\Application\Admin\Controller\CommonController.class.php 第 48 行.
NOTIC: [8] Undefined index: model_name E:\xunizhuji\think\Application\Admin\Controller\CommonController.class.php 第 48 行.
NOTIC: [8] Undefined index: model_name E:\xunizhuji\think\Application\Admin\Controller\CommonController.class.php 第 48 行.
NOTIC: [8] Undefined index: model_name E:\xunizhuji\think\Application\Admin\Controller\CommonController.class.php 第 48 行.
NOTIC: [8] Undefined index: model_name E:\xunizhuji\think\Application\Admin\Controller\CommonController.class.php 第 48 行.
NOTIC: [8] Undefined index: model_name E:\xunizhuji\think\Application\Admin\Controller\CommonController.class.php 第 48 行.
NOTIC: [8] Undefined index: model_name E:\xunizhuji\think\Application\Admin\Controller\CommonController.class.php 第 48 行.
NOTIC: [8] Undefined index: model_name E:\xunizhuji\think\Application\Admin\Controller\CommonController.class.php 第 48 行.
NOTIC: [8] Undefined index: model_name E:\xunizhuji\think\Application\Admin\Controller\CommonController.class.php 第 48 行.
NOTIC: [8] Undefined index: model_name E:\xunizhuji\think\Application\Admin\Controller\CommonController.class.php 第 48 行.
SQL: SELECT * FROM `jx_attribute` WHERE ( type_id=2 )  [ RunTime:0.0002s ]
INFO: [ view_parse ] --START--
INFO: [ template_filter ] --START--
INFO: Run Behavior\ContentReplaceBehavior [ RunTime:0.000042s ]
INFO: [ template_filter ] --END-- [ RunTime:0.000083s ]
INFO: Run Behavior\ParseTemplateBehavior [ RunTime:0.009469s ]
INFO: [ view_parse ] --END-- [ RunTime:0.009513s ]
INFO: [ view_filter ] --START--
INFO: Run Behavior\WriteHtmlCacheBehavior [ RunTime:0.000296s ]
INFO: [ view_filter ] --END-- [ RunTime:0.000322s ]
INFO: [ app_end ] --START--
INFO: Run Behavior\ShowPageTraceBehavior [ RunTime:0.000473s ]
INFO: [ app_end ] --END-- [ RunTime:0.000499s ]

[ 2017-12-23T09:25:49+08:00 ] 127.0.0.1 /Admin/Goods/showAttr.html
INFO: [ app_begin ] --START--
INFO: Run Behavior\ReadHtmlCacheBehavior [ RunTime:0.000559s ]
INFO: [ app_begin ] --END-- [ RunTime:0.000947s ]
SQL: SHOW COLUMNS FROM `jx_admin_role` [ RunTime:0.0189s ]
SQL: SELECT * FROM `jx_admin_role` WHERE ( admin_id=6 ) LIMIT 1   [ RunTime:0.0002s ]
SQL: SELECT * FROM `jx_rule`  [ RunTime:0.0003s ]
NOTIC: [8] Undefined index: model_name E:\xunizhuji\think\Application\Admin\Controller\CommonController.class.php 第 48 行.
NOTIC: [8] Undefined index: model_name E:\xunizhuji\think\Application\Admin\Controller\CommonController.class.php 第 48 行.
NOTIC: [8] Undefined index: model_name E:\xunizhuji\think\Application\Admin\Controller\CommonController.class.php 第 48 行.
NOTIC: [8] Undefined index: model_name E:\xunizhuji\think\Application\Admin\Controller\CommonController.class.php 第 48 行.
NOTIC: [8] Undefined index: model_name E:\xunizhuji\think\Application\Admin\Controller\CommonController.class.php 第 48 行.
NOTIC: [8] Undefined index: model_name E:\xunizhuji\think\Application\Admin\Controller\CommonController.class.php 第 48 行.
NOTIC: [8] Undefined index: model_name E:\xunizhuji\think\Application\Admin\Controller\CommonController.class.php 第 48 行.
NOTIC: [8] Undefined index: model_name E:\xunizhuji\think\Application\Admin\Controller\CommonController.class.php 第 48 行.
NOTIC: [8] Undefined index: model_name E:\xunizhuji\think\Application\Admin\Controller\CommonController.class.php 第 48 行.
NOTIC: [8] Undefined index: model_name E:\xunizhuji\think\Application\Admin\Controller\CommonController.class.php 第 48 行.
NOTIC: [8] Undefined index: model_name E:\xunizhuji\think\Application\Admin\Controller\CommonController.class.php 第 48 行.
NOTIC: [8] Undefined index: model_name E:\xunizhuji\think\Application\Admin\Controller\CommonController.class.php 第 48 行.
NOTIC: [8] Undefined index: model_name E:\xunizhuji\think\Application\Admin\Controller\CommonController.class.php 第 48 行.
NOTIC: [8] Undefined index: model_name E:\xunizhuji\think\Application\Admin\Controller\CommonController.class.php 第 48 行.
NOTIC: [8] Undefined index: model_name E:\xunizhuji\think\Application\Admin\Controller\CommonController.class.php 第 48 行.
NOTIC: [8] Undefined index: model_name E:\xunizhuji\think\Application\Admin\Controller\CommonController.class.php 第 48 行.
NOTIC: [8] Undefined index: model_name E:\xunizhuji\think\Application\Admin\Controller\CommonController.class.php 第 48 行.
NOTIC: [8] Undefined index: model_name E:\xunizhuji\think\Application\Admin\Controller\CommonController.class.php 第 48 行.
NOTIC: [8] Undefined index: model_name E:\xunizhuji\think\Application\Admin\Controller\CommonController.class.php 第 48 行.
NOTIC: [8] Undefined index: model_name E:\xunizhuji\think\Application\Admin\Controller\CommonController.class.php 第 48 行.
NOTIC: [8] Undefined index: model_name E:\xunizhuji\think\Application\Admin\Controller\CommonController.class.php 第 48 行.
NOTIC: [8] Undefined index: model_name E:\xunizhuji\think\Application\Admin\Controller\CommonController.class.php 第 48 行.
NOTIC: [8] Undefined index: model_name E:\xunizhuji\think\Application\Admin\Controller\CommonController.class.php 第 48 行.
NOTIC: [8] Undefined index: model_name E:\xunizhuji\think\Application\Admin\Controller\CommonController.class.php 第 48 行.
SQL: SELECT * FROM `jx_attribute` WHERE ( type_id=3 )  [ RunTime:0.0003s ]
INFO: [ view_parse ] --START--
INFO: [ template_filter ] --START--
INFO: Run Behavior\ContentReplaceBehavior [ RunTime:0.000060s ]
INFO: [ template_filter ] --END-- [ RunTime:0.000113s ]
INFO: Run Behavior\ParseTemplateBehavior [ RunTime:0.007637s ]
INFO: [ view_parse ] --END-- [ RunTime:0.007681s ]
INFO: [ view_filter ] --START--
INFO: Run Behavior\WriteHtmlCacheBehavior [ RunTime:0.000341s ]
INFO: [ view_filter ] --END-- [ RunTime:0.000367s ]
INFO: [ app_end ] --START--
INFO: Run Behavior\ShowPageTraceBehavior [ RunTime:0.000471s ]
INFO: [ app_end ] --END-- [ RunTime:0.000498s ]

[ 2017-12-23T09:30:30+08:00 ] 127.0.0.1 /Admin/Goods/showAttr.html
INFO: [ app_begin ] --START--
INFO: Run Behavior\ReadHtmlCacheBehavior [ RunTime:0.000502s ]
INFO: [ app_begin ] --END-- [ RunTime:0.000829s ]
SQL: SHOW COLUMNS FROM `jx_admin_role` [ RunTime:0.0199s ]
SQL: SELECT * FROM `jx_admin_role` WHERE ( admin_id=6 ) LIMIT 1   [ RunTime:0.0002s ]
SQL: SELECT * FROM `jx_rule`  [ RunTime:0.0003s ]
NOTIC: [8] Undefined index: model_name E:\xunizhuji\think\Application\Admin\Controller\CommonController.class.php 第 48 行.
NOTIC: [8] Undefined index: model_name E:\xunizhuji\think\Application\Admin\Controller\CommonController.class.php 第 48 行.
NOTIC: [8] Undefined index: model_name E:\xunizhuji\think\Application\Admin\Controller\CommonController.class.php 第 48 行.
NOTIC: [8] Undefined index: model_name E:\xunizhuji\think\Application\Admin\Controller\CommonController.class.php 第 48 行.
NOTIC: [8] Undefined index: model_name E:\xunizhuji\think\Application\Admin\Controller\CommonController.class.php 第 48 行.
NOTIC: [8] Undefined index: model_name E:\xunizhuji\think\Application\Admin\Controller\CommonController.class.php 第 48 行.
NOTIC: [8] Undefined index: model_name E:\xunizhuji\think\Application\Admin\Controller\CommonController.class.php 第 48 行.
NOTIC: [8] Undefined index: model_name E:\xunizhuji\think\Application\Admin\Controller\CommonController.class.php 第 48 行.
NOTIC: [8] Undefined index: model_name E:\xunizhuji\think\Application\Admin\Controller\CommonController.class.php 第 48 行.
NOTIC: [8] Undefined index: model_name E:\xunizhuji\think\Application\Admin\Controller\CommonController.class.php 第 48 行.
NOTIC: [8] Undefined index: model_name E:\xunizhuji\think\Application\Admin\Controller\CommonController.class.php 第 48 行.
NOTIC: [8] Undefined index: model_name E:\xunizhuji\think\Application\Admin\Controller\CommonController.class.php 第 48 行.
NOTIC: [8] Undefined index: model_name E:\xunizhuji\think\Application\Admin\Controller\CommonController.class.php 第 48 行.
NOTIC: [8] Undefined index: model_name E:\xunizhuji\think\Application\Admin\Controller\CommonController.class.php 第 48 行.
NOTIC: [8] Undefined index: model_name E:\xunizhuji\think\Application\Admin\Controller\CommonController.class.php 第 48 行.
NOTIC: [8] Undefined index: model_name E:\xunizhuji\think\Application\Admin\Controller\CommonController.class.php 第 48 行.
NOTIC: [8] Undefined index: model_name E:\xunizhuji\think\Application\Admin\Controller\CommonController.class.php 第 48 行.
NOTIC: [8] Undefined index: model_name E:\xunizhuji\think\Application\Admin\Controller\CommonController.class.php 第 48 行.
NOTIC: [8] Undefined index: model_name E:\xunizhuji\think\Application\Admin\Controller\CommonController.class.php 第 48 行.
NOTIC: [8] Undefined index: model_name E:\xunizhuji\think\Application\Admin\Controller\CommonController.class.php 第 48 行.
NOTIC: [8] Undefined index: model_name E:\xunizhuji\think\Application\Admin\Controller\CommonController.class.php 第 48 行.
NOTIC: [8] Undefined index: model_name E:\xunizhuji\think\Application\Admin\Controller\CommonController.class.php 第 48 行.
NOTIC: [8] Undefined index: model_name E:\xunizhuji\think\Application\Admin\Controller\CommonController.class.php 第 48 行.
NOTIC: [8] Undefined index: model_name E:\xunizhuji\think\Application\Admin\Controller\CommonController.class.php 第 48 行.
SQL: SELECT * FROM `jx_attribute` WHERE ( type_id=2 )  [ RunTime:0.0003s ]
INFO: [ view_parse ] --START--
INFO: [ template_filter ] --START--
INFO: Run Behavior\ContentReplaceBehavior [ RunTime:0.000060s ]
INFO: [ template_filter ] --END-- [ RunTime:0.000121s ]
INFO: Run Behavior\ParseTemplateBehavior [ RunTime:0.026646s ]
INFO: [ view_parse ] --END-- [ RunTime:0.026697s ]
INFO: [ view_filter ] --START--
INFO: Run Behavior\WriteHtmlCacheBehavior [ RunTime:0.000335s ]
INFO: [ view_filter ] --END-- [ RunTime:0.000362s ]
INFO: [ app_end ] --START--
INFO: Run Behavior\ShowPageTraceBehavior [ RunTime:0.000574s ]
INFO: [ app_end ] --END-- [ RunTime:0.000603s ]

[ 2017-12-23T09:30:36+08:00 ] 127.0.0.1 /Admin/Goods/showAttr.html
INFO: [ app_begin ] --START--
INFO: Run Behavior\ReadHtmlCacheBehavior [ RunTime:0.000481s ]
INFO: [ app_begin ] --END-- [ RunTime:0.000818s ]
SQL: SHOW COLUMNS FROM `jx_admin_role` [ RunTime:0.0184s ]
SQL: SELECT * FROM `jx_admin_role` WHERE ( admin_id=6 ) LIMIT 1   [ RunTime:0.0002s ]
SQL: SELECT * FROM `jx_rule`  [ RunTime:0.0003s ]
NOTIC: [8] Undefined index: model_name E:\xunizhuji\think\Application\Admin\Controller\CommonController.class.php 第 48 行.
NOTIC: [8] Undefined index: model_name E:\xunizhuji\think\Application\Admin\Controller\CommonController.class.php 第 48 行.
NOTIC: [8] Undefined index: model_name E:\xunizhuji\think\Application\Admin\Controller\CommonController.class.php 第 48 行.
NOTIC: [8] Undefined index: model_name E:\xunizhuji\think\Application\Admin\Controller\CommonController.class.php 第 48 行.
NOTIC: [8] Undefined index: model_name E:\xunizhuji\think\Application\Admin\Controller\CommonController.class.php 第 48 行.
NOTIC: [8] Undefined index: model_name E:\xunizhuji\think\Application\Admin\Controller\CommonController.class.php 第 48 行.
NOTIC: [8] Undefined index: model_name E:\xunizhuji\think\Application\Admin\Controller\CommonController.class.php 第 48 行.
NOTIC: [8] Undefined index: model_name E:\xunizhuji\think\Application\Admin\Controller\CommonController.class.php 第 48 行.
NOTIC: [8] Undefined index: model_name E:\xunizhuji\think\Application\Admin\Controller\CommonController.class.php 第 48 行.
NOTIC: [8] Undefined index: model_name E:\xunizhuji\think\Application\Admin\Controller\CommonController.class.php 第 48 行.
NOTIC: [8] Undefined index: model_name E:\xunizhuji\think\Application\Admin\Controller\CommonController.class.php 第 48 行.
NOTIC: [8] Undefined index: model_name E:\xunizhuji\think\Application\Admin\Controller\CommonController.class.php 第 48 行.
NOTIC: [8] Undefined index: model_name E:\xunizhuji\think\Application\Admin\Controller\CommonController.class.php 第 48 行.
NOTIC: [8] Undefined index: model_name E:\xunizhuji\think\Application\Admin\Controller\CommonController.class.php 第 48 行.
NOTIC: [8] Undefined index: model_name E:\xunizhuji\think\Application\Admin\Controller\CommonController.class.php 第 48 行.
NOTIC: [8] Undefined index: model_name E:\xunizhuji\think\Application\Admin\Controller\CommonController.class.php 第 48 行.
NOTIC: [8] Undefined index: model_name E:\xunizhuji\think\Application\Admin\Controller\CommonController.class.php 第 48 行.
NOTIC: [8] Undefined index: model_name E:\xunizhuji\think\Application\Admin\Controller\CommonController.class.php 第 48 行.
NOTIC: [8] Undefined index: model_name E:\xunizhuji\think\Application\Admin\Controller\CommonController.class.php 第 48 行.
NOTIC: [8] Undefined index: model_name E:\xunizhuji\think\Application\Admin\Controller\CommonController.class.php 第 48 行.
NOTIC: [8] Undefined index: model_name E:\xunizhuji\think\Application\Admin\Controller\CommonController.class.php 第 48 行.
NOTIC: [8] Undefined index: model_name E:\xunizhuji\think\Application\Admin\Controller\CommonController.class.php 第 48 行.
NOTIC: [8] Undefined index: model_name E:\xunizhuji\think\Application\Admin\Controller\CommonController.class.php 第 48 行.
NOTIC: [8] Undefined index: model_name E:\xunizhuji\think\Application\Admin\Controller\CommonController.class.php 第 48 行.
SQL: SELECT * FROM `jx_attribute` WHERE ( type_id=3 )  [ RunTime:0.0002s ]
INFO: [ view_parse ] --START--
INFO: [ template_filter ] --START--
INFO: Run Behavior\ContentReplaceBehavior [ RunTime:0.000057s ]
INFO: [ template_filter ] --END-- [ RunTime:0.000114s ]
INFO: Run Behavior\ParseTemplateBehavior [ RunTime:0.007580s ]
INFO: [ view_parse ] --END-- [ RunTime:0.007624s ]
INFO: [ view_filter ] --START--
INFO: Run Behavior\WriteHtmlCacheBehavior [ RunTime:0.000329s ]
INFO: [ view_filter ] --END-- [ RunTime:0.000355s ]
INFO: [ app_end ] --START--
INFO: Run Behavior\ShowPageTraceBehavior [ RunTime:0.000570s ]
INFO: [ app_end ] --END-- [ RunTime:0.000597s ]

[ 2017-12-23T09:34:58+08:00 ] 127.0.0.1 /Admin/Goods/showAttr.html
INFO: [ app_begin ] --START--
INFO: Run Behavior\ReadHtmlCacheBehavior [ RunTime:0.000483s ]
INFO: [ app_begin ] --END-- [ RunTime:0.000800s ]
SQL: SHOW COLUMNS FROM `jx_admin_role` [ RunTime:0.0183s ]
SQL: SELECT * FROM `jx_admin_role` WHERE ( admin_id=6 ) LIMIT 1   [ RunTime:0.0003s ]
SQL: SELECT * FROM `jx_rule`  [ RunTime:0.0003s ]
NOTIC: [8] Undefined index: model_name E:\xunizhuji\think\Application\Admin\Controller\CommonController.class.php 第 48 行.
NOTIC: [8] Undefined index: model_name E:\xunizhuji\think\Application\Admin\Controller\CommonController.class.php 第 48 行.
NOTIC: [8] Undefined index: model_name E:\xunizhuji\think\Application\Admin\Controller\CommonController.class.php 第 48 行.
NOTIC: [8] Undefined index: model_name E:\xunizhuji\think\Application\Admin\Controller\CommonController.class.php 第 48 行.
NOTIC: [8] Undefined index: model_name E:\xunizhuji\think\Application\Admin\Controller\CommonController.class.php 第 48 行.
NOTIC: [8] Undefined index: model_name E:\xunizhuji\think\Application\Admin\Controller\CommonController.class.php 第 48 行.
NOTIC: [8] Undefined index: model_name E:\xunizhuji\think\Application\Admin\Controller\CommonController.class.php 第 48 行.
NOTIC: [8] Undefined index: model_name E:\xunizhuji\think\Application\Admin\Controller\CommonController.class.php 第 48 行.
NOTIC: [8] Undefined index: model_name E:\xunizhuji\think\Application\Admin\Controller\CommonController.class.php 第 48 行.
NOTIC: [8] Undefined index: model_name E:\xunizhuji\think\Application\Admin\Controller\CommonController.class.php 第 48 行.
NOTIC: [8] Undefined index: model_name E:\xunizhuji\think\Application\Admin\Controller\CommonController.class.php 第 48 行.
NOTIC: [8] Undefined index: model_name E:\xunizhuji\think\Application\Admin\Controller\CommonController.class.php 第 48 行.
NOTIC: [8] Undefined index: model_name E:\xunizhuji\think\Application\Admin\Controller\CommonController.class.php 第 48 行.
NOTIC: [8] Undefined index: model_name E:\xunizhuji\think\Application\Admin\Controller\CommonController.class.php 第 48 行.
NOTIC: [8] Undefined index: model_name E:\xunizhuji\think\Application\Admin\Controller\CommonController.class.php 第 48 行.
NOTIC: [8] Undefined index: model_name E:\xunizhuji\think\Application\Admin\Controller\CommonController.class.php 第 48 行.
NOTIC: [8] Undefined index: model_name E:\xunizhuji\think\Application\Admin\Controller\CommonController.class.php 第 48 行.
NOTIC: [8] Undefined index: model_name E:\xunizhuji\think\Application\Admin\Controller\CommonController.class.php 第 48 行.
NOTIC: [8] Undefined index: model_name E:\xunizhuji\think\Application\Admin\Controller\CommonController.class.php 第 48 行.
NOTIC: [8] Undefined index: model_name E:\xunizhuji\think\Application\Admin\Controller\CommonController.class.php 第 48 行.
NOTIC: [8] Undefined index: model_name E:\xunizhuji\think\Application\Admin\Controller\CommonController.class.php 第 48 行.
NOTIC: [8] Undefined index: model_name E:\xunizhuji\think\Application\Admin\Controller\CommonController.class.php 第 48 行.
NOTIC: [8] Undefined index: model_name E:\xunizhuji\think\Application\Admin\Controller\CommonController.class.php 第 48 行.
NOTIC: [8] Undefined index: model_name E:\xunizhuji\think\Application\Admin\Controller\CommonController.class.php 第 48 行.
SQL: SELECT * FROM `jx_attribute` WHERE ( type_id=2 )  [ RunTime:0.0002s ]
INFO: [ view_parse ] --START--
INFO: [ template_filter ] --START--
INFO: Run Behavior\ContentReplaceBehavior [ RunTime:0.000042s ]
INFO: [ template_filter ] --END-- [ RunTime:0.000077s ]
INFO: Run Behavior\ParseTemplateBehavior [ RunTime:0.026122s ]
INFO: [ view_parse ] --END-- [ RunTime:0.026182s ]
INFO: [ view_filter ] --START--
INFO: Run Behavior\WriteHtmlCacheBehavior [ RunTime:0.000368s ]
INFO: [ view_filter ] --END-- [ RunTime:0.000399s ]
INFO: [ app_end ] --START--
INFO: Run Behavior\ShowPageTraceBehavior [ RunTime:0.000545s ]
INFO: [ app_end ] --END-- [ RunTime:0.000572s ]

[ 2017-12-23T09:35:00+08:00 ] 127.0.0.1 /Admin/Goods/showAttr.html
INFO: [ app_begin ] --START--
INFO: Run Behavior\ReadHtmlCacheBehavior [ RunTime:0.000546s ]
INFO: [ app_begin ] --END-- [ RunTime:0.001454s ]
SQL: SHOW COLUMNS FROM `jx_admin_role` [ RunTime:0.0202s ]
SQL: SELECT * FROM `jx_admin_role` WHERE ( admin_id=6 ) LIMIT 1   [ RunTime:0.0002s ]
SQL: SELECT * FROM `jx_rule`  [ RunTime:0.0003s ]
NOTIC: [8] Undefined index: model_name E:\xunizhuji\think\Application\Admin\Controller\CommonController.class.php 第 48 行.
NOTIC: [8] Undefined index: model_name E:\xunizhuji\think\Application\Admin\Controller\CommonController.class.php 第 48 行.
NOTIC: [8] Undefined index: model_name E:\xunizhuji\think\Application\Admin\Controller\CommonController.class.php 第 48 行.
NOTIC: [8] Undefined index: model_name E:\xunizhuji\think\Application\Admin\Controller\CommonController.class.php 第 48 行.
NOTIC: [8] Undefined index: model_name E:\xunizhuji\think\Application\Admin\Controller\CommonController.class.php 第 48 行.
NOTIC: [8] Undefined index: model_name E:\xunizhuji\think\Application\Admin\Controller\CommonController.class.php 第 48 行.
NOTIC: [8] Undefined index: model_name E:\xunizhuji\think\Application\Admin\Controller\CommonController.class.php 第 48 行.
NOTIC: [8] Undefined index: model_name E:\xunizhuji\think\Application\Admin\Controller\CommonController.class.php 第 48 行.
NOTIC: [8] Undefined index: model_name E:\xunizhuji\think\Application\Admin\Controller\CommonController.class.php 第 48 行.
NOTIC: [8] Undefined index: model_name E:\xunizhuji\think\Application\Admin\Controller\CommonController.class.php 第 48 行.
NOTIC: [8] Undefined index: model_name E:\xunizhuji\think\Application\Admin\Controller\CommonController.class.php 第 48 行.
NOTIC: [8] Undefined index: model_name E:\xunizhuji\think\Application\Admin\Controller\CommonController.class.php 第 48 行.
NOTIC: [8] Undefined index: model_name E:\xunizhuji\think\Application\Admin\Controller\CommonController.class.php 第 48 行.
NOTIC: [8] Undefined index: model_name E:\xunizhuji\think\Application\Admin\Controller\CommonController.class.php 第 48 行.
NOTIC: [8] Undefined index: model_name E:\xunizhuji\think\Application\Admin\Controller\CommonController.class.php 第 48 行.
NOTIC: [8] Undefined index: model_name E:\xunizhuji\think\Application\Admin\Controller\CommonController.class.php 第 48 行.
NOTIC: [8] Undefined index: model_name E:\xunizhuji\think\Application\Admin\Controller\CommonController.class.php 第 48 行.
NOTIC: [8] Undefined index: model_name E:\xunizhuji\think\Application\Admin\Controller\CommonController.class.php 第 48 行.
NOTIC: [8] Undefined index: model_name E:\xunizhuji\think\Application\Admin\Controller\CommonController.class.php 第 48 行.
NOTIC: [8] Undefined index: model_name E:\xunizhuji\think\Application\Admin\Controller\CommonController.class.php 第 48 行.
NOTIC: [8] Undefined index: model_name E:\xunizhuji\think\Application\Admin\Controller\CommonController.class.php 第 48 行.
NOTIC: [8] Undefined index: model_name E:\xunizhuji\think\Application\Admin\Controller\CommonController.class.php 第 48 行.
NOTIC: [8] Undefined index: model_name E:\xunizhuji\think\Application\Admin\Controller\CommonController.class.php 第 48 行.
NOTIC: [8] Undefined index: model_name E:\xunizhuji\think\Application\Admin\Controller\CommonController.class.php 第 48 行.
SQL: SELECT * FROM `jx_attribute` WHERE ( type_id=3 )  [ RunTime:0.0003s ]
INFO: [ view_parse ] --START--
INFO: [ template_filter ] --START--
INFO: Run Behavior\ContentReplaceBehavior [ RunTime:0.000041s ]
INFO: [ template_filter ] --END-- [ RunTime:0.000079s ]
INFO: Run Behavior\ParseTemplateBehavior [ RunTime:0.007601s ]
INFO: [ view_parse ] --END-- [ RunTime:0.007647s ]
INFO: [ view_filter ] --START--
INFO: Run Behavior\WriteHtmlCacheBehavior [ RunTime:0.000293s ]
INFO: [ view_filter ] --END-- [ RunTime:0.000319s ]
INFO: [ app_end ] --START--
INFO: Run Behavior\ShowPageTraceBehavior [ RunTime:0.000573s ]
INFO: [ app_end ] --END-- [ RunTime:0.000614s ]

[ 2017-12-23T09:40:41+08:00 ] 127.0.0.1 /Admin/Goods/showAttr.html
INFO: [ app_begin ] --START--
INFO: Run Behavior\ReadHtmlCacheBehavior [ RunTime:0.000521s ]
INFO: [ app_begin ] --END-- [ RunTime:0.000832s ]
SQL: SHOW COLUMNS FROM `jx_admin_role` [ RunTime:0.0190s ]
SQL: SELECT * FROM `jx_admin_role` WHERE ( admin_id=6 ) LIMIT 1   [ RunTime:0.0002s ]
SQL: SELECT * FROM `jx_rule`  [ RunTime:0.0003s ]
NOTIC: [8] Undefined index: model_name E:\xunizhuji\think\Application\Admin\Controller\CommonController.class.php 第 48 行.
NOTIC: [8] Undefined index: model_name E:\xunizhuji\think\Application\Admin\Controller\CommonController.class.php 第 48 行.
NOTIC: [8] Undefined index: model_name E:\xunizhuji\think\Application\Admin\Controller\CommonController.class.php 第 48 行.
NOTIC: [8] Undefined index: model_name E:\xunizhuji\think\Application\Admin\Controller\CommonController.class.php 第 48 行.
NOTIC: [8] Undefined index: model_name E:\xunizhuji\think\Application\Admin\Controller\CommonController.class.php 第 48 行.
NOTIC: [8] Undefined index: model_name E:\xunizhuji\think\Application\Admin\Controller\CommonController.class.php 第 48 行.
NOTIC: [8] Undefined index: model_name E:\xunizhuji\think\Application\Admin\Controller\CommonController.class.php 第 48 行.
NOTIC: [8] Undefined index: model_name E:\xunizhuji\think\Application\Admin\Controller\CommonController.class.php 第 48 行.
NOTIC: [8] Undefined index: model_name E:\xunizhuji\think\Application\Admin\Controller\CommonController.class.php 第 48 行.
NOTIC: [8] Undefined index: model_name E:\xunizhuji\think\Application\Admin\Controller\CommonController.class.php 第 48 行.
NOTIC: [8] Undefined index: model_name E:\xunizhuji\think\Application\Admin\Controller\CommonController.class.php 第 48 行.
NOTIC: [8] Undefined index: model_name E:\xunizhuji\think\Application\Admin\Controller\CommonController.class.php 第 48 行.
NOTIC: [8] Undefined index: model_name E:\xunizhuji\think\Application\Admin\Controller\CommonController.class.php 第 48 行.
NOTIC: [8] Undefined index: model_name E:\xunizhuji\think\Application\Admin\Controller\CommonController.class.php 第 48 行.
NOTIC: [8] Undefined index: model_name E:\xunizhuji\think\Application\Admin\Controller\CommonController.class.php 第 48 行.
NOTIC: [8] Undefined index: model_name E:\xunizhuji\think\Application\Admin\Controller\CommonController.class.php 第 48 行.
NOTIC: [8] Undefined index: model_name E:\xunizhuji\think\Application\Admin\Controller\CommonController.class.php 第 48 行.
NOTIC: [8] Undefined index: model_name E:\xunizhuji\think\Application\Admin\Controller\CommonController.class.php 第 48 行.
NOTIC: [8] Undefined index: model_name E:\xunizhuji\think\Application\Admin\Controller\CommonController.class.php 第 48 行.
NOTIC: [8] Undefined index: model_name E:\xunizhuji\think\Application\Admin\Controller\CommonController.class.php 第 48 行.
NOTIC: [8] Undefined index: model_name E:\xunizhuji\think\Application\Admin\Controller\CommonController.class.php 第 48 行.
NOTIC: [8] Undefined index: model_name E:\xunizhuji\think\Application\Admin\Controller\CommonController.class.php 第 48 行.
NOTIC: [8] Undefined index: model_name E:\xunizhuji\think\Application\Admin\Controller\CommonController.class.php 第 48 行.
NOTIC: [8] Undefined index: model_name E:\xunizhuji\think\Application\Admin\Controller\CommonController.class.php 第 48 行.

[ 2017-12-23T09:40:42+08:00 ] 127.0.0.1 /Admin/Goods/showAttr.html
INFO: [ app_begin ] --START--
INFO: Run Behavior\ReadHtmlCacheBehavior [ RunTime:0.000853s ]
INFO: [ app_begin ] --END-- [ RunTime:0.001262s ]
SQL: SHOW COLUMNS FROM `jx_admin_role` [ RunTime:0.0190s ]
SQL: SELECT * FROM `jx_admin_role` WHERE ( admin_id=6 ) LIMIT 1   [ RunTime:0.0002s ]
SQL: SELECT * FROM `jx_rule`  [ RunTime:0.0002s ]
NOTIC: [8] Undefined index: model_name E:\xunizhuji\think\Application\Admin\Controller\CommonController.class.php 第 48 行.
NOTIC: [8] Undefined index: model_name E:\xunizhuji\think\Application\Admin\Controller\CommonController.class.php 第 48 行.
NOTIC: [8] Undefined index: model_name E:\xunizhuji\think\Application\Admin\Controller\CommonController.class.php 第 48 行.
NOTIC: [8] Undefined index: model_name E:\xunizhuji\think\Application\Admin\Controller\CommonController.class.php 第 48 行.
NOTIC: [8] Undefined index: model_name E:\xunizhuji\think\Application\Admin\Controller\CommonController.class.php 第 48 行.
NOTIC: [8] Undefined index: model_name E:\xunizhuji\think\Application\Admin\Controller\CommonController.class.php 第 48 行.
NOTIC: [8] Undefined index: model_name E:\xunizhuji\think\Application\Admin\Controller\CommonController.class.php 第 48 行.
NOTIC: [8] Undefined index: model_name E:\xunizhuji\think\Application\Admin\Controller\CommonController.class.php 第 48 行.
NOTIC: [8] Undefined index: model_name E:\xunizhuji\think\Application\Admin\Controller\CommonController.class.php 第 48 行.
NOTIC: [8] Undefined index: model_name E:\xunizhuji\think\Application\Admin\Controller\CommonController.class.php 第 48 行.
NOTIC: [8] Undefined index: model_name E:\xunizhuji\think\Application\Admin\Controller\CommonController.class.php 第 48 行.
NOTIC: [8] Undefined index: model_name E:\xunizhuji\think\Application\Admin\Controller\CommonController.class.php 第 48 行.
NOTIC: [8] Undefined index: model_name E:\xunizhuji\think\Application\Admin\Controller\CommonController.class.php 第 48 行.
NOTIC: [8] Undefined index: model_name E:\xunizhuji\think\Application\Admin\Controller\CommonController.class.php 第 48 行.
NOTIC: [8] Undefined index: model_name E:\xunizhuji\think\Application\Admin\Controller\CommonController.class.php 第 48 行.
NOTIC: [8] Undefined index: model_name E:\xunizhuji\think\Application\Admin\Controller\CommonController.class.php 第 48 行.
NOTIC: [8] Undefined index: model_name E:\xunizhuji\think\Application\Admin\Controller\CommonController.class.php 第 48 行.
NOTIC: [8] Undefined index: model_name E:\xunizhuji\think\Application\Admin\Controller\CommonController.class.php 第 48 行.
NOTIC: [8] Undefined index: model_name E:\xunizhuji\think\Application\Admin\Controller\CommonController.class.php 第 48 行.
NOTIC: [8] Undefined index: model_name E:\xunizhuji\think\Application\Admin\Controller\CommonController.class.php 第 48 行.
NOTIC: [8] Undefined index: model_name E:\xunizhuji\think\Application\Admin\Controller\CommonController.class.php 第 48 行.
NOTIC: [8] Undefined index: model_name E:\xunizhuji\think\Application\Admin\Controller\CommonController.class.php 第 48 行.
NOTIC: [8] Undefined index: model_name E:\xunizhuji\think\Application\Admin\Controller\CommonController.class.php 第 48 行.
NOTIC: [8] Undefined index: model_name E:\xunizhuji\think\Application\Admin\Controller\CommonController.class.php 第 48 行.
SQL: SELECT * FROM `jx_attribute` WHERE ( type_id=2 )  [ RunTime:0.0003s ]
INFO: [ view_parse ] --START--
INFO: [ template_filter ] --START--
INFO: Run Behavior\ContentReplaceBehavior [ RunTime:0.000039s ]
INFO: [ template_filter ] --END-- [ RunTime:0.000092s ]
INFO: Run Behavior\ParseTemplateBehavior [ RunTime:0.007798s ]
INFO: [ view_parse ] --END-- [ RunTime:0.007848s ]
INFO: [ view_filter ] --START--
INFO: Run Behavior\WriteHtmlCacheBehavior [ RunTime:0.000347s ]
INFO: [ view_filter ] --END-- [ RunTime:0.000375s ]
INFO: [ app_end ] --START--
INFO: Run Behavior\ShowPageTraceBehavior [ RunTime:0.000554s ]
INFO: [ app_end ] --END-- [ RunTime:0.000582s ]

[ 2017-12-23T09:40:44+08:00 ] 127.0.0.1 /Admin/Goods/showAttr.html
INFO: [ app_begin ] --START--
INFO: Run Behavior\ReadHtmlCacheBehavior [ RunTime:0.001049s ]
INFO: [ app_begin ] --END-- [ RunTime:0.001493s ]
SQL: SHOW COLUMNS FROM `jx_admin_role` [ RunTime:0.0226s ]
SQL: SELECT * FROM `jx_admin_role` WHERE ( admin_id=6 ) LIMIT 1   [ RunTime:0.0001s ]
SQL: SELECT * FROM `jx_rule`  [ RunTime:0.0002s ]
NOTIC: [8] Undefined index: model_name E:\xunizhuji\think\Application\Admin\Controller\CommonController.class.php 第 48 行.
NOTIC: [8] Undefined index: model_name E:\xunizhuji\think\Application\Admin\Controller\CommonController.class.php 第 48 行.
NOTIC: [8] Undefined index: model_name E:\xunizhuji\think\Application\Admin\Controller\CommonController.class.php 第 48 行.
NOTIC: [8] Undefined index: model_name E:\xunizhuji\think\Application\Admin\Controller\CommonController.class.php 第 48 行.
NOTIC: [8] Undefined index: model_name E:\xunizhuji\think\Application\Admin\Controller\CommonController.class.php 第 48 行.
NOTIC: [8] Undefined index: model_name E:\xunizhuji\think\Application\Admin\Controller\CommonController.class.php 第 48 行.
NOTIC: [8] Undefined index: model_name E:\xunizhuji\think\Application\Admin\Controller\CommonController.class.php 第 48 行.
NOTIC: [8] Undefined index: model_name E:\xunizhuji\think\Application\Admin\Controller\CommonController.class.php 第 48 行.
NOTIC: [8] Undefined index: model_name E:\xunizhuji\think\Application\Admin\Controller\CommonController.class.php 第 48 行.
NOTIC: [8] Undefined index: model_name E:\xunizhuji\think\Application\Admin\Controller\CommonController.class.php 第 48 行.
NOTIC: [8] Undefined index: model_name E:\xunizhuji\think\Application\Admin\Controller\CommonController.class.php 第 48 行.
NOTIC: [8] Undefined index: model_name E:\xunizhuji\think\Application\Admin\Controller\CommonController.class.php 第 48 行.
NOTIC: [8] Undefined index: model_name E:\xunizhuji\think\Application\Admin\Controller\CommonController.class.php 第 48 行.
NOTIC: [8] Undefined index: model_name E:\xunizhuji\think\Application\Admin\Controller\CommonController.class.php 第 48 行.
NOTIC: [8] Undefined index: model_name E:\xunizhuji\think\Application\Admin\Controller\CommonController.class.php 第 48 行.
NOTIC: [8] Undefined index: model_name E:\xunizhuji\think\Application\Admin\Controller\CommonController.class.php 第 48 行.
NOTIC: [8] Undefined index: model_name E:\xunizhuji\think\Application\Admin\Controller\CommonController.class.php 第 48 行.
NOTIC: [8] Undefined index: model_name E:\xunizhuji\think\Application\Admin\Controller\CommonController.class.php 第 48 行.
NOTIC: [8] Undefined index: model_name E:\xunizhuji\think\Application\Admin\Controller\CommonController.class.php 第 48 行.
NOTIC: [8] Undefined index: model_name E:\xunizhuji\think\Application\Admin\Controller\CommonController.class.php 第 48 行.
NOTIC: [8] Undefined index: model_name E:\xunizhuji\think\Application\Admin\Controller\CommonController.class.php 第 48 行.
NOTIC: [8] Undefined index: model_name E:\xunizhuji\think\Application\Admin\Controller\CommonController.class.php 第 48 行.
NOTIC: [8] Undefined index: model_name E:\xunizhuji\think\Application\Admin\Controller\CommonController.class.php 第 48 行.
NOTIC: [8] Undefined index: model_name E:\xunizhuji\think\Application\Admin\Controller\CommonController.class.php 第 48 行.
SQL: SELECT * FROM `jx_attribute` WHERE ( type_id=3 )  [ RunTime:0.0003s ]
INFO: [ view_parse ] --START--
INFO: [ template_filter ] --START--
INFO: Run Behavior\ContentReplaceBehavior [ RunTime:0.000052s ]
INFO: [ template_filter ] --END-- [ RunTime:0.000104s ]
INFO: Run Behavior\ParseTemplateBehavior [ RunTime:0.008134s ]
INFO: [ view_parse ] --END-- [ RunTime:0.008180s ]
INFO: [ view_filter ] --START--
INFO: Run Behavior\WriteHtmlCacheBehavior [ RunTime:0.000329s ]
INFO: [ view_filter ] --END-- [ RunTime:0.000369s ]
INFO: [ app_end ] --START--
INFO: Run Behavior\ShowPageTraceBehavior [ RunTime:0.000479s ]
INFO: [ app_end ] --END-- [ RunTime:0.000505s ]

[ 2017-12-23T09:43:46+08:00 ] 127.0.0.1 /Admin/Goods/showAttr.html
INFO: [ app_begin ] --START--
INFO: Run Behavior\ReadHtmlCacheBehavior [ RunTime:0.000558s ]
INFO: [ app_begin ] --END-- [ RunTime:0.000864s ]
SQL: SHOW COLUMNS FROM `jx_admin_role` [ RunTime:0.0201s ]
SQL: SELECT * FROM `jx_admin_role` WHERE ( admin_id=6 ) LIMIT 1   [ RunTime:0.0002s ]
SQL: SELECT * FROM `jx_rule`  [ RunTime:0.0003s ]
NOTIC: [8] Undefined index: model_name E:\xunizhuji\think\Application\Admin\Controller\CommonController.class.php 第 48 行.
NOTIC: [8] Undefined index: model_name E:\xunizhuji\think\Application\Admin\Controller\CommonController.class.php 第 48 行.
NOTIC: [8] Undefined index: model_name E:\xunizhuji\think\Application\Admin\Controller\CommonController.class.php 第 48 行.
NOTIC: [8] Undefined index: model_name E:\xunizhuji\think\Application\Admin\Controller\CommonController.class.php 第 48 行.
NOTIC: [8] Undefined index: model_name E:\xunizhuji\think\Application\Admin\Controller\CommonController.class.php 第 48 行.
NOTIC: [8] Undefined index: model_name E:\xunizhuji\think\Application\Admin\Controller\CommonController.class.php 第 48 行.
NOTIC: [8] Undefined index: model_name E:\xunizhuji\think\Application\Admin\Controller\CommonController.class.php 第 48 行.
NOTIC: [8] Undefined index: model_name E:\xunizhuji\think\Application\Admin\Controller\CommonController.class.php 第 48 行.
NOTIC: [8] Undefined index: model_name E:\xunizhuji\think\Application\Admin\Controller\CommonController.class.php 第 48 行.
NOTIC: [8] Undefined index: model_name E:\xunizhuji\think\Application\Admin\Controller\CommonController.class.php 第 48 行.
NOTIC: [8] Undefined index: model_name E:\xunizhuji\think\Application\Admin\Controller\CommonController.class.php 第 48 行.
NOTIC: [8] Undefined index: model_name E:\xunizhuji\think\Application\Admin\Controller\CommonController.class.php 第 48 行.
NOTIC: [8] Undefined index: model_name E:\xunizhuji\think\Application\Admin\Controller\CommonController.class.php 第 48 行.
NOTIC: [8] Undefined index: model_name E:\xunizhuji\think\Application\Admin\Controller\CommonController.class.php 第 48 行.
NOTIC: [8] Undefined index: model_name E:\xunizhuji\think\Application\Admin\Controller\CommonController.class.php 第 48 行.
NOTIC: [8] Undefined index: model_name E:\xunizhuji\think\Application\Admin\Controller\CommonController.class.php 第 48 行.
NOTIC: [8] Undefined index: model_name E:\xunizhuji\think\Application\Admin\Controller\CommonController.class.php 第 48 行.
NOTIC: [8] Undefined index: model_name E:\xunizhuji\think\Application\Admin\Controller\CommonController.class.php 第 48 行.
NOTIC: [8] Undefined index: model_name E:\xunizhuji\think\Application\Admin\Controller\CommonController.class.php 第 48 行.
NOTIC: [8] Undefined index: model_name E:\xunizhuji\think\Application\Admin\Controller\CommonController.class.php 第 48 行.
NOTIC: [8] Undefined index: model_name E:\xunizhuji\think\Application\Admin\Controller\CommonController.class.php 第 48 行.
NOTIC: [8] Undefined index: model_name E:\xunizhuji\think\Application\Admin\Controller\CommonController.class.php 第 48 行.
NOTIC: [8] Undefined index: model_name E:\xunizhuji\think\Application\Admin\Controller\CommonController.class.php 第 48 行.
NOTIC: [8] Undefined index: model_name E:\xunizhuji\think\Application\Admin\Controller\CommonController.class.php 第 48 行.
SQL: SELECT * FROM `jx_attribute` WHERE ( type_id=2 )  [ RunTime:0.0003s ]
INFO: [ view_parse ] --START--
INFO: [ template_filter ] --START--
INFO: Run Behavior\ContentReplaceBehavior [ RunTime:0.000063s ]
INFO: [ template_filter ] --END-- [ RunTime:0.000116s ]
INFO: Run Behavior\ParseTemplateBehavior [ RunTime:0.007800s ]
INFO: [ view_parse ] --END-- [ RunTime:0.007844s ]
INFO: [ view_filter ] --START--
INFO: Run Behavior\WriteHtmlCacheBehavior [ RunTime:0.000339s ]
INFO: [ view_filter ] --END-- [ RunTime:0.000385s ]
INFO: [ app_end ] --START--
INFO: Run Behavior\ShowPageTraceBehavior [ RunTime:0.000635s ]
INFO: [ app_end ] --END-- [ RunTime:0.000664s ]

[ 2017-12-23T09:44:00+08:00 ] 127.0.0.1 /Admin/Goods/add
ERR: 不存在的图像文件

[ 2017-12-23T09:44:07+08:00 ] 127.0.0.1 /Admin/Goods/add
ERR: 不存在的图像文件

[ 2017-12-23T09:55:44+08:00 ] 127.0.0.1 /Admin/Goods/add
ERR: 不存在的图像文件

[ 2017-12-23T10:06:28+08:00 ] 127.0.0.1 /Admin/Goods/add
ERR: 不存在的图像文件

[ 2017-12-23T10:07:28+08:00 ] 127.0.0.1 /Admin/Goods/add
ERR: 不存在的图像文件

[ 2017-12-23T10:07:59+08:00 ] 127.0.0.1 /Admin/Goods/add
ERR: 不存在的图像文件

[ 2017-12-23T10:10:43+08:00 ] 127.0.0.1 /Admin/Goods/add
ERR: 不存在的图像文件

[ 2017-12-23T10:54:37+08:00 ] 127.0.0.1 /Admin/Goods/delImg.html
INFO: [ app_begin ] --START--
INFO: Run Behavior\ReadHtmlCacheBehavior [ RunTime:0.000574s ]
INFO: [ app_begin ] --END-- [ RunTime:0.000916s ]
SQL: SHOW COLUMNS FROM `jx_admin_role` [ RunTime:0.0169s ]
SQL: SELECT * FROM `jx_admin_role` WHERE ( admin_id=6 ) LIMIT 1   [ RunTime:0.0001s ]
SQL: SELECT * FROM `jx_rule`  [ RunTime:0.0003s ]
NOTIC: [8] Undefined index: model_name E:\xunizhuji\think\Application\Admin\Controller\CommonController.class.php 第 48 行.
NOTIC: [8] Undefined index: model_name E:\xunizhuji\think\Application\Admin\Controller\CommonController.class.php 第 48 行.
NOTIC: [8] Undefined index: model_name E:\xunizhuji\think\Application\Admin\Controller\CommonController.class.php 第 48 行.
NOTIC: [8] Undefined index: model_name E:\xunizhuji\think\Application\Admin\Controller\CommonController.class.php 第 48 行.
NOTIC: [8] Undefined index: model_name E:\xunizhuji\think\Application\Admin\Controller\CommonController.class.php 第 48 行.
NOTIC: [8] Undefined index: model_name E:\xunizhuji\think\Application\Admin\Controller\CommonController.class.php 第 48 行.
NOTIC: [8] Undefined index: model_name E:\xunizhuji\think\Application\Admin\Controller\CommonController.class.php 第 48 行.
NOTIC: [8] Undefined index: model_name E:\xunizhuji\think\Application\Admin\Controller\CommonController.class.php 第 48 行.
NOTIC: [8] Undefined index: model_name E:\xunizhuji\think\Application\Admin\Controller\CommonController.class.php 第 48 行.
NOTIC: [8] Undefined index: model_name E:\xunizhuji\think\Application\Admin\Controller\CommonController.class.php 第 48 行.
NOTIC: [8] Undefined index: model_name E:\xunizhuji\think\Application\Admin\Controller\CommonController.class.php 第 48 行.
NOTIC: [8] Undefined index: model_name E:\xunizhuji\think\Application\Admin\Controller\CommonController.class.php 第 48 行.
NOTIC: [8] Undefined index: model_name E:\xunizhuji\think\Application\Admin\Controller\CommonController.class.php 第 48 行.
NOTIC: [8] Undefined index: model_name E:\xunizhuji\think\Application\Admin\Controller\CommonController.class.php 第 48 行.
NOTIC: [8] Undefined index: model_name E:\xunizhuji\think\Application\Admin\Controller\CommonController.class.php 第 48 行.
NOTIC: [8] Undefined index: model_name E:\xunizhuji\think\Application\Admin\Controller\CommonController.class.php 第 48 行.
NOTIC: [8] Undefined index: model_name E:\xunizhuji\think\Application\Admin\Controller\CommonController.class.php 第 48 行.
NOTIC: [8] Undefined index: model_name E:\xunizhuji\think\Application\Admin\Controller\CommonController.class.php 第 48 行.
NOTIC: [8] Undefined index: model_name E:\xunizhuji\think\Application\Admin\Controller\CommonController.class.php 第 48 行.
NOTIC: [8] Undefined index: model_name E:\xunizhuji\think\Application\Admin\Controller\CommonController.class.php 第 48 行.
NOTIC: [8] Undefined index: model_name E:\xunizhuji\think\Application\Admin\Controller\CommonController.class.php 第 48 行.
NOTIC: [8] Undefined index: model_name E:\xunizhuji\think\Application\Admin\Controller\CommonController.class.php 第 48 行.
NOTIC: [8] Undefined index: model_name E:\xunizhuji\think\Application\Admin\Controller\CommonController.class.php 第 48 行.
NOTIC: [8] Undefined index: model_name E:\xunizhuji\think\Application\Admin\Controller\CommonController.class.php 第 48 行.
SQL: SHOW COLUMNS FROM `jx_goods_img` [ RunTime:0.0143s ]
SQL: SELECT * FROM `jx_goods_img` WHERE ( id=5 ) LIMIT 1   [ RunTime:0.0004s ]
SQL: DELETE FROM `jx_goods_img` WHERE ( id=5 ) [ RunTime:0.0041s ]

[ 2017-12-23T11:44:02+08:00 ] 127.0.0.1 /Admin/Goods/setNumber
ERR: 1054:Unknown column 'attr_valeu' in 'field list'
 [ SQL语句 ] : SELECT a.*,b.attr_name,`type_id`,`attr_type`,`attr_input_type`,`attr_valeu` FROM jx_goods_attr a left join jx_attribute b on a.attr_id=b.id  WHERE ( a.goods_id=0 and b.attr_type=2 ) 

[ 2017-12-23T11:48:29+08:00 ] 127.0.0.1 /Admin/Goods/setNumber/goods_id/55.html
ERR: 1054:Unknown column 'attr_valeu' in 'field list'
 [ SQL语句 ] : SELECT a.*,b.attr_name,`type_id`,`attr_type`,`attr_input_type`,`attr_valeu` FROM jx_goods_attr a left join jx_attribute b on a.attr_id=b.id  WHERE ( a.goods_id=55 and b.attr_type=2 ) 

[ 2017-12-23T11:48:58+08:00 ] 127.0.0.1 /Admin/Goods/setNumber/goods_id/55.html
ERR: 1054:Unknown column 'attr_valeu' in 'field list'
 [ SQL语句 ] : SELECT a.*,b.attr_name,`type_id`,`attr_type`,`attr_input_type`,`attr_valeu` FROM jx_goods_attr a left join jx_attribute b on a.attr_id=b.id  WHERE ( a.goods_id=55 and b.attr_type=2 ) 

[ 2017-12-23T13:27:15+08:00 ] 127.0.0.1 /Admin/Goods/setNumber/goods_id/55.html
ERR: 1054:Unknown column 'attr_valeu' in 'field list'
 [ SQL语句 ] : SELECT a.*,b.attr_name,`type_id`,`attr_type`,`attr_input_type`,`attr_valeu` FROM jx_goods_attr a left join jx_attribute b on a.attr_id=b.id  WHERE ( a.goods_id=55 and b.attr_type=2 ) 

[ 2017-12-23T15:09:01+08:00 ] 127.0.0.1 /Admin/Goods/setNumber/goods_id/55.html
ERR: 1136:Column count doesn't match value count at row 1
 [ SQL语句 ] : INSERT INTO `jx_goods_number` (`goods_id`,`goods_number`) VALUES ('55'),('55')

[ 2017-12-23T15:10:10+08:00 ] 127.0.0.1 /Admin/Goods/setNumber/goods_id/55.html
ERR: 1136:Column count doesn't match value count at row 1
 [ SQL语句 ] : INSERT INTO `jx_goods_number` (`goods_id`,`goods_number`) VALUES ('55'),('55')

[ 2017-12-23T15:10:14+08:00 ] 127.0.0.1 /Admin/Goods/setNumber/goods_id/55.html
ERR: 1136:Column count doesn't match value count at row 1
 [ SQL语句 ] : INSERT INTO `jx_goods_number` (`goods_id`,`goods_number`) VALUES ('55'),('55')

[ 2017-12-23T15:10:32+08:00 ] 127.0.0.1 /Admin/Goods/setNumber/goods_id/55.html
ERR: 1136:Column count doesn't match value count at row 1
 [ SQL语句 ] : INSERT INTO `jx_goods_number` (`goods_id`,`goods_number`) VALUES ('55'),('55')

[ 2017-12-23T15:12:12+08:00 ] 127.0.0.1 /Admin/Goods/setNumber/goods_id/55.html
ERR: 1136:Column count doesn't match value count at row 1
 [ SQL语句 ] : INSERT INTO `jx_goods_number` (`goods_id`,`goods_number`,`goods_attr_ids`) VALUES ('55','150,152'),('55','150,152')

[ 2017-12-23T15:12:55+08:00 ] 127.0.0.1 /Admin/Goods/setNumber/goods_id/55.html
ERR: 1136:Column count doesn't match value count at row 1
 [ SQL语句 ] : INSERT INTO `jx_goods_number` (`goods_id`,`goods_number`,`goods_attr_ids`) VALUES ('55','150,152'),('55','150,152')

[ 2017-12-23T15:13:03+08:00 ] 127.0.0.1 /Admin/Goods/setNumber/goods_id/55.html
ERR: 1136:Column count doesn't match value count at row 1
 [ SQL语句 ] : INSERT INTO `jx_goods_number` (`goods_id`,`goods_number`,`goods_attr_ids`) VALUES ('55','150,152'),('55','150,152')

[ 2017-12-23T15:13:57+08:00 ] 127.0.0.1 /Admin/Goods/setNumber/goods_id/55.html
ERR: 1136:Column count doesn't match value count at row 1
 [ SQL语句 ] : INSERT INTO `jx_goods_number` (`goods_id`,`goods_number`,`goods_attr_ids`) VALUES ('55','150,152'),('55','150,152')

[ 2017-12-23T15:46:54+08:00 ] 127.0.0.1 /Admin/Goods/setNumber/goods_id/55.html
ERR: 1146:Table 'jxshop.jx_goods_numner' doesn't exist
 [ SQL语句 ] : SHOW COLUMNS FROM `jx_goods_numner`

[ 2017-12-23T16:34:02+08:00 ] 127.0.0.1 /Admin/Goods/showAttr.html
INFO: [ app_begin ] --START--
INFO: Run Behavior\ReadHtmlCacheBehavior [ RunTime:0.000618s ]
INFO: [ app_begin ] --END-- [ RunTime:0.000995s ]
SQL: SHOW COLUMNS FROM `jx_admin_role` [ RunTime:0.0207s ]
SQL: SELECT * FROM `jx_admin_role` WHERE ( admin_id=6 ) LIMIT 1   [ RunTime:0.0002s ]
SQL: SELECT * FROM `jx_rule`  [ RunTime:0.0003s ]
NOTIC: [8] Undefined index: model_name E:\xunizhuji\think\Application\Admin\Controller\CommonController.class.php 第 48 行.
NOTIC: [8] Undefined index: model_name E:\xunizhuji\think\Application\Admin\Controller\CommonController.class.php 第 48 行.
NOTIC: [8] Undefined index: model_name E:\xunizhuji\think\Application\Admin\Controller\CommonController.class.php 第 48 行.
NOTIC: [8] Undefined index: model_name E:\xunizhuji\think\Application\Admin\Controller\CommonController.class.php 第 48 行.
NOTIC: [8] Undefined index: model_name E:\xunizhuji\think\Application\Admin\Controller\CommonController.class.php 第 48 行.
NOTIC: [8] Undefined index: model_name E:\xunizhuji\think\Application\Admin\Controller\CommonController.class.php 第 48 行.
NOTIC: [8] Undefined index: model_name E:\xunizhuji\think\Application\Admin\Controller\CommonController.class.php 第 48 行.
NOTIC: [8] Undefined index: model_name E:\xunizhuji\think\Application\Admin\Controller\CommonController.class.php 第 48 行.
NOTIC: [8] Undefined index: model_name E:\xunizhuji\think\Application\Admin\Controller\CommonController.class.php 第 48 行.
NOTIC: [8] Undefined index: model_name E:\xunizhuji\think\Application\Admin\Controller\CommonController.class.php 第 48 行.
NOTIC: [8] Undefined index: model_name E:\xunizhuji\think\Application\Admin\Controller\CommonController.class.php 第 48 行.
NOTIC: [8] Undefined index: model_name E:\xunizhuji\think\Application\Admin\Controller\CommonController.class.php 第 48 行.
NOTIC: [8] Undefined index: model_name E:\xunizhuji\think\Application\Admin\Controller\CommonController.class.php 第 48 行.
NOTIC: [8] Undefined index: model_name E:\xunizhuji\think\Application\Admin\Controller\CommonController.class.php 第 48 行.
NOTIC: [8] Undefined index: model_name E:\xunizhuji\think\Application\Admin\Controller\CommonController.class.php 第 48 行.
NOTIC: [8] Undefined index: model_name E:\xunizhuji\think\Application\Admin\Controller\CommonController.class.php 第 48 行.
NOTIC: [8] Undefined index: model_name E:\xunizhuji\think\Application\Admin\Controller\CommonController.class.php 第 48 行.
NOTIC: [8] Undefined index: model_name E:\xunizhuji\think\Application\Admin\Controller\CommonController.class.php 第 48 行.
NOTIC: [8] Undefined index: model_name E:\xunizhuji\think\Application\Admin\Controller\CommonController.class.php 第 48 行.
NOTIC: [8] Undefined index: model_name E:\xunizhuji\think\Application\Admin\Controller\CommonController.class.php 第 48 行.
NOTIC: [8] Undefined index: model_name E:\xunizhuji\think\Application\Admin\Controller\CommonController.class.php 第 48 行.
NOTIC: [8] Undefined index: model_name E:\xunizhuji\think\Application\Admin\Controller\CommonController.class.php 第 48 行.
NOTIC: [8] Undefined index: model_name E:\xunizhuji\think\Application\Admin\Controller\CommonController.class.php 第 48 行.
NOTIC: [8] Undefined index: model_name E:\xunizhuji\think\Application\Admin\Controller\CommonController.class.php 第 48 行.

[ 2017-12-23T16:34:03+08:00 ] 127.0.0.1 /Admin/Goods/showAttr.html
INFO: [ app_begin ] --START--
INFO: Run Behavior\ReadHtmlCacheBehavior [ RunTime:0.000582s ]
INFO: [ app_begin ] --END-- [ RunTime:0.000904s ]
SQL: SHOW COLUMNS FROM `jx_admin_role` [ RunTime:0.0222s ]
SQL: SELECT * FROM `jx_admin_role` WHERE ( admin_id=6 ) LIMIT 1   [ RunTime:0.0002s ]
SQL: SELECT * FROM `jx_rule`  [ RunTime:0.0003s ]
NOTIC: [8] Undefined index: model_name E:\xunizhuji\think\Application\Admin\Controller\CommonController.class.php 第 48 行.
NOTIC: [8] Undefined index: model_name E:\xunizhuji\think\Application\Admin\Controller\CommonController.class.php 第 48 行.
NOTIC: [8] Undefined index: model_name E:\xunizhuji\think\Application\Admin\Controller\CommonController.class.php 第 48 行.
NOTIC: [8] Undefined index: model_name E:\xunizhuji\think\Application\Admin\Controller\CommonController.class.php 第 48 行.
NOTIC: [8] Undefined index: model_name E:\xunizhuji\think\Application\Admin\Controller\CommonController.class.php 第 48 行.
NOTIC: [8] Undefined index: model_name E:\xunizhuji\think\Application\Admin\Controller\CommonController.class.php 第 48 行.
NOTIC: [8] Undefined index: model_name E:\xunizhuji\think\Application\Admin\Controller\CommonController.class.php 第 48 行.
NOTIC: [8] Undefined index: model_name E:\xunizhuji\think\Application\Admin\Controller\CommonController.class.php 第 48 行.
NOTIC: [8] Undefined index: model_name E:\xunizhuji\think\Application\Admin\Controller\CommonController.class.php 第 48 行.
NOTIC: [8] Undefined index: model_name E:\xunizhuji\think\Application\Admin\Controller\CommonController.class.php 第 48 行.
NOTIC: [8] Undefined index: model_name E:\xunizhuji\think\Application\Admin\Controller\CommonController.class.php 第 48 行.
NOTIC: [8] Undefined index: model_name E:\xunizhuji\think\Application\Admin\Controller\CommonController.class.php 第 48 行.
NOTIC: [8] Undefined index: model_name E:\xunizhuji\think\Application\Admin\Controller\CommonController.class.php 第 48 行.
NOTIC: [8] Undefined index: model_name E:\xunizhuji\think\Application\Admin\Controller\CommonController.class.php 第 48 行.
NOTIC: [8] Undefined index: model_name E:\xunizhuji\think\Application\Admin\Controller\CommonController.class.php 第 48 行.
NOTIC: [8] Undefined index: model_name E:\xunizhuji\think\Application\Admin\Controller\CommonController.class.php 第 48 行.
NOTIC: [8] Undefined index: model_name E:\xunizhuji\think\Application\Admin\Controller\CommonController.class.php 第 48 行.
NOTIC: [8] Undefined index: model_name E:\xunizhuji\think\Application\Admin\Controller\CommonController.class.php 第 48 行.
NOTIC: [8] Undefined index: model_name E:\xunizhuji\think\Application\Admin\Controller\CommonController.class.php 第 48 行.
NOTIC: [8] Undefined index: model_name E:\xunizhuji\think\Application\Admin\Controller\CommonController.class.php 第 48 行.
NOTIC: [8] Undefined index: model_name E:\xunizhuji\think\Application\Admin\Controller\CommonController.class.php 第 48 行.
NOTIC: [8] Undefined index: model_name E:\xunizhuji\think\Application\Admin\Controller\CommonController.class.php 第 48 行.
NOTIC: [8] Undefined index: model_name E:\xunizhuji\think\Application\Admin\Controller\CommonController.class.php 第 48 行.
NOTIC: [8] Undefined index: model_name E:\xunizhuji\think\Application\Admin\Controller\CommonController.class.php 第 48 行.
SQL: SELECT * FROM `jx_attribute` WHERE ( type_id=2 )  [ RunTime:0.0002s ]
INFO: [ view_parse ] --START--
INFO: [ template_filter ] --START--
INFO: Run Behavior\ContentReplaceBehavior [ RunTime:0.000040s ]
INFO: [ template_filter ] --END-- [ RunTime:0.000077s ]
INFO: Run Behavior\ParseTemplateBehavior [ RunTime:0.033968s ]
INFO: [ view_parse ] --END-- [ RunTime:0.034025s ]
INFO: [ view_filter ] --START--
INFO: Run Behavior\WriteHtmlCacheBehavior [ RunTime:0.000435s ]
INFO: [ view_filter ] --END-- [ RunTime:0.000472s ]
INFO: [ app_end ] --START--
INFO: Run Behavior\ShowPageTraceBehavior [ RunTime:0.000826s ]
INFO: [ app_end ] --END-- [ RunTime:0.000873s ]

[ 2017-12-23T16:34:05+08:00 ] 127.0.0.1 /Admin/Goods/showAttr.html
INFO: [ app_begin ] --START--
INFO: Run Behavior\ReadHtmlCacheBehavior [ RunTime:0.000651s ]
INFO: [ app_begin ] --END-- [ RunTime:0.000994s ]
SQL: SHOW COLUMNS FROM `jx_admin_role` [ RunTime:0.0194s ]
SQL: SELECT * FROM `jx_admin_role` WHERE ( admin_id=6 ) LIMIT 1   [ RunTime:0.0002s ]
SQL: SELECT * FROM `jx_rule`  [ RunTime:0.0003s ]
NOTIC: [8] Undefined index: model_name E:\xunizhuji\think\Application\Admin\Controller\CommonController.class.php 第 48 行.
NOTIC: [8] Undefined index: model_name E:\xunizhuji\think\Application\Admin\Controller\CommonController.class.php 第 48 行.
NOTIC: [8] Undefined index: model_name E:\xunizhuji\think\Application\Admin\Controller\CommonController.class.php 第 48 行.
NOTIC: [8] Undefined index: model_name E:\xunizhuji\think\Application\Admin\Controller\CommonController.class.php 第 48 行.
NOTIC: [8] Undefined index: model_name E:\xunizhuji\think\Application\Admin\Controller\CommonController.class.php 第 48 行.
NOTIC: [8] Undefined index: model_name E:\xunizhuji\think\Application\Admin\Controller\CommonController.class.php 第 48 行.
NOTIC: [8] Undefined index: model_name E:\xunizhuji\think\Application\Admin\Controller\CommonController.class.php 第 48 行.
NOTIC: [8] Undefined index: model_name E:\xunizhuji\think\Application\Admin\Controller\CommonController.class.php 第 48 行.
NOTIC: [8] Undefined index: model_name E:\xunizhuji\think\Application\Admin\Controller\CommonController.class.php 第 48 行.
NOTIC: [8] Undefined index: model_name E:\xunizhuji\think\Application\Admin\Controller\CommonController.class.php 第 48 行.
NOTIC: [8] Undefined index: model_name E:\xunizhuji\think\Application\Admin\Controller\CommonController.class.php 第 48 行.
NOTIC: [8] Undefined index: model_name E:\xunizhuji\think\Application\Admin\Controller\CommonController.class.php 第 48 行.
NOTIC: [8] Undefined index: model_name E:\xunizhuji\think\Application\Admin\Controller\CommonController.class.php 第 48 行.
NOTIC: [8] Undefined index: model_name E:\xunizhuji\think\Application\Admin\Controller\CommonController.class.php 第 48 行.
NOTIC: [8] Undefined index: model_name E:\xunizhuji\think\Application\Admin\Controller\CommonController.class.php 第 48 行.
NOTIC: [8] Undefined index: model_name E:\xunizhuji\think\Application\Admin\Controller\CommonController.class.php 第 48 行.
NOTIC: [8] Undefined index: model_name E:\xunizhuji\think\Application\Admin\Controller\CommonController.class.php 第 48 行.
NOTIC: [8] Undefined index: model_name E:\xunizhuji\think\Application\Admin\Controller\CommonController.class.php 第 48 行.
NOTIC: [8] Undefined index: model_name E:\xunizhuji\think\Application\Admin\Controller\CommonController.class.php 第 48 行.
NOTIC: [8] Undefined index: model_name E:\xunizhuji\think\Application\Admin\Controller\CommonController.class.php 第 48 行.
NOTIC: [8] Undefined index: model_name E:\xunizhuji\think\Application\Admin\Controller\CommonController.class.php 第 48 行.
NOTIC: [8] Undefined index: model_name E:\xunizhuji\think\Application\Admin\Controller\CommonController.class.php 第 48 行.
NOTIC: [8] Undefined index: model_name E:\xunizhuji\think\Application\Admin\Controller\CommonController.class.php 第 48 行.
NOTIC: [8] Undefined index: model_name E:\xunizhuji\think\Application\Admin\Controller\CommonController.class.php 第 48 行.
SQL: SELECT * FROM `jx_attribute` WHERE ( type_id=3 )  [ RunTime:0.0002s ]
INFO: [ view_parse ] --START--
INFO: [ template_filter ] --START--
INFO: Run Behavior\ContentReplaceBehavior [ RunTime:0.000061s ]
INFO: [ template_filter ] --END-- [ RunTime:0.000099s ]
INFO: Run Behavior\ParseTemplateBehavior [ RunTime:0.008363s ]
INFO: [ view_parse ] --END-- [ RunTime:0.008428s ]
INFO: [ view_filter ] --START--
INFO: Run Behavior\WriteHtmlCacheBehavior [ RunTime:0.000299s ]
INFO: [ view_filter ] --END-- [ RunTime:0.000324s ]
INFO: [ app_end ] --START--
INFO: Run Behavior\ShowPageTraceBehavior [ RunTime:0.000693s ]
INFO: [ app_end ] --END-- [ RunTime:0.000732s ]

[ 2017-12-23T16:34:06+08:00 ] 127.0.0.1 /Admin/Goods/showAttr.html
INFO: [ app_begin ] --START--
INFO: Run Behavior\ReadHtmlCacheBehavior [ RunTime:0.000625s ]
INFO: [ app_begin ] --END-- [ RunTime:0.000999s ]
SQL: SHOW COLUMNS FROM `jx_admin_role` [ RunTime:0.0201s ]
SQL: SELECT * FROM `jx_admin_role` WHERE ( admin_id=6 ) LIMIT 1   [ RunTime:0.0001s ]
SQL: SELECT * FROM `jx_rule`  [ RunTime:0.0003s ]
NOTIC: [8] Undefined index: model_name E:\xunizhuji\think\Application\Admin\Controller\CommonController.class.php 第 48 行.
NOTIC: [8] Undefined index: model_name E:\xunizhuji\think\Application\Admin\Controller\CommonController.class.php 第 48 行.
NOTIC: [8] Undefined index: model_name E:\xunizhuji\think\Application\Admin\Controller\CommonController.class.php 第 48 行.
NOTIC: [8] Undefined index: model_name E:\xunizhuji\think\Application\Admin\Controller\CommonController.class.php 第 48 行.
NOTIC: [8] Undefined index: model_name E:\xunizhuji\think\Application\Admin\Controller\CommonController.class.php 第 48 行.
NOTIC: [8] Undefined index: model_name E:\xunizhuji\think\Application\Admin\Controller\CommonController.class.php 第 48 行.
NOTIC: [8] Undefined index: model_name E:\xunizhuji\think\Application\Admin\Controller\CommonController.class.php 第 48 行.
NOTIC: [8] Undefined index: model_name E:\xunizhuji\think\Application\Admin\Controller\CommonController.class.php 第 48 行.
NOTIC: [8] Undefined index: model_name E:\xunizhuji\think\Application\Admin\Controller\CommonController.class.php 第 48 行.
NOTIC: [8] Undefined index: model_name E:\xunizhuji\think\Application\Admin\Controller\CommonController.class.php 第 48 行.
NOTIC: [8] Undefined index: model_name E:\xunizhuji\think\Application\Admin\Controller\CommonController.class.php 第 48 行.
NOTIC: [8] Undefined index: model_name E:\xunizhuji\think\Application\Admin\Controller\CommonController.class.php 第 48 行.
NOTIC: [8] Undefined index: model_name E:\xunizhuji\think\Application\Admin\Controller\CommonController.class.php 第 48 行.
NOTIC: [8] Undefined index: model_name E:\xunizhuji\think\Application\Admin\Controller\CommonController.class.php 第 48 行.
NOTIC: [8] Undefined index: model_name E:\xunizhuji\think\Application\Admin\Controller\CommonController.class.php 第 48 行.
NOTIC: [8] Undefined index: model_name E:\xunizhuji\think\Application\Admin\Controller\CommonController.class.php 第 48 行.
NOTIC: [8] Undefined index: model_name E:\xunizhuji\think\Application\Admin\Controller\CommonController.class.php 第 48 行.
NOTIC: [8] Undefined index: model_name E:\xunizhuji\think\Application\Admin\Controller\CommonController.class.php 第 48 行.
NOTIC: [8] Undefined index: model_name E:\xunizhuji\think\Application\Admin\Controller\CommonController.class.php 第 48 行.
NOTIC: [8] Undefined index: model_name E:\xunizhuji\think\Application\Admin\Controller\CommonController.class.php 第 48 行.
NOTIC: [8] Undefined index: model_name E:\xunizhuji\think\Application\Admin\Controller\CommonController.class.php 第 48 行.
NOTIC: [8] Undefined index: model_name E:\xunizhuji\think\Application\Admin\Controller\CommonController.class.php 第 48 行.
NOTIC: [8] Undefined index: model_name E:\xunizhuji\think\Application\Admin\Controller\CommonController.class.php 第 48 行.
NOTIC: [8] Undefined index: model_name E:\xunizhuji\think\Application\Admin\Controller\CommonController.class.php 第 48 行.
SQL: SELECT * FROM `jx_attribute` WHERE ( type_id=4 )  [ RunTime:0.0003s ]
INFO: [ view_parse ] --START--
INFO: [ template_filter ] --START--
INFO: Run Behavior\ContentReplaceBehavior [ RunTime:0.000041s ]
INFO: [ template_filter ] --END-- [ RunTime:0.000078s ]
INFO: Run Behavior\ParseTemplateBehavior [ RunTime:0.008706s ]
INFO: [ view_parse ] --END-- [ RunTime:0.008753s ]
INFO: [ view_filter ] --START--
INFO: Run Behavior\WriteHtmlCacheBehavior [ RunTime:0.000377s ]
INFO: [ view_filter ] --END-- [ RunTime:0.000402s ]
INFO: [ app_end ] --START--
INFO: Run Behavior\ShowPageTraceBehavior [ RunTime:0.000553s ]
INFO: [ app_end ] --END-- [ RunTime:0.000581s ]

